Using pre-set license
Built from '6000.0/respin/6000.0.59f1-063c55f2fd0f' branch; Version is '6000.0.59f2 (ef281c76c3c1) revision 15673372'; Using compiler version '193933523'; Build Type 'Release'
OS: 'Windows 11  (10.0.26200) 64bit Professional' Language: 'uk' Physical Memory: 16307 MB
BatchMode: 1, IsHumanControllingUs: 0, StartBugReporterOnCrash: 0, Is64bit: 1
Date: 2025-11-14T17:51:53Z

COMMAND LINE ARGUMENTS:
C:\Program Files\Unity\Hub\Editor\6000.0.59f2\Editor\Unity.exe
-adb2
-batchMode
-noUpm
-name
AssetImportWorker1
-projectPath
C:/Users/Misha/Downloads/2D-Platformer-Unity-main/2D-Platformer-Unity-main
-logFile
Logs/AssetImportWorker1.log
-srvPort
63009
-job-worker-count
5
-background-job-worker-count
8
-gc-helper-count
1
-name
AssetImport
Successfully changed project path to: C:/Users/Misha/Downloads/2D-Platformer-Unity-main/2D-Platformer-Unity-main
C:/Users/Misha/Downloads/2D-Platformer-Unity-main/2D-Platformer-Unity-main
[UnityMemory] Configuration Parameters - Can be set up in boot.config
    "memorysetup-bucket-allocator-granularity=16"
    "memorysetup-bucket-allocator-bucket-count=8"
    "memorysetup-bucket-allocator-block-size=33554432"
    "memorysetup-bucket-allocator-block-count=8"
    "memorysetup-main-allocator-block-size=16777216"
    "memorysetup-thread-allocator-block-size=16777216"
    "memorysetup-gfx-main-allocator-block-size=16777216"
    "memorysetup-gfx-thread-allocator-block-size=16777216"
    "memorysetup-cache-allocator-block-size=4194304"
    "memorysetup-typetree-allocator-block-size=2097152"
    "memorysetup-profiler-bucket-allocator-granularity=16"
    "memorysetup-profiler-bucket-allocator-bucket-count=8"
    "memorysetup-profiler-bucket-allocator-block-size=33554432"
    "memorysetup-profiler-bucket-allocator-block-count=8"
    "memorysetup-profiler-allocator-block-size=16777216"
    "memorysetup-profiler-editor-allocator-block-size=1048576"
    "memorysetup-temp-allocator-size-main=16777216"
    "memorysetup-job-temp-allocator-block-size=2097152"
    "memorysetup-job-temp-allocator-block-size-background=1048576"
    "memorysetup-job-temp-allocator-reduction-small-platforms=262144"
    "memorysetup-allocator-temp-initial-block-size-main=262144"
    "memorysetup-allocator-temp-initial-block-size-worker=262144"
    "memorysetup-temp-allocator-size-background-worker=32768"
    "memorysetup-temp-allocator-size-job-worker=262144"
    "memorysetup-temp-allocator-size-preload-manager=33554432"
    "memorysetup-temp-allocator-size-nav-mesh-worker=65536"
    "memorysetup-temp-allocator-size-audio-worker=65536"
    "memorysetup-temp-allocator-size-cloud-worker=32768"
    "memorysetup-temp-allocator-size-gi-baking-worker=262144"
    "memorysetup-temp-allocator-size-gi-baking-worker=262144"
    "memorysetup-temp-allocator-size-gi-baking-worker=262144"
    "memorysetup-temp-allocator-size-gi-baking-worker=262144"
    "memorysetup-temp-allocator-size-gi-baking-worker=262144"
    "memorysetup-temp-allocator-size-gfx=262144"
Player connection [11692]  Target information:

Player connection [11692]  * "[IP] 192.168.50.43 [Port] 0 [Flags] 2 [Guid] 1617678011 [EditorId] 1617678011 [Version] 1048832 [Id] WindowsEditor(7,Reiz) [Debug] 1 [PackageName] WindowsEditor [ProjectName] Editor" 

Player connection [11692]  * "[IP] 26.197.113.77 [Port] 0 [Flags] 2 [Guid] 1617678011 [EditorId] 1617678011 [Version] 1048832 [Id] WindowsEditor(7,Reiz) [Debug] 1 [PackageName] WindowsEditor [ProjectName] Editor" 

Player connection [11692] Host joined multi-casting on [225.0.0.222:54997]...
Player connection [11692] Host joined alternative multi-casting on [225.0.0.222:34997]...
JobSystem: Creating JobQueue using job-worker-count value 5
Input System module state changed to: Initialized.
[Physics::Module] Initialized fallback backend.
[Physics::Module] Id: 0xdecafbad
Library Redirect Path: Library/
[Physics::Module] Selected backend.
[Physics::Module] Name: PhysX
[Physics::Module] Id: 0xf2b8ea05
[Physics::Module] SDK Version: 4.1.2
[Physics::Module] Integration Version: 1.0.0
[Physics::Module] Threading Mode: Multi-Threaded
Refreshing native plugins compatible for Editor in 3.20 ms, found 4 plugins.
Preloading 0 native plugins for Editor in 0.00 ms.
Initialize engine version: 6000.0.59f2 (ef281c76c3c1)
[Subsystems] Discovering subsystems at path C:/Program Files/Unity/Hub/Editor/6000.0.59f2/Editor/Data/Resources/UnitySubsystems
[Subsystems] Discovering subsystems at path C:/Users/Misha/Downloads/2D-Platformer-Unity-main/2D-Platformer-Unity-main/Assets
GfxDevice: creating device client; kGfxThreadingModeNonThreaded
Direct3D:
    Version:  Direct3D 11.0 [level 11.1]
    Renderer: NVIDIA GeForce GTX 1060 6GB (ID=0x1c03)
    Vendor:   NVIDIA
    VRAM:     6031 MB
    Driver:   32.0.15.8157
Initialize mono
Mono path[0] = 'C:/Program Files/Unity/Hub/Editor/6000.0.59f2/Editor/Data/Managed'
Mono path[1] = 'C:/Program Files/Unity/Hub/Editor/6000.0.59f2/Editor/Data/MonoBleedingEdge/lib/mono/unityjit-win32'
Mono config path = 'C:/Program Files/Unity/Hub/Editor/6000.0.59f2/Editor/Data/MonoBleedingEdge/etc'
Using monoOptions --debugger-agent=transport=dt_socket,embedding=1,server=y,suspend=n,address=127.0.0.1:56264
Begin MonoManager ReloadAssembly
Registering precompiled unity dll's ...
Register platform support module: C:/Program Files/Unity/Hub/Editor/6000.0.59f2/Editor/Data/PlaybackEngines/WindowsStandaloneSupport/UnityEditor.WindowsStandalone.Extensions.dll
Registered in 0.003370 seconds.
- Loaded All Assemblies, in  0.338 seconds
Native extension for WindowsStandalone target not found
Mono: successfully reloaded assembly
- Finished resetting the current domain, in  0.286 seconds
Domain Reload Profiling: 620ms
	BeginReloadAssembly (115ms)
		ExecutionOrderSort (0ms)
		DisableScriptedObjects (0ms)
		BackupInstance (0ms)
		ReleaseScriptingObjects (0ms)
		CreateAndSetChildDomain (1ms)
	RebuildCommonClasses (35ms)
	RebuildNativeTypeToScriptingClass (11ms)
	initialDomainReloadingComplete (47ms)
	LoadAllAssembliesAndSetupDomain (126ms)
		LoadAssemblies (111ms)
		RebuildTransferFunctionScriptingTraits (0ms)
		AnalyzeDomain (123ms)
			TypeCache.Refresh (121ms)
				TypeCache.ScanAssembly (111ms)
			BuildScriptInfoCaches (0ms)
			ResolveRequiredComponents (1ms)
	FinalizeReload (286ms)
		ReleaseScriptCaches (0ms)
		RebuildScriptCaches (0ms)
		SetupLoadedEditorAssemblies (248ms)
			LogAssemblyErrors (0ms)
			InitializePlatformSupportModulesInManaged (21ms)
			SetLoadedEditorAssemblies (3ms)
			BeforeProcessingInitializeOnLoad (51ms)
			ProcessInitializeOnLoadAttributes (130ms)
			ProcessInitializeOnLoadMethodAttributes (43ms)
			AfterProcessingInitializeOnLoad (0ms)
			EditorAssembliesLoaded (0ms)
		ExecutionOrderSort2 (0ms)
		AwakeInstancesAfterBackupRestoration (0ms)
========================================================================
Worker process is ready to serve import requests
Import Worker Mode flag is 0x00
Begin MonoManager ReloadAssembly
- Loaded All Assemblies, in  0.749 seconds
Refreshing native plugins compatible for Editor in 1.78 ms, found 4 plugins.
Native extension for WindowsStandalone target not found
Package Manager log level set to [2]
[Package Manager] Failed to launch server process. Reason: Unity was launched with the -noUpm command-line argument
[Package Manager] Unable to send message (not connected to server process).
[Package Manager] Cannot connect to Unity Package Manager local server
The project currently uses the compatibility mode where the Render Graph API is disabled. Support for this mode will be removed in future Unity versions. Migrate existing ScriptableRenderPasses to the new RenderGraph API. After the migration, disable the compatibility mode in Edit > Projects Settings > Graphics > Render Graph.
UnityEngine.Debug:ExtractStackTraceNoAlloc (byte*,int,string)
UnityEngine.StackTraceUtility:ExtractStackTrace ()
UnityEngine.DebugLogHandler:Internal_Log (UnityEngine.LogType,UnityEngine.LogOption,string,UnityEngine.Object)
UnityEngine.DebugLogHandler:LogFormat (UnityEngine.LogType,UnityEngine.Object,string,object[])
UnityEngine.Logger:Log (UnityEngine.LogType,object)
UnityEngine.Debug:LogWarning (object)
UnityEngine.Rendering.Universal.WarnUsingNonRenderGraph:EmitConsoleWarning () (at ./Library/PackageCache/com.unity.render-pipelines.universal@2a2241f53fcd/Runtime/Data/UniversalRenderPipelineAsset.cs:427)
System.Reflection.RuntimeMethodInfo:Invoke (object,System.Reflection.BindingFlags,System.Reflection.Binder,object[],System.Globalization.CultureInfo)
System.Reflection.MethodBase:Invoke (object,object[])
UnityEditor.EditorAssemblies:ProcessInitializeOnLoadMethodAttributes ()

(Filename: ./Library/PackageCache/com.unity.render-pipelines.universal@2a2241f53fcd/Runtime/Data/UniversalRenderPipelineAsset.cs Line: 427)

Mono: successfully reloaded assembly
- Finished resetting the current domain, in  0.660 seconds
Domain Reload Profiling: 1400ms
	BeginReloadAssembly (163ms)
		ExecutionOrderSort (0ms)
		DisableScriptedObjects (7ms)
		BackupInstance (0ms)
		ReleaseScriptingObjects (0ms)
		CreateAndSetChildDomain (27ms)
	RebuildCommonClasses (33ms)
	RebuildNativeTypeToScriptingClass (10ms)
	initialDomainReloadingComplete (38ms)
	LoadAllAssembliesAndSetupDomain (496ms)
		LoadAssemblies (352ms)
		RebuildTransferFunctionScriptingTraits (0ms)
		AnalyzeDomain (233ms)
			TypeCache.Refresh (163ms)
				TypeCache.ScanAssembly (151ms)
			BuildScriptInfoCaches (57ms)
			ResolveRequiredComponents (10ms)
	FinalizeReload (661ms)
		ReleaseScriptCaches (0ms)
		RebuildScriptCaches (0ms)
		SetupLoadedEditorAssemblies (527ms)
			LogAssemblyErrors (0ms)
			InitializePlatformSupportModulesInManaged (2ms)
			SetLoadedEditorAssemblies (4ms)
			BeforeProcessingInitializeOnLoad (117ms)
			ProcessInitializeOnLoadAttributes (298ms)
			ProcessInitializeOnLoadMethodAttributes (99ms)
			AfterProcessingInitializeOnLoad (6ms)
			EditorAssembliesLoaded (0ms)
		ExecutionOrderSort2 (0ms)
		AwakeInstancesAfterBackupRestoration (5ms)
Launched and connected shader compiler UnityShaderCompiler.exe after 0.01 seconds
Refreshing native plugins compatible for Editor in 2.55 ms, found 4 plugins.
Preloading 0 native plugins for Editor in 0.00 ms.
Unloading 14 Unused Serialized files (Serialized files now loaded: 0)
Unloading 6448 unused Assets / (4.5 MB). Loaded Objects now: 7148.
Memory consumption went from 142.0 MB to 137.6 MB.
Total: 7.784100 ms (FindLiveObjects: 1.176100 ms CreateObjectMapping: 0.746000 ms MarkObjects: 3.898000 ms  DeleteObjects: 1.963200 ms)

========================================================================
Received Import Request.
  Time since last request: 164266.371198 seconds.
  path: Assets/DefaultVolumeProfile.asset
  artifactKey: Guid(a94f7ea417186624a8c5fb674caa80a5) Importer(815301076,1909f56bfc062723c751e8b465ee728b)
Start importing Assets/DefaultVolumeProfile.asset using Guid(a94f7ea417186624a8c5fb674caa80a5) Importer(815301076,1909f56bfc062723c751e8b465ee728b) (PreviewImporter) -> (artifact id: 'dac52da684b591921a902b92f460bb0f') in 0.0160995 seconds
Number of updated asset objects reloaded before import = 0Number of asset objects unloaded after import = 0

========================================================================
Received Prepare
Begin MonoManager ReloadAssembly
- Loaded All Assemblies, in  0.733 seconds
Refreshing native plugins compatible for Editor in 2.70 ms, found 4 plugins.
Native extension for WindowsStandalone target not found
[Package Manager] Failed to launch server process. Reason: Unity was launched with the -noUpm command-line argument
[Package Manager] Unable to send message (not connected to server process).
[Package Manager] Cannot connect to Unity Package Manager local server
The project currently uses the compatibility mode where the Render Graph API is disabled. Support for this mode will be removed in future Unity versions. Migrate existing ScriptableRenderPasses to the new RenderGraph API. After the migration, disable the compatibility mode in Edit > Projects Settings > Graphics > Render Graph.
UnityEngine.Debug:ExtractStackTraceNoAlloc (byte*,int,string)
UnityEngine.StackTraceUtility:ExtractStackTrace ()
UnityEngine.DebugLogHandler:Internal_Log (UnityEngine.LogType,UnityEngine.LogOption,string,UnityEngine.Object)
UnityEngine.DebugLogHandler:LogFormat (UnityEngine.LogType,UnityEngine.Object,string,object[])
UnityEngine.Logger:Log (UnityEngine.LogType,object)
UnityEngine.Debug:LogWarning (object)
UnityEngine.Rendering.Universal.WarnUsingNonRenderGraph:EmitConsoleWarning () (at ./Library/PackageCache/com.unity.render-pipelines.universal@2a2241f53fcd/Runtime/Data/UniversalRenderPipelineAsset.cs:427)
System.Reflection.RuntimeMethodInfo:Invoke (object,System.Reflection.BindingFlags,System.Reflection.Binder,object[],System.Globalization.CultureInfo)
System.Reflection.MethodBase:Invoke (object,object[])
UnityEditor.EditorAssemblies:ProcessInitializeOnLoadMethodAttributes ()

(Filename: ./Library/PackageCache/com.unity.render-pipelines.universal@2a2241f53fcd/Runtime/Data/UniversalRenderPipelineAsset.cs Line: 427)

Mono: successfully reloaded assembly
- Finished resetting the current domain, in  0.683 seconds
Domain Reload Profiling: 1413ms
	BeginReloadAssembly (203ms)
		ExecutionOrderSort (0ms)
		DisableScriptedObjects (12ms)
		BackupInstance (0ms)
		ReleaseScriptingObjects (0ms)
		CreateAndSetChildDomain (44ms)
	RebuildCommonClasses (37ms)
	RebuildNativeTypeToScriptingClass (12ms)
	initialDomainReloadingComplete (30ms)
	LoadAllAssembliesAndSetupDomain (446ms)
		LoadAssemblies (353ms)
		RebuildTransferFunctionScriptingTraits (0ms)
		AnalyzeDomain (185ms)
			TypeCache.Refresh (7ms)
				TypeCache.ScanAssembly (0ms)
			BuildScriptInfoCaches (164ms)
			ResolveRequiredComponents (10ms)
	FinalizeReload (684ms)
		ReleaseScriptCaches (0ms)
		RebuildScriptCaches (0ms)
		SetupLoadedEditorAssemblies (549ms)
			LogAssemblyErrors (0ms)
			InitializePlatformSupportModulesInManaged (2ms)
			SetLoadedEditorAssemblies (5ms)
			BeforeProcessingInitializeOnLoad (133ms)
			ProcessInitializeOnLoadAttributes (336ms)
			ProcessInitializeOnLoadMethodAttributes (66ms)
			AfterProcessingInitializeOnLoad (7ms)
			EditorAssembliesLoaded (0ms)
		ExecutionOrderSort2 (0ms)
		AwakeInstancesAfterBackupRestoration (13ms)
Refreshing native plugins compatible for Editor in 2.40 ms, found 4 plugins.
Preloading 0 native plugins for Editor in 0.00 ms.
Unloading 14 Unused Serialized files (Serialized files now loaded: 0)
Unloading 6446 unused Assets / (4.9 MB). Loaded Objects now: 7154.
Memory consumption went from 143.7 MB to 138.8 MB.
Total: 9.610000 ms (FindLiveObjects: 0.913800 ms CreateObjectMapping: 0.650500 ms MarkObjects: 5.597400 ms  DeleteObjects: 2.447300 ms)

Prepare: number of updated asset objects reloaded= 0
========================================================================
Received Prepare
Refreshing native plugins compatible for Editor in 2.69 ms, found 4 plugins.
Preloading 0 native plugins for Editor in 0.00 ms.
Unloading 14 Unused Serialized files (Serialized files now loaded: 0)
Unloading 6436 unused Assets / (4.5 MB). Loaded Objects now: 7154.
Memory consumption went from 143.9 MB to 139.4 MB.
Total: 9.651200 ms (FindLiveObjects: 1.030900 ms CreateObjectMapping: 1.243200 ms MarkObjects: 4.694600 ms  DeleteObjects: 2.681500 ms)

Prepare: number of updated asset objects reloaded= 0
========================================================================
Received Prepare
Begin MonoManager ReloadAssembly
- Loaded All Assemblies, in  2.418 seconds
Refreshing native plugins compatible for Editor in 2.49 ms, found 4 plugins.
Native extension for WindowsStandalone target not found
[Package Manager] Failed to launch server process. Reason: Unity was launched with the -noUpm command-line argument
[Package Manager] Unable to send message (not connected to server process).
[Package Manager] Cannot connect to Unity Package Manager local server
The project currently uses the compatibility mode where the Render Graph API is disabled. Support for this mode will be removed in future Unity versions. Migrate existing ScriptableRenderPasses to the new RenderGraph API. After the migration, disable the compatibility mode in Edit > Projects Settings > Graphics > Render Graph.
UnityEngine.Debug:ExtractStackTraceNoAlloc (byte*,int,string)
UnityEngine.StackTraceUtility:ExtractStackTrace ()
UnityEngine.DebugLogHandler:Internal_Log (UnityEngine.LogType,UnityEngine.LogOption,string,UnityEngine.Object)
UnityEngine.DebugLogHandler:LogFormat (UnityEngine.LogType,UnityEngine.Object,string,object[])
UnityEngine.Logger:Log (UnityEngine.LogType,object)
UnityEngine.Debug:LogWarning (object)
UnityEngine.Rendering.Universal.WarnUsingNonRenderGraph:EmitConsoleWarning () (at ./Library/PackageCache/com.unity.render-pipelines.universal@2a2241f53fcd/Runtime/Data/UniversalRenderPipelineAsset.cs:427)
System.Reflection.RuntimeMethodInfo:Invoke (object,System.Reflection.BindingFlags,System.Reflection.Binder,object[],System.Globalization.CultureInfo)
System.Reflection.MethodBase:Invoke (object,object[])
UnityEditor.EditorAssemblies:ProcessInitializeOnLoadMethodAttributes ()

(Filename: ./Library/PackageCache/com.unity.render-pipelines.universal@2a2241f53fcd/Runtime/Data/UniversalRenderPipelineAsset.cs Line: 427)

Mono: successfully reloaded assembly
- Finished resetting the current domain, in  0.656 seconds
Domain Reload Profiling: 3071ms
	BeginReloadAssembly (471ms)
		ExecutionOrderSort (0ms)
		DisableScriptedObjects (17ms)
		BackupInstance (0ms)
		ReleaseScriptingObjects (0ms)
		CreateAndSetChildDomain (48ms)
	RebuildCommonClasses (128ms)
	RebuildNativeTypeToScriptingClass (13ms)
	initialDomainReloadingComplete (34ms)
	LoadAllAssembliesAndSetupDomain (1768ms)
		LoadAssemblies (1948ms)
		RebuildTransferFunctionScriptingTraits (0ms)
		AnalyzeDomain (173ms)
			TypeCache.Refresh (8ms)
				TypeCache.ScanAssembly (0ms)
			BuildScriptInfoCaches (150ms)
			ResolveRequiredComponents (11ms)
	FinalizeReload (657ms)
		ReleaseScriptCaches (0ms)
		RebuildScriptCaches (0ms)
		SetupLoadedEditorAssemblies (520ms)
			LogAssemblyErrors (0ms)
			InitializePlatformSupportModulesInManaged (2ms)
			SetLoadedEditorAssemblies (5ms)
			BeforeProcessingInitializeOnLoad (138ms)
			ProcessInitializeOnLoadAttributes (312ms)
			ProcessInitializeOnLoadMethodAttributes (54ms)
			AfterProcessingInitializeOnLoad (8ms)
			EditorAssembliesLoaded (0ms)
		ExecutionOrderSort2 (0ms)
		AwakeInstancesAfterBackupRestoration (12ms)
Refreshing native plugins compatible for Editor in 2.27 ms, found 4 plugins.
Preloading 0 native plugins for Editor in 0.00 ms.
Unloading 14 Unused Serialized files (Serialized files now loaded: 0)
Unloading 6446 unused Assets / (4.4 MB). Loaded Objects now: 7156.
Memory consumption went from 143.8 MB to 139.4 MB.
Total: 8.081600 ms (FindLiveObjects: 0.742100 ms CreateObjectMapping: 0.546000 ms MarkObjects: 4.741300 ms  DeleteObjects: 2.051200 ms)

Prepare: number of updated asset objects reloaded= 0
========================================================================
Received Import Request.
  Time since last request: 157.135043 seconds.
  path: Assets/Scripts/PlayerController.cs
  artifactKey: Guid(7d4a31ff104c69749a6b245ac327ad68) Importer(815301076,1909f56bfc062723c751e8b465ee728b)
Start importing Assets/Scripts/PlayerController.cs using Guid(7d4a31ff104c69749a6b245ac327ad68) Importer(815301076,1909f56bfc062723c751e8b465ee728b) (PreviewImporter) -> (artifact id: 'f22ae137a59bfdd2fe850ad32ceb19a4') in 0.0162601 seconds
Number of updated asset objects reloaded before import = 0Number of asset objects unloaded after import = 0

========================================================================
Received Prepare
Begin MonoManager ReloadAssembly
- Loaded All Assemblies, in  0.708 seconds
Refreshing native plugins compatible for Editor in 1.72 ms, found 4 plugins.
Native extension for WindowsStandalone target not found
[Package Manager] Failed to launch server process. Reason: Unity was launched with the -noUpm command-line argument
[Package Manager] Unable to send message (not connected to server process).
[Package Manager] Cannot connect to Unity Package Manager local server
The project currently uses the compatibility mode where the Render Graph API is disabled. Support for this mode will be removed in future Unity versions. Migrate existing ScriptableRenderPasses to the new RenderGraph API. After the migration, disable the compatibility mode in Edit > Projects Settings > Graphics > Render Graph.
UnityEngine.Debug:ExtractStackTraceNoAlloc (byte*,int,string)
UnityEngine.StackTraceUtility:ExtractStackTrace ()
UnityEngine.DebugLogHandler:Internal_Log (UnityEngine.LogType,UnityEngine.LogOption,string,UnityEngine.Object)
UnityEngine.DebugLogHandler:LogFormat (UnityEngine.LogType,UnityEngine.Object,string,object[])
UnityEngine.Logger:Log (UnityEngine.LogType,object)
UnityEngine.Debug:LogWarning (object)
UnityEngine.Rendering.Universal.WarnUsingNonRenderGraph:EmitConsoleWarning () (at ./Library/PackageCache/com.unity.render-pipelines.universal@2a2241f53fcd/Runtime/Data/UniversalRenderPipelineAsset.cs:427)
System.Reflection.RuntimeMethodInfo:Invoke (object,System.Reflection.BindingFlags,System.Reflection.Binder,object[],System.Globalization.CultureInfo)
System.Reflection.MethodBase:Invoke (object,object[])
UnityEditor.EditorAssemblies:ProcessInitializeOnLoadMethodAttributes ()

(Filename: ./Library/PackageCache/com.unity.render-pipelines.universal@2a2241f53fcd/Runtime/Data/UniversalRenderPipelineAsset.cs Line: 427)

Mono: successfully reloaded assembly
- Finished resetting the current domain, in  0.657 seconds
Domain Reload Profiling: 1361ms
	BeginReloadAssembly (194ms)
		ExecutionOrderSort (0ms)
		DisableScriptedObjects (12ms)
		BackupInstance (0ms)
		ReleaseScriptingObjects (0ms)
		CreateAndSetChildDomain (49ms)
	RebuildCommonClasses (34ms)
	RebuildNativeTypeToScriptingClass (11ms)
	initialDomainReloadingComplete (28ms)
	LoadAllAssembliesAndSetupDomain (437ms)
		LoadAssemblies (328ms)
		RebuildTransferFunctionScriptingTraits (0ms)
		AnalyzeDomain (191ms)
			TypeCache.Refresh (7ms)
				TypeCache.ScanAssembly (0ms)
			BuildScriptInfoCaches (170ms)
			ResolveRequiredComponents (10ms)
	FinalizeReload (657ms)
		ReleaseScriptCaches (0ms)
		RebuildScriptCaches (0ms)
		SetupLoadedEditorAssemblies (523ms)
			LogAssemblyErrors (0ms)
			InitializePlatformSupportModulesInManaged (3ms)
			SetLoadedEditorAssemblies (4ms)
			BeforeProcessingInitializeOnLoad (123ms)
			ProcessInitializeOnLoadAttributes (319ms)
			ProcessInitializeOnLoadMethodAttributes (64ms)
			AfterProcessingInitializeOnLoad (9ms)
			EditorAssembliesLoaded (0ms)
		ExecutionOrderSort2 (0ms)
		AwakeInstancesAfterBackupRestoration (15ms)
Refreshing native plugins compatible for Editor in 2.65 ms, found 4 plugins.
Preloading 0 native plugins for Editor in 0.00 ms.
Unloading 14 Unused Serialized files (Serialized files now loaded: 0)
Unloading 6446 unused Assets / (4.2 MB). Loaded Objects now: 7158.
Memory consumption went from 143.8 MB to 139.6 MB.
Total: 7.640500 ms (FindLiveObjects: 0.652000 ms CreateObjectMapping: 0.479400 ms MarkObjects: 4.175300 ms  DeleteObjects: 2.333100 ms)

Prepare: number of updated asset objects reloaded= 0
========================================================================
Received Prepare
Refreshing native plugins compatible for Editor in 3.23 ms, found 4 plugins.
Preloading 0 native plugins for Editor in 0.00 ms.
Unloading 14 Unused Serialized files (Serialized files now loaded: 0)
Unloading 6436 unused Assets / (4.4 MB). Loaded Objects now: 7158.
Memory consumption went from 144.0 MB to 139.6 MB.
Total: 10.888100 ms (FindLiveObjects: 1.187900 ms CreateObjectMapping: 0.887000 ms MarkObjects: 6.611200 ms  DeleteObjects: 2.201100 ms)

Prepare: number of updated asset objects reloaded= 0
========================================================================
Received Prepare
Begin MonoManager ReloadAssembly
- Loaded All Assemblies, in  0.779 seconds
Refreshing native plugins compatible for Editor in 2.42 ms, found 4 plugins.
Native extension for WindowsStandalone target not found
[Package Manager] Failed to launch server process. Reason: Unity was launched with the -noUpm command-line argument
[Package Manager] Unable to send message (not connected to server process).
[Package Manager] Cannot connect to Unity Package Manager local server
The project currently uses the compatibility mode where the Render Graph API is disabled. Support for this mode will be removed in future Unity versions. Migrate existing ScriptableRenderPasses to the new RenderGraph API. After the migration, disable the compatibility mode in Edit > Projects Settings > Graphics > Render Graph.
UnityEngine.Debug:ExtractStackTraceNoAlloc (byte*,int,string)
UnityEngine.StackTraceUtility:ExtractStackTrace ()
UnityEngine.DebugLogHandler:Internal_Log (UnityEngine.LogType,UnityEngine.LogOption,string,UnityEngine.Object)
UnityEngine.DebugLogHandler:LogFormat (UnityEngine.LogType,UnityEngine.Object,string,object[])
UnityEngine.Logger:Log (UnityEngine.LogType,object)
UnityEngine.Debug:LogWarning (object)
UnityEngine.Rendering.Universal.WarnUsingNonRenderGraph:EmitConsoleWarning () (at ./Library/PackageCache/com.unity.render-pipelines.universal@2a2241f53fcd/Runtime/Data/UniversalRenderPipelineAsset.cs:427)
System.Reflection.RuntimeMethodInfo:Invoke (object,System.Reflection.BindingFlags,System.Reflection.Binder,object[],System.Globalization.CultureInfo)
System.Reflection.MethodBase:Invoke (object,object[])
UnityEditor.EditorAssemblies:ProcessInitializeOnLoadMethodAttributes ()

(Filename: ./Library/PackageCache/com.unity.render-pipelines.universal@2a2241f53fcd/Runtime/Data/UniversalRenderPipelineAsset.cs Line: 427)

Mono: successfully reloaded assembly
- Finished resetting the current domain, in  0.669 seconds
Domain Reload Profiling: 1444ms
	BeginReloadAssembly (195ms)
		ExecutionOrderSort (0ms)
		DisableScriptedObjects (14ms)
		BackupInstance (0ms)
		ReleaseScriptingObjects (0ms)
		CreateAndSetChildDomain (41ms)
	RebuildCommonClasses (38ms)
	RebuildNativeTypeToScriptingClass (17ms)
	initialDomainReloadingComplete (38ms)
	LoadAllAssembliesAndSetupDomain (486ms)
		LoadAssemblies (370ms)
		RebuildTransferFunctionScriptingTraits (0ms)
		AnalyzeDomain (204ms)
			TypeCache.Refresh (7ms)
				TypeCache.ScanAssembly (0ms)
			BuildScriptInfoCaches (181ms)
			ResolveRequiredComponents (11ms)
	FinalizeReload (670ms)
		ReleaseScriptCaches (0ms)
		RebuildScriptCaches (0ms)
		SetupLoadedEditorAssemblies (531ms)
			LogAssemblyErrors (0ms)
			InitializePlatformSupportModulesInManaged (3ms)
			SetLoadedEditorAssemblies (5ms)
			BeforeProcessingInitializeOnLoad (166ms)
			ProcessInitializeOnLoadAttributes (299ms)
			ProcessInitializeOnLoadMethodAttributes (50ms)
			AfterProcessingInitializeOnLoad (8ms)
			EditorAssembliesLoaded (0ms)
		ExecutionOrderSort2 (0ms)
		AwakeInstancesAfterBackupRestoration (11ms)
Refreshing native plugins compatible for Editor in 1.98 ms, found 4 plugins.
Preloading 0 native plugins for Editor in 0.00 ms.
Unloading 14 Unused Serialized files (Serialized files now loaded: 0)
Unloading 6446 unused Assets / (4.4 MB). Loaded Objects now: 7160.
Memory consumption went from 143.9 MB to 139.4 MB.
Total: 6.559600 ms (FindLiveObjects: 0.658000 ms CreateObjectMapping: 0.354000 ms MarkObjects: 3.726600 ms  DeleteObjects: 1.820300 ms)

Prepare: number of updated asset objects reloaded= 0
========================================================================
Received Import Request.
  Time since last request: 177.887625 seconds.
  path: Assets/png/Object/Crystal.png
  artifactKey: Guid(06d4ab4a3be2a5945a240e8b6534e0d4) Importer(815301076,1909f56bfc062723c751e8b465ee728b)
Start importing Assets/png/Object/Crystal.png using Guid(06d4ab4a3be2a5945a240e8b6534e0d4) Importer(815301076,1909f56bfc062723c751e8b465ee728b) (PreviewImporter) -> (artifact id: 'a05afd186d17a4e3ad744b7bb99ead9d') in 0.137965 seconds
Number of updated asset objects reloaded before import = 0Number of asset objects unloaded after import = 3

========================================================================
Received Import Request.
  Time since last request: 0.000021 seconds.
  path: Assets/png/Object/Sign_2.png
  artifactKey: Guid(cc2915bd24db69748b5de9578cb65d1d) Importer(815301076,1909f56bfc062723c751e8b465ee728b)
Start importing Assets/png/Object/Sign_2.png using Guid(cc2915bd24db69748b5de9578cb65d1d) Importer(815301076,1909f56bfc062723c751e8b465ee728b) (PreviewImporter) -> (artifact id: '46a19bee590cfb524a67982aa54d2279') in 0.0258797 seconds
Number of updated asset objects reloaded before import = 0Number of asset objects unloaded after import = 3

========================================================================
Received Import Request.
  Time since last request: 0.000022 seconds.
  path: Assets/png/Object/Stone.png
  artifactKey: Guid(f4c3890bb0939ef4b8744c28bbe9e733) Importer(815301076,1909f56bfc062723c751e8b465ee728b)
Start importing Assets/png/Object/Stone.png using Guid(f4c3890bb0939ef4b8744c28bbe9e733) Importer(815301076,1909f56bfc062723c751e8b465ee728b) (PreviewImporter) -> (artifact id: 'a273be55d200f32a59663e22d0beff6f') in 0.0234412 seconds
Number of updated asset objects reloaded before import = 0Number of asset objects unloaded after import = 3

========================================================================
Received Import Request.
  Time since last request: 0.000013 seconds.
  path: Assets/png/Object/SnowMan.png
  artifactKey: Guid(a220c5c727f0dd043b55b19009a2fc94) Importer(815301076,1909f56bfc062723c751e8b465ee728b)
Start importing Assets/png/Object/SnowMan.png using Guid(a220c5c727f0dd043b55b19009a2fc94) Importer(815301076,1909f56bfc062723c751e8b465ee728b) (PreviewImporter) -> (artifact id: '468ce48596d8737b1ffa851c7189f7b6') in 0.0240517 seconds
Number of updated asset objects reloaded before import = 0Number of asset objects unloaded after import = 3

========================================================================
Received Import Request.
  Time since last request: 0.000013 seconds.
  path: Assets/png/Object/Tree_1.png
  artifactKey: Guid(b75e1b8565c02ed4b8c21096c03311c8) Importer(815301076,1909f56bfc062723c751e8b465ee728b)
Start importing Assets/png/Object/Tree_1.png using Guid(b75e1b8565c02ed4b8c21096c03311c8) Importer(815301076,1909f56bfc062723c751e8b465ee728b) (PreviewImporter) -> (artifact id: '3fd1cbe626e50c3c1797e6f2100d2336') in 0.0275563 seconds
Number of updated asset objects reloaded before import = 0Number of asset objects unloaded after import = 3

========================================================================
Received Import Request.
  Time since last request: 0.000016 seconds.
  path: Assets/png/Object/IceBox.png
  artifactKey: Guid(40b161a0471e83e4798c7bf93c0e0121) Importer(815301076,1909f56bfc062723c751e8b465ee728b)
Start importing Assets/png/Object/IceBox.png using Guid(40b161a0471e83e4798c7bf93c0e0121) Importer(815301076,1909f56bfc062723c751e8b465ee728b) (PreviewImporter) -> (artifact id: '9b482e2e31d247c5c7f533830b278e82') in 0.0227894 seconds
Number of updated asset objects reloaded before import = 0Number of asset objects unloaded after import = 3

========================================================================
Received Import Request.
  Time since last request: 6.721257 seconds.
  path: Assets/png/Tiles/3.png
  artifactKey: Guid(c57c1bdcad5c4974993560c1edfb4527) Importer(815301076,1909f56bfc062723c751e8b465ee728b)
Start importing Assets/png/Tiles/3.png using Guid(c57c1bdcad5c4974993560c1edfb4527) Importer(815301076,1909f56bfc062723c751e8b465ee728b) (PreviewImporter) -> (artifact id: '63ca1065e0e29e4b8aa86f221f063b1e') in 0.0197959 seconds
Number of updated asset objects reloaded before import = 0Number of asset objects unloaded after import = 3

========================================================================
Received Import Request.
  Time since last request: 0.000011 seconds.
  path: Assets/png/Tiles/4.png
  artifactKey: Guid(4ddb981b2d375f14b8c6f863e17c37ca) Importer(815301076,1909f56bfc062723c751e8b465ee728b)
Start importing Assets/png/Tiles/4.png using Guid(4ddb981b2d375f14b8c6f863e17c37ca) Importer(815301076,1909f56bfc062723c751e8b465ee728b) (PreviewImporter) -> (artifact id: 'df6577787ca5050b6e37bb4c23088e4c') in 0.0195471 seconds
Number of updated asset objects reloaded before import = 0Number of asset objects unloaded after import = 3

========================================================================
Received Import Request.
  Time since last request: 0.000012 seconds.
  path: Assets/png/Tiles/16.png
  artifactKey: Guid(6d832fb95d69e4443bd6b0d78500cfb8) Importer(815301076,1909f56bfc062723c751e8b465ee728b)
Start importing Assets/png/Tiles/16.png using Guid(6d832fb95d69e4443bd6b0d78500cfb8) Importer(815301076,1909f56bfc062723c751e8b465ee728b) (PreviewImporter) -> (artifact id: '4984192516b62b90b195011dd9bfcd4b') in 0.0224062 seconds
Number of updated asset objects reloaded before import = 0Number of asset objects unloaded after import = 3

========================================================================
Received Import Request.
  Time since last request: 0.000013 seconds.
  path: Assets/png/Tiles/10.png
  artifactKey: Guid(aa324d74003796348a76d744af008e98) Importer(815301076,1909f56bfc062723c751e8b465ee728b)
Start importing Assets/png/Tiles/10.png using Guid(aa324d74003796348a76d744af008e98) Importer(815301076,1909f56bfc062723c751e8b465ee728b) (PreviewImporter) -> (artifact id: '510871bf1ebffa8df1d5481ad5c11cf4') in 0.0205866 seconds
Number of updated asset objects reloaded before import = 0Number of asset objects unloaded after import = 3

========================================================================
Received Import Request.
  Time since last request: 0.000016 seconds.
  path: Assets/png/Tiles/18.png
  artifactKey: Guid(89bbac1d5d795cc4e8bacad6720b530f) Importer(815301076,1909f56bfc062723c751e8b465ee728b)
Start importing Assets/png/Tiles/18.png using Guid(89bbac1d5d795cc4e8bacad6720b530f) Importer(815301076,1909f56bfc062723c751e8b465ee728b) (PreviewImporter) -> (artifact id: '935df3acef199226a634264e3d36e380') in 0.0193029 seconds
Number of updated asset objects reloaded before import = 0Number of asset objects unloaded after import = 3

========================================================================
Received Import Request.
  Time since last request: 0.000023 seconds.
  path: Assets/png/Tiles/8.png
  artifactKey: Guid(bd945e64a8d24764f90d578c573f2a38) Importer(815301076,1909f56bfc062723c751e8b465ee728b)
Start importing Assets/png/Tiles/8.png using Guid(bd945e64a8d24764f90d578c573f2a38) Importer(815301076,1909f56bfc062723c751e8b465ee728b) (PreviewImporter) -> (artifact id: '2c1f5e21932cdace9881775e4d9c376d') in 0.020509 seconds
Number of updated asset objects reloaded before import = 0Number of asset objects unloaded after import = 3

========================================================================
Received Import Request.
  Time since last request: 1.617247 seconds.
  path: Assets/Objects/Tree_1.asset
  artifactKey: Guid(afc13e3c1b02a2b4983c64120fc9caf2) Importer(815301076,1909f56bfc062723c751e8b465ee728b)
Start importing Assets/Objects/Tree_1.asset using Guid(afc13e3c1b02a2b4983c64120fc9caf2) Importer(815301076,1909f56bfc062723c751e8b465ee728b) (PreviewImporter) -> (artifact id: 'e19bbe0a211d86622d9154fa89424318') in 0.0386905 seconds
Number of updated asset objects reloaded before import = 0Number of asset objects unloaded after import = 3

========================================================================
Received Import Request.
  Time since last request: 0.000012 seconds.
  path: Assets/Objects/Tree_2.asset
  artifactKey: Guid(a29dfdb60842ab04cb07e26a5915d68c) Importer(815301076,1909f56bfc062723c751e8b465ee728b)
Start importing Assets/Objects/Tree_2.asset using Guid(a29dfdb60842ab04cb07e26a5915d68c) Importer(815301076,1909f56bfc062723c751e8b465ee728b) (PreviewImporter) -> (artifact id: '720e25c666f95ad83fec497a0800c82f') in 0.0133484 seconds
Number of updated asset objects reloaded before import = 0Number of asset objects unloaded after import = 3

========================================================================
Received Import Request.
  Time since last request: 9.314954 seconds.
  path: Assets/cat/Dead (3).png
  artifactKey: Guid(3e1dad9507fbfac4da2468a3330927f0) Importer(815301076,1909f56bfc062723c751e8b465ee728b)
Start importing Assets/cat/Dead (3).png using Guid(3e1dad9507fbfac4da2468a3330927f0) Importer(815301076,1909f56bfc062723c751e8b465ee728b) (PreviewImporter) -> (artifact id: 'ebb78a7ef36e169ee6b136cc5f7f7853') in 0.0132489 seconds
Number of updated asset objects reloaded before import = 0Number of asset objects unloaded after import = 3

========================================================================
Received Import Request.
  Time since last request: 0.000013 seconds.
  path: Assets/cat/Dead (6).png
  artifactKey: Guid(f3a0fe3def6b73844a0e2e774ff85588) Importer(815301076,1909f56bfc062723c751e8b465ee728b)
Start importing Assets/cat/Dead (6).png using Guid(f3a0fe3def6b73844a0e2e774ff85588) Importer(815301076,1909f56bfc062723c751e8b465ee728b) (PreviewImporter) -> (artifact id: '391c8fbfdf2bcb1ceb93f72d4d1be749') in 0.0122058 seconds
Number of updated asset objects reloaded before import = 0Number of asset objects unloaded after import = 3

========================================================================
Received Import Request.
  Time since last request: 0.000013 seconds.
  path: Assets/cat/Fall (3).png
  artifactKey: Guid(4fdb51590ff2a984f9c28eea24f6bcc3) Importer(815301076,1909f56bfc062723c751e8b465ee728b)
Start importing Assets/cat/Fall (3).png using Guid(4fdb51590ff2a984f9c28eea24f6bcc3) Importer(815301076,1909f56bfc062723c751e8b465ee728b) (PreviewImporter) -> (artifact id: 'c2b006a20c5353e13115d78c68d4636b') in 0.0144453 seconds
Number of updated asset objects reloaded before import = 0Number of asset objects unloaded after import = 3

========================================================================
Received Import Request.
  Time since last request: 0.000020 seconds.
  path: Assets/cat/Hurt (4).png
  artifactKey: Guid(15ac451378b700741b2e63565a021869) Importer(815301076,1909f56bfc062723c751e8b465ee728b)
Start importing Assets/cat/Hurt (4).png using Guid(15ac451378b700741b2e63565a021869) Importer(815301076,1909f56bfc062723c751e8b465ee728b) (PreviewImporter) -> (artifact id: '42664ac4ad1e6faafb5b7ba3da83ce95') in 0.0143363 seconds
Number of updated asset objects reloaded before import = 0Number of asset objects unloaded after import = 3

========================================================================
Received Import Request.
  Time since last request: 0.000012 seconds.
  path: Assets/cat/Idle (3).png
  artifactKey: Guid(17d9600211ae9f6478eb3fc7c287480c) Importer(815301076,1909f56bfc062723c751e8b465ee728b)
Start importing Assets/cat/Idle (3).png using Guid(17d9600211ae9f6478eb3fc7c287480c) Importer(815301076,1909f56bfc062723c751e8b465ee728b) (PreviewImporter) -> (artifact id: '6da023b2bdfac341096a5a8b21882cd5') in 0.0124958 seconds
Number of updated asset objects reloaded before import = 0Number of asset objects unloaded after import = 3

========================================================================
Received Import Request.
  Time since last request: 0.000012 seconds.
  path: Assets/cat/Idle (4).png
  artifactKey: Guid(788a5a6ebe032614f86007493132b541) Importer(815301076,1909f56bfc062723c751e8b465ee728b)
Start importing Assets/cat/Idle (4).png using Guid(788a5a6ebe032614f86007493132b541) Importer(815301076,1909f56bfc062723c751e8b465ee728b) (PreviewImporter) -> (artifact id: '34eac7b83cfe75df1907964c76d21b5b') in 0.0142667 seconds
Number of updated asset objects reloaded before import = 0Number of asset objects unloaded after import = 3

========================================================================
Received Import Request.
  Time since last request: 0.000012 seconds.
  path: Assets/cat/Run (2).png
  artifactKey: Guid(45f7be36f0f645f47879c5dae0334368) Importer(815301076,1909f56bfc062723c751e8b465ee728b)
Start importing Assets/cat/Run (2).png using Guid(45f7be36f0f645f47879c5dae0334368) Importer(815301076,1909f56bfc062723c751e8b465ee728b) (PreviewImporter) -> (artifact id: 'd26bd22cf79bcb6ae399458aec5b6046') in 0.0137432 seconds
Number of updated asset objects reloaded before import = 0Number of asset objects unloaded after import = 3

========================================================================
Received Import Request.
  Time since last request: 0.000016 seconds.
  path: Assets/cat/Run (6).png
  artifactKey: Guid(0fd9ab98618ceab489063896a70cb8b0) Importer(815301076,1909f56bfc062723c751e8b465ee728b)
Start importing Assets/cat/Run (6).png using Guid(0fd9ab98618ceab489063896a70cb8b0) Importer(815301076,1909f56bfc062723c751e8b465ee728b) (PreviewImporter) -> (artifact id: 'c40e4baea46085a2f95246a5d3124b67') in 0.0131284 seconds
Number of updated asset objects reloaded before import = 0Number of asset objects unloaded after import = 3

========================================================================
Received Import Request.
  Time since last request: 0.000020 seconds.
  path: Assets/cat/Run (5).png
  artifactKey: Guid(33aaa9104ebeb8348b9bffe2244c450a) Importer(815301076,1909f56bfc062723c751e8b465ee728b)
Start importing Assets/cat/Run (5).png using Guid(33aaa9104ebeb8348b9bffe2244c450a) Importer(815301076,1909f56bfc062723c751e8b465ee728b) (PreviewImporter) -> (artifact id: 'b363c67b29cf7aa1419c83104cadf18c') in 0.0145935 seconds
Number of updated asset objects reloaded before import = 0Number of asset objects unloaded after import = 3

========================================================================
Received Import Request.
  Time since last request: 0.000012 seconds.
  path: Assets/cat/Slide (9).png
  artifactKey: Guid(69306669e04e16e47805ceebe7e98709) Importer(815301076,1909f56bfc062723c751e8b465ee728b)
Start importing Assets/cat/Slide (9).png using Guid(69306669e04e16e47805ceebe7e98709) Importer(815301076,1909f56bfc062723c751e8b465ee728b) (PreviewImporter) -> (artifact id: '89d26f5702eff3789ca34cb89754e56f') in 0.0149889 seconds
Number of updated asset objects reloaded before import = 0Number of asset objects unloaded after import = 3

========================================================================
Received Import Request.
  Time since last request: 0.000012 seconds.
  path: Assets/cat/Idle (7).png
  artifactKey: Guid(b259204d658557a4398dec32614787a5) Importer(815301076,1909f56bfc062723c751e8b465ee728b)
Start importing Assets/cat/Idle (7).png using Guid(b259204d658557a4398dec32614787a5) Importer(815301076,1909f56bfc062723c751e8b465ee728b) (PreviewImporter) -> (artifact id: '20496ff1328bd65f648d676ad6cc3d8d') in 0.0140428 seconds
Number of updated asset objects reloaded before import = 0Number of asset objects unloaded after import = 3

========================================================================
Received Import Request.
  Time since last request: 0.000012 seconds.
  path: Assets/cat/Jump (2).png
  artifactKey: Guid(4c9c2401f9ae4b64683d1526cadb544c) Importer(815301076,1909f56bfc062723c751e8b465ee728b)
Start importing Assets/cat/Jump (2).png using Guid(4c9c2401f9ae4b64683d1526cadb544c) Importer(815301076,1909f56bfc062723c751e8b465ee728b) (PreviewImporter) -> (artifact id: 'fcdd1ad9e2cde0dc1f8accbb2ee0ac8b') in 0.0147313 seconds
Number of updated asset objects reloaded before import = 0Number of asset objects unloaded after import = 3

========================================================================
Received Import Request.
  Time since last request: 0.000013 seconds.
  path: Assets/cat/Idle (5).png
  artifactKey: Guid(902d4b938173e904a98f588e5392fcd1) Importer(815301076,1909f56bfc062723c751e8b465ee728b)
Start importing Assets/cat/Idle (5).png using Guid(902d4b938173e904a98f588e5392fcd1) Importer(815301076,1909f56bfc062723c751e8b465ee728b) (PreviewImporter) -> (artifact id: '43d453293a0e16ffe9eaf5d160b584d2') in 0.0144001 seconds
Number of updated asset objects reloaded before import = 0Number of asset objects unloaded after import = 3

========================================================================
Received Import Request.
  Time since last request: 0.000020 seconds.
  path: Assets/cat/Slide (8).png
  artifactKey: Guid(f8dcc807c630cb04783017189e5a682e) Importer(815301076,1909f56bfc062723c751e8b465ee728b)
Start importing Assets/cat/Slide (8).png using Guid(f8dcc807c630cb04783017189e5a682e) Importer(815301076,1909f56bfc062723c751e8b465ee728b) (PreviewImporter) -> (artifact id: '5717e59a37cf1141c92a536a913ac85a') in 0.0153787 seconds
Number of updated asset objects reloaded before import = 0Number of asset objects unloaded after import = 3

========================================================================
Received Import Request.
  Time since last request: 0.000012 seconds.
  path: Assets/cat/Hurt (1).png
  artifactKey: Guid(30027ab721ebd404aa94867bd69d4b8e) Importer(815301076,1909f56bfc062723c751e8b465ee728b)
Start importing Assets/cat/Hurt (1).png using Guid(30027ab721ebd404aa94867bd69d4b8e) Importer(815301076,1909f56bfc062723c751e8b465ee728b) (PreviewImporter) -> (artifact id: '3e78e0ee375fcb9cd1a67f34305efa25') in 0.015059 seconds
Number of updated asset objects reloaded before import = 0Number of asset objects unloaded after import = 3

========================================================================
Received Import Request.
  Time since last request: 0.000011 seconds.
  path: Assets/cat/Fall (5).png
  artifactKey: Guid(f1771f60c3183b8499868059dde893df) Importer(815301076,1909f56bfc062723c751e8b465ee728b)
Start importing Assets/cat/Fall (5).png using Guid(f1771f60c3183b8499868059dde893df) Importer(815301076,1909f56bfc062723c751e8b465ee728b) (PreviewImporter) -> (artifact id: 'a41a91602170d61e8901e1758a57d857') in 0.0131968 seconds
Number of updated asset objects reloaded before import = 0Number of asset objects unloaded after import = 3

========================================================================
Received Import Request.
  Time since last request: 0.000011 seconds.
  path: Assets/cat/Jump (1).png
  artifactKey: Guid(735e4dd7f11d9604f9b2114b5b448d3b) Importer(815301076,1909f56bfc062723c751e8b465ee728b)
Start importing Assets/cat/Jump (1).png using Guid(735e4dd7f11d9604f9b2114b5b448d3b) Importer(815301076,1909f56bfc062723c751e8b465ee728b) (PreviewImporter) -> (artifact id: '7df532b2f63cbfb6c29f33c257766df1') in 0.0130005 seconds
Number of updated asset objects reloaded before import = 0Number of asset objects unloaded after import = 3

========================================================================
Received Import Request.
  Time since last request: 0.000013 seconds.
  path: Assets/cat/Hurt (7).png
  artifactKey: Guid(aaf0d1ee025cc3d45aef2821421c93a3) Importer(815301076,1909f56bfc062723c751e8b465ee728b)
Start importing Assets/cat/Hurt (7).png using Guid(aaf0d1ee025cc3d45aef2821421c93a3) Importer(815301076,1909f56bfc062723c751e8b465ee728b) (PreviewImporter) -> (artifact id: '6c502e3176d4b25e8d43808f1ba73d94') in 0.0151228 seconds
Number of updated asset objects reloaded before import = 0Number of asset objects unloaded after import = 3

========================================================================
Received Import Request.
  Time since last request: 0.000025 seconds.
  path: Assets/cat/Slide (4).png
  artifactKey: Guid(6a1c1eccc16c7994582a14ff7c311067) Importer(815301076,1909f56bfc062723c751e8b465ee728b)
Start importing Assets/cat/Slide (4).png using Guid(6a1c1eccc16c7994582a14ff7c311067) Importer(815301076,1909f56bfc062723c751e8b465ee728b) (PreviewImporter) -> (artifact id: '8f5c9802e473c35c97783636548936ef') in 0.0143056 seconds
Number of updated asset objects reloaded before import = 0Number of asset objects unloaded after import = 3

========================================================================
Received Import Request.
  Time since last request: 0.000013 seconds.
  path: Assets/cat/Fall (4).png
  artifactKey: Guid(5aab43258b79147418a73a8213204d1e) Importer(815301076,1909f56bfc062723c751e8b465ee728b)
Start importing Assets/cat/Fall (4).png using Guid(5aab43258b79147418a73a8213204d1e) Importer(815301076,1909f56bfc062723c751e8b465ee728b) (PreviewImporter) -> (artifact id: 'ba8353f32b3556f0614b86a3ae401a16') in 0.0155683 seconds
Number of updated asset objects reloaded before import = 0Number of asset objects unloaded after import = 3

========================================================================
Received Import Request.
  Time since last request: 0.000013 seconds.
  path: Assets/cat/Dead (8).png
  artifactKey: Guid(915b3bf5491752848b6c8ffd7d270733) Importer(815301076,1909f56bfc062723c751e8b465ee728b)
Start importing Assets/cat/Dead (8).png using Guid(915b3bf5491752848b6c8ffd7d270733) Importer(815301076,1909f56bfc062723c751e8b465ee728b) (PreviewImporter) -> (artifact id: '4d108bd7431dd686c9a374b4ddc2a315') in 0.0252203 seconds
Number of updated asset objects reloaded before import = 0Number of asset objects unloaded after import = 3

========================================================================
Received Import Request.
  Time since last request: 0.000015 seconds.
  path: Assets/cat/Walk (10).png
  artifactKey: Guid(cc423a7cbf019594480c8da969dc79bd) Importer(815301076,1909f56bfc062723c751e8b465ee728b)
Start importing Assets/cat/Walk (10).png using Guid(cc423a7cbf019594480c8da969dc79bd) Importer(815301076,1909f56bfc062723c751e8b465ee728b) (PreviewImporter) -> (artifact id: '8341391a63a0de88a4a46c1d2437b838') in 0.016214 seconds
Number of updated asset objects reloaded before import = 0Number of asset objects unloaded after import = 3

========================================================================
Received Import Request.
  Time since last request: 0.000015 seconds.
  path: Assets/cat/Idle (10).png
  artifactKey: Guid(04e4f8edd390afa44b77769e751906d3) Importer(815301076,1909f56bfc062723c751e8b465ee728b)
Start importing Assets/cat/Idle (10).png using Guid(04e4f8edd390afa44b77769e751906d3) Importer(815301076,1909f56bfc062723c751e8b465ee728b) (PreviewImporter) -> (artifact id: '7a070cc7fec39564d3aa41c1a158c56a') in 0.016207 seconds
Number of updated asset objects reloaded before import = 0Number of asset objects unloaded after import = 3

========================================================================
Received Import Request.
  Time since last request: 0.000020 seconds.
  path: Assets/cat/Hurt (10).png
  artifactKey: Guid(2e957d2aed1976542884d38782e154c8) Importer(815301076,1909f56bfc062723c751e8b465ee728b)
Start importing Assets/cat/Hurt (10).png using Guid(2e957d2aed1976542884d38782e154c8) Importer(815301076,1909f56bfc062723c751e8b465ee728b) (PreviewImporter) -> (artifact id: 'f6a510434d3b6f6faf901316570305cd') in 0.0148846 seconds
Number of updated asset objects reloaded before import = 0Number of asset objects unloaded after import = 3

========================================================================
Received Import Request.
  Time since last request: 0.128761 seconds.
  path: Assets/dog/Dead (3).png
  artifactKey: Guid(07129f56f3b99f7478f55923d5603fce) Importer(815301076,1909f56bfc062723c751e8b465ee728b)
Start importing Assets/dog/Dead (3).png using Guid(07129f56f3b99f7478f55923d5603fce) Importer(815301076,1909f56bfc062723c751e8b465ee728b) (PreviewImporter) -> (artifact id: 'e86b073c18ad36f31fc487a59981861e') in 0.0176935 seconds
Number of updated asset objects reloaded before import = 0Number of asset objects unloaded after import = 3

========================================================================
Received Import Request.
  Time since last request: 0.000015 seconds.
  path: Assets/dog/Dead (6).png
  artifactKey: Guid(ddb0ea8304d89334ca23f02179f1fe78) Importer(815301076,1909f56bfc062723c751e8b465ee728b)
Start importing Assets/dog/Dead (6).png using Guid(ddb0ea8304d89334ca23f02179f1fe78) Importer(815301076,1909f56bfc062723c751e8b465ee728b) (PreviewImporter) -> (artifact id: 'a515437f5070c05595c4e6dcaf90e995') in 0.0126546 seconds
Number of updated asset objects reloaded before import = 0Number of asset objects unloaded after import = 3

========================================================================
Received Import Request.
  Time since last request: 0.000021 seconds.
  path: Assets/dog/Dead (8).png
  artifactKey: Guid(7c6a3d1f6bbe1374a87496e5f67cea44) Importer(815301076,1909f56bfc062723c751e8b465ee728b)
Start importing Assets/dog/Dead (8).png using Guid(7c6a3d1f6bbe1374a87496e5f67cea44) Importer(815301076,1909f56bfc062723c751e8b465ee728b) (PreviewImporter) -> (artifact id: '6e50cfbbcfe78c500770664119c3b885') in 0.0133789 seconds
Number of updated asset objects reloaded before import = 0Number of asset objects unloaded after import = 3

========================================================================
Received Import Request.
  Time since last request: 0.000011 seconds.
  path: Assets/dog/Hurt (8).png
  artifactKey: Guid(7541aad98502e97408fc9e4e8abdc4fd) Importer(815301076,1909f56bfc062723c751e8b465ee728b)
Start importing Assets/dog/Hurt (8).png using Guid(7541aad98502e97408fc9e4e8abdc4fd) Importer(815301076,1909f56bfc062723c751e8b465ee728b) (PreviewImporter) -> (artifact id: 'f3e47cf4e97c5e60e0e90d99de11d876') in 0.013795 seconds
Number of updated asset objects reloaded before import = 0Number of asset objects unloaded after import = 3

========================================================================
Received Import Request.
  Time since last request: 0.000013 seconds.
  path: Assets/dog/Idle (8).png
  artifactKey: Guid(8038a599a791cc44fa52242fd5f85e6b) Importer(815301076,1909f56bfc062723c751e8b465ee728b)
Start importing Assets/dog/Idle (8).png using Guid(8038a599a791cc44fa52242fd5f85e6b) Importer(815301076,1909f56bfc062723c751e8b465ee728b) (PreviewImporter) -> (artifact id: 'f0fd1f8846b667c9c118b6b01d8eca10') in 0.0199078 seconds
Number of updated asset objects reloaded before import = 0Number of asset objects unloaded after import = 3

========================================================================
Received Import Request.
  Time since last request: 0.000013 seconds.
  path: Assets/dog/Dead (10).png
  artifactKey: Guid(c64445430f65c484b914079081c258f4) Importer(815301076,1909f56bfc062723c751e8b465ee728b)
Start importing Assets/dog/Dead (10).png using Guid(c64445430f65c484b914079081c258f4) Importer(815301076,1909f56bfc062723c751e8b465ee728b) (PreviewImporter) -> (artifact id: 'b93b7554e2d76c5f8a823c77988f2243') in 0.0155235 seconds
Number of updated asset objects reloaded before import = 0Number of asset objects unloaded after import = 3

========================================================================
Received Import Request.
  Time since last request: 0.000014 seconds.
  path: Assets/dog/Slide (8).png
  artifactKey: Guid(542647a5a12fcb0478235fc7aaf35d47) Importer(815301076,1909f56bfc062723c751e8b465ee728b)
Start importing Assets/dog/Slide (8).png using Guid(542647a5a12fcb0478235fc7aaf35d47) Importer(815301076,1909f56bfc062723c751e8b465ee728b) (PreviewImporter) -> (artifact id: 'df13ba6cba56f019f284b26c2d4a3fcf') in 0.0142337 seconds
Number of updated asset objects reloaded before import = 0Number of asset objects unloaded after import = 3

========================================================================
Received Import Request.
  Time since last request: 0.000023 seconds.
  path: Assets/dog/Idle (4).png
  artifactKey: Guid(43111c6848221964289e9087471eba13) Importer(815301076,1909f56bfc062723c751e8b465ee728b)
Start importing Assets/dog/Idle (4).png using Guid(43111c6848221964289e9087471eba13) Importer(815301076,1909f56bfc062723c751e8b465ee728b) (PreviewImporter) -> (artifact id: '0206fc278c308063f57296082a301799') in 0.0214245 seconds
Number of updated asset objects reloaded before import = 0Number of asset objects unloaded after import = 3

========================================================================
Received Import Request.
  Time since last request: 0.000013 seconds.
  path: Assets/dog/Jump (3).png
  artifactKey: Guid(0bb752689891ee145849344dfc349ba5) Importer(815301076,1909f56bfc062723c751e8b465ee728b)
Start importing Assets/dog/Jump (3).png using Guid(0bb752689891ee145849344dfc349ba5) Importer(815301076,1909f56bfc062723c751e8b465ee728b) (PreviewImporter) -> (artifact id: '9287bc20a07fc6b265e18ab71bb961c6') in 0.0194313 seconds
Number of updated asset objects reloaded before import = 0Number of asset objects unloaded after import = 3

========================================================================
Received Import Request.
  Time since last request: 0.000012 seconds.
  path: Assets/dog/Walk (4).png
  artifactKey: Guid(ad68a55d065cf2a419b24d47d5a940ce) Importer(815301076,1909f56bfc062723c751e8b465ee728b)
Start importing Assets/dog/Walk (4).png using Guid(ad68a55d065cf2a419b24d47d5a940ce) Importer(815301076,1909f56bfc062723c751e8b465ee728b) (PreviewImporter) -> (artifact id: '99f418b94c244aa447d9eda016853251') in 0.0166757 seconds
Number of updated asset objects reloaded before import = 0Number of asset objects unloaded after import = 3

========================================================================
Received Import Request.
  Time since last request: 0.000013 seconds.
  path: Assets/dog/Walk (6).png
  artifactKey: Guid(3d88d5bbb9e0fb8409e3ca3aac55edf3) Importer(815301076,1909f56bfc062723c751e8b465ee728b)
Start importing Assets/dog/Walk (6).png using Guid(3d88d5bbb9e0fb8409e3ca3aac55edf3) Importer(815301076,1909f56bfc062723c751e8b465ee728b) (PreviewImporter) -> (artifact id: '76c036bfadcec768772fa246a815f924') in 0.0155182 seconds
Number of updated asset objects reloaded before import = 0Number of asset objects unloaded after import = 3

========================================================================
Received Import Request.
  Time since last request: 0.000015 seconds.
  path: Assets/dog/Walk (2).png
  artifactKey: Guid(fa88124a58adc5646a7ca207a38714d6) Importer(815301076,1909f56bfc062723c751e8b465ee728b)
Start importing Assets/dog/Walk (2).png using Guid(fa88124a58adc5646a7ca207a38714d6) Importer(815301076,1909f56bfc062723c751e8b465ee728b) (PreviewImporter) -> (artifact id: 'd290a38ad408e600138c7874889a2424') in 0.0147812 seconds
Number of updated asset objects reloaded before import = 0Number of asset objects unloaded after import = 3

========================================================================
Received Import Request.
  Time since last request: 0.000021 seconds.
  path: Assets/dog/Fall (2).png
  artifactKey: Guid(7ec63c306ddb02a43a5845dac869b7bd) Importer(815301076,1909f56bfc062723c751e8b465ee728b)
Start importing Assets/dog/Fall (2).png using Guid(7ec63c306ddb02a43a5845dac869b7bd) Importer(815301076,1909f56bfc062723c751e8b465ee728b) (PreviewImporter) -> (artifact id: 'd05230949ba6f6ae0393e65592e37901') in 0.0224211 seconds
Number of updated asset objects reloaded before import = 0Number of asset objects unloaded after import = 3

========================================================================
Received Import Request.
  Time since last request: 0.000013 seconds.
  path: Assets/dog/Fall (5).png
  artifactKey: Guid(9949a132f85e0a7419f49589f35e3502) Importer(815301076,1909f56bfc062723c751e8b465ee728b)
Start importing Assets/dog/Fall (5).png using Guid(9949a132f85e0a7419f49589f35e3502) Importer(815301076,1909f56bfc062723c751e8b465ee728b) (PreviewImporter) -> (artifact id: '3be65afb85c50e2ef1db524f5d2d3940') in 0.0211386 seconds
Number of updated asset objects reloaded before import = 0Number of asset objects unloaded after import = 3

========================================================================
Received Import Request.
  Time since last request: 0.000014 seconds.
  path: Assets/dog/Fall (7).png
  artifactKey: Guid(42f4559befcbe2d46a93b50a9622cac9) Importer(815301076,1909f56bfc062723c751e8b465ee728b)
Start importing Assets/dog/Fall (7).png using Guid(42f4559befcbe2d46a93b50a9622cac9) Importer(815301076,1909f56bfc062723c751e8b465ee728b) (PreviewImporter) -> (artifact id: '87c3319afd1329c630ef82dbca752c5f') in 0.0211607 seconds
Number of updated asset objects reloaded before import = 0Number of asset objects unloaded after import = 3

========================================================================
Received Import Request.
  Time since last request: 0.000011 seconds.
  path: Assets/dog/Jump (7).png
  artifactKey: Guid(62d01275832c59f4da7232174a41cdd5) Importer(815301076,1909f56bfc062723c751e8b465ee728b)
Start importing Assets/dog/Jump (7).png using Guid(62d01275832c59f4da7232174a41cdd5) Importer(815301076,1909f56bfc062723c751e8b465ee728b) (PreviewImporter) -> (artifact id: '0af9ae5c5b5b5a0549586fd33abf042f') in 0.0214154 seconds
Number of updated asset objects reloaded before import = 0Number of asset objects unloaded after import = 3

========================================================================
Received Import Request.
  Time since last request: 0.000014 seconds.
  path: Assets/dog/Dead (7).png
  artifactKey: Guid(7a6cf2e4119466b48b6ef3c9616f81b8) Importer(815301076,1909f56bfc062723c751e8b465ee728b)
Start importing Assets/dog/Dead (7).png using Guid(7a6cf2e4119466b48b6ef3c9616f81b8) Importer(815301076,1909f56bfc062723c751e8b465ee728b) (PreviewImporter) -> (artifact id: '20a16ec0fa8214b399cf97d826b7ceda') in 0.0129547 seconds
Number of updated asset objects reloaded before import = 0Number of asset objects unloaded after import = 3

========================================================================
Received Import Request.
  Time since last request: 0.000020 seconds.
  path: Assets/dog/Slide (4).png
  artifactKey: Guid(88b83f9e8914ed14fa2a669bc7d60c6a) Importer(815301076,1909f56bfc062723c751e8b465ee728b)
Start importing Assets/dog/Slide (4).png using Guid(88b83f9e8914ed14fa2a669bc7d60c6a) Importer(815301076,1909f56bfc062723c751e8b465ee728b) (PreviewImporter) -> (artifact id: '50d75af7c00725c315c3c546ee2c948b') in 0.0152593 seconds
Number of updated asset objects reloaded before import = 0Number of asset objects unloaded after import = 3

========================================================================
Received Import Request.
  Time since last request: 0.000012 seconds.
  path: Assets/dog/Walk (3).png
  artifactKey: Guid(05a3b838cf441b14faac3670c7458c9e) Importer(815301076,1909f56bfc062723c751e8b465ee728b)
Start importing Assets/dog/Walk (3).png using Guid(05a3b838cf441b14faac3670c7458c9e) Importer(815301076,1909f56bfc062723c751e8b465ee728b) (PreviewImporter) -> (artifact id: 'c6701ae2dc1ddb6d449554aa1529a511') in 0.0147407 seconds
Number of updated asset objects reloaded before import = 0Number of asset objects unloaded after import = 3

========================================================================
Received Import Request.
  Time since last request: 0.000011 seconds.
  path: Assets/dog/Run (2).png
  artifactKey: Guid(f965f933b2a43634eb74ab43b0223c17) Importer(815301076,1909f56bfc062723c751e8b465ee728b)
Start importing Assets/dog/Run (2).png using Guid(f965f933b2a43634eb74ab43b0223c17) Importer(815301076,1909f56bfc062723c751e8b465ee728b) (PreviewImporter) -> (artifact id: 'bc5b65ac9b127bf1c1ef457cd28b9840') in 0.0216084 seconds
Number of updated asset objects reloaded before import = 0Number of asset objects unloaded after import = 3

========================================================================
Received Import Request.
  Time since last request: 0.000013 seconds.
  path: Assets/dog/Slide (1).png
  artifactKey: Guid(a61821f1f4f4bd74199f332a9afc49d3) Importer(815301076,1909f56bfc062723c751e8b465ee728b)
Start importing Assets/dog/Slide (1).png using Guid(a61821f1f4f4bd74199f332a9afc49d3) Importer(815301076,1909f56bfc062723c751e8b465ee728b) (PreviewImporter) -> (artifact id: 'f6d4f6d5dc557ac6a3f157160d94d0e3') in 0.015847 seconds
Number of updated asset objects reloaded before import = 0Number of asset objects unloaded after import = 3

========================================================================
Received Import Request.
  Time since last request: 0.000016 seconds.
  path: Assets/dog/Slide (3).png
  artifactKey: Guid(054c991f75885924da8cf0f7a211863f) Importer(815301076,1909f56bfc062723c751e8b465ee728b)
Start importing Assets/dog/Slide (3).png using Guid(054c991f75885924da8cf0f7a211863f) Importer(815301076,1909f56bfc062723c751e8b465ee728b) (PreviewImporter) -> (artifact id: 'f04e124a3c337b0199024d0420be6bc2') in 0.0150596 seconds
Number of updated asset objects reloaded before import = 0Number of asset objects unloaded after import = 3

========================================================================
Received Import Request.
  Time since last request: 0.000021 seconds.
  path: Assets/dog/Jump (5).png
  artifactKey: Guid(3f5d8301ddc4f5944a110fa8523fb578) Importer(815301076,1909f56bfc062723c751e8b465ee728b)
Start importing Assets/dog/Jump (5).png using Guid(3f5d8301ddc4f5944a110fa8523fb578) Importer(815301076,1909f56bfc062723c751e8b465ee728b) (PreviewImporter) -> (artifact id: 'ef9cb59707764db34e20b9d5af734317') in 0.0221066 seconds
Number of updated asset objects reloaded before import = 0Number of asset objects unloaded after import = 3

========================================================================
Received Import Request.
  Time since last request: 0.000013 seconds.
  path: Assets/dog/Walk (10).png
  artifactKey: Guid(3b31a70552e98a844b6446837d1cdad2) Importer(815301076,1909f56bfc062723c751e8b465ee728b)
Start importing Assets/dog/Walk (10).png using Guid(3b31a70552e98a844b6446837d1cdad2) Importer(815301076,1909f56bfc062723c751e8b465ee728b) (PreviewImporter) -> (artifact id: 'b0f6cff8b3eb5df759e2ce69952e6e70') in 0.0172065 seconds
Number of updated asset objects reloaded before import = 0Number of asset objects unloaded after import = 3

========================================================================
Received Import Request.
  Time since last request: 0.000015 seconds.
  path: Assets/dog/Jump (4).png
  artifactKey: Guid(d830aee0e85545247aea205e37ff9dc3) Importer(815301076,1909f56bfc062723c751e8b465ee728b)
Start importing Assets/dog/Jump (4).png using Guid(d830aee0e85545247aea205e37ff9dc3) Importer(815301076,1909f56bfc062723c751e8b465ee728b) (PreviewImporter) -> (artifact id: 'b8172d0bc8180fe76dbd268ce7b51dbf') in 0.0202723 seconds
Number of updated asset objects reloaded before import = 0Number of asset objects unloaded after import = 3

========================================================================
Received Prepare
Begin MonoManager ReloadAssembly
- Loaded All Assemblies, in  0.656 seconds
Refreshing native plugins compatible for Editor in 1.79 ms, found 4 plugins.
Native extension for WindowsStandalone target not found
[Package Manager] Failed to launch server process. Reason: Unity was launched with the -noUpm command-line argument
[Package Manager] Unable to send message (not connected to server process).
[Package Manager] Cannot connect to Unity Package Manager local server
The project currently uses the compatibility mode where the Render Graph API is disabled. Support for this mode will be removed in future Unity versions. Migrate existing ScriptableRenderPasses to the new RenderGraph API. After the migration, disable the compatibility mode in Edit > Projects Settings > Graphics > Render Graph.
UnityEngine.Debug:ExtractStackTraceNoAlloc (byte*,int,string)
UnityEngine.StackTraceUtility:ExtractStackTrace ()
UnityEngine.DebugLogHandler:Internal_Log (UnityEngine.LogType,UnityEngine.LogOption,string,UnityEngine.Object)
UnityEngine.DebugLogHandler:LogFormat (UnityEngine.LogType,UnityEngine.Object,string,object[])
UnityEngine.Logger:Log (UnityEngine.LogType,object)
UnityEngine.Debug:LogWarning (object)
UnityEngine.Rendering.Universal.WarnUsingNonRenderGraph:EmitConsoleWarning () (at ./Library/PackageCache/com.unity.render-pipelines.universal@2a2241f53fcd/Runtime/Data/UniversalRenderPipelineAsset.cs:427)
System.Reflection.RuntimeMethodInfo:Invoke (object,System.Reflection.BindingFlags,System.Reflection.Binder,object[],System.Globalization.CultureInfo)
System.Reflection.MethodBase:Invoke (object,object[])
UnityEditor.EditorAssemblies:ProcessInitializeOnLoadMethodAttributes ()

(Filename: ./Library/PackageCache/com.unity.render-pipelines.universal@2a2241f53fcd/Runtime/Data/UniversalRenderPipelineAsset.cs Line: 427)

Mono: successfully reloaded assembly
- Finished resetting the current domain, in  0.625 seconds
Domain Reload Profiling: 1277ms
	BeginReloadAssembly (189ms)
		ExecutionOrderSort (0ms)
		DisableScriptedObjects (14ms)
		BackupInstance (0ms)
		ReleaseScriptingObjects (0ms)
		CreateAndSetChildDomain (44ms)
	RebuildCommonClasses (32ms)
	RebuildNativeTypeToScriptingClass (11ms)
	initialDomainReloadingComplete (28ms)
	LoadAllAssembliesAndSetupDomain (391ms)
		LoadAssemblies (308ms)
		RebuildTransferFunctionScriptingTraits (0ms)
		AnalyzeDomain (166ms)
			TypeCache.Refresh (5ms)
				TypeCache.ScanAssembly (0ms)
			BuildScriptInfoCaches (147ms)
			ResolveRequiredComponents (10ms)
	FinalizeReload (626ms)
		ReleaseScriptCaches (0ms)
		RebuildScriptCaches (0ms)
		SetupLoadedEditorAssemblies (499ms)
			LogAssemblyErrors (0ms)
			InitializePlatformSupportModulesInManaged (2ms)
			SetLoadedEditorAssemblies (5ms)
			BeforeProcessingInitializeOnLoad (120ms)
			ProcessInitializeOnLoadAttributes (300ms)
			ProcessInitializeOnLoadMethodAttributes (62ms)
			AfterProcessingInitializeOnLoad (10ms)
			EditorAssembliesLoaded (0ms)
		ExecutionOrderSort2 (0ms)
		AwakeInstancesAfterBackupRestoration (13ms)
Refreshing native plugins compatible for Editor in 2.01 ms, found 4 plugins.
Preloading 0 native plugins for Editor in 0.00 ms.
Unloading 14 Unused Serialized files (Serialized files now loaded: 0)
Unloading 6446 unused Assets / (4.6 MB). Loaded Objects now: 7190.
Memory consumption went from 148.8 MB to 144.2 MB.
Total: 7.384900 ms (FindLiveObjects: 0.678600 ms CreateObjectMapping: 0.419600 ms MarkObjects: 3.997000 ms  DeleteObjects: 2.289000 ms)

Prepare: number of updated asset objects reloaded= 0
========================================================================
Received Prepare
Begin MonoManager ReloadAssembly
- Loaded All Assemblies, in  0.648 seconds
Refreshing native plugins compatible for Editor in 1.62 ms, found 4 plugins.
Native extension for WindowsStandalone target not found
[Package Manager] Failed to launch server process. Reason: Unity was launched with the -noUpm command-line argument
[Package Manager] Unable to send message (not connected to server process).
[Package Manager] Cannot connect to Unity Package Manager local server
The project currently uses the compatibility mode where the Render Graph API is disabled. Support for this mode will be removed in future Unity versions. Migrate existing ScriptableRenderPasses to the new RenderGraph API. After the migration, disable the compatibility mode in Edit > Projects Settings > Graphics > Render Graph.
UnityEngine.Debug:ExtractStackTraceNoAlloc (byte*,int,string)
UnityEngine.StackTraceUtility:ExtractStackTrace ()
UnityEngine.DebugLogHandler:Internal_Log (UnityEngine.LogType,UnityEngine.LogOption,string,UnityEngine.Object)
UnityEngine.DebugLogHandler:LogFormat (UnityEngine.LogType,UnityEngine.Object,string,object[])
UnityEngine.Logger:Log (UnityEngine.LogType,object)
UnityEngine.Debug:LogWarning (object)
UnityEngine.Rendering.Universal.WarnUsingNonRenderGraph:EmitConsoleWarning () (at ./Library/PackageCache/com.unity.render-pipelines.universal@2a2241f53fcd/Runtime/Data/UniversalRenderPipelineAsset.cs:427)
System.Reflection.RuntimeMethodInfo:Invoke (object,System.Reflection.BindingFlags,System.Reflection.Binder,object[],System.Globalization.CultureInfo)
System.Reflection.MethodBase:Invoke (object,object[])
UnityEditor.EditorAssemblies:ProcessInitializeOnLoadMethodAttributes ()

(Filename: ./Library/PackageCache/com.unity.render-pipelines.universal@2a2241f53fcd/Runtime/Data/UniversalRenderPipelineAsset.cs Line: 427)

Mono: successfully reloaded assembly
- Finished resetting the current domain, in  0.624 seconds
Domain Reload Profiling: 1268ms
	BeginReloadAssembly (181ms)
		ExecutionOrderSort (0ms)
		DisableScriptedObjects (13ms)
		BackupInstance (0ms)
		ReleaseScriptingObjects (0ms)
		CreateAndSetChildDomain (39ms)
	RebuildCommonClasses (29ms)
	RebuildNativeTypeToScriptingClass (10ms)
	initialDomainReloadingComplete (27ms)
	LoadAllAssembliesAndSetupDomain (396ms)
		LoadAssemblies (309ms)
		RebuildTransferFunctionScriptingTraits (0ms)
		AnalyzeDomain (168ms)
			TypeCache.Refresh (6ms)
				TypeCache.ScanAssembly (0ms)
			BuildScriptInfoCaches (149ms)
			ResolveRequiredComponents (10ms)
	FinalizeReload (625ms)
		ReleaseScriptCaches (0ms)
		RebuildScriptCaches (0ms)
		SetupLoadedEditorAssemblies (499ms)
			LogAssemblyErrors (0ms)
			InitializePlatformSupportModulesInManaged (2ms)
			SetLoadedEditorAssemblies (4ms)
			BeforeProcessingInitializeOnLoad (117ms)
			ProcessInitializeOnLoadAttributes (309ms)
			ProcessInitializeOnLoadMethodAttributes (59ms)
			AfterProcessingInitializeOnLoad (7ms)
			EditorAssembliesLoaded (0ms)
		ExecutionOrderSort2 (0ms)
		AwakeInstancesAfterBackupRestoration (13ms)
Refreshing native plugins compatible for Editor in 1.88 ms, found 4 plugins.
Preloading 0 native plugins for Editor in 0.00 ms.
Unloading 14 Unused Serialized files (Serialized files now loaded: 0)
Unloading 6446 unused Assets / (4.4 MB). Loaded Objects now: 7192.
Memory consumption went from 148.8 MB to 144.4 MB.
Total: 7.722600 ms (FindLiveObjects: 0.607900 ms CreateObjectMapping: 0.351100 ms MarkObjects: 4.768700 ms  DeleteObjects: 1.994400 ms)

Prepare: number of updated asset objects reloaded= 0
========================================================================
Received Import Request.
  Time since last request: 272.857848 seconds.
  path: Assets/Prefabs/IceBox.prefab
  artifactKey: Guid(63f386018c176ab4ca30e3f634c69249) Importer(815301076,1909f56bfc062723c751e8b465ee728b)
Start importing Assets/Prefabs/IceBox.prefab using Guid(63f386018c176ab4ca30e3f634c69249) Importer(815301076,1909f56bfc062723c751e8b465ee728b) (PreviewImporter) -> (artifact id: '5878ef380d144a5a250ef9bafb387d2a') in 0.2890563 seconds
Number of updated asset objects reloaded before import = 0Number of asset objects unloaded after import = 10

========================================================================
Received Import Request.
  Time since last request: 0.000027 seconds.
  path: Assets/Prefabs/PickupEffect2.prefab
  artifactKey: Guid(ce32754ecbaea3342842e4a46df1e61a) Importer(815301076,1909f56bfc062723c751e8b465ee728b)
Start importing Assets/Prefabs/PickupEffect2.prefab using Guid(ce32754ecbaea3342842e4a46df1e61a) Importer(815301076,1909f56bfc062723c751e8b465ee728b) (PreviewImporter) -> (artifact id: '1d0f6a0c00eb9536e46d1eb4a87bd324') in 0.0157333 seconds
Number of updated asset objects reloaded before import = 0Number of asset objects unloaded after import = 8

========================================================================
Received Import Request.
  Time since last request: 0.000025 seconds.
  path: Assets/Prefabs/Tree_2.prefab
  artifactKey: Guid(ef6e1d39ebcab1e43b2fb93603e1e1d1) Importer(815301076,1909f56bfc062723c751e8b465ee728b)
Start importing Assets/Prefabs/Tree_2.prefab using Guid(ef6e1d39ebcab1e43b2fb93603e1e1d1) Importer(815301076,1909f56bfc062723c751e8b465ee728b) (PreviewImporter) -> (artifact id: '3e73abfa0845e9dfb761f6cf1e2b8d86') in 0.0142864 seconds
Number of updated asset objects reloaded before import = 0Number of asset objects unloaded after import = 7

========================================================================
Received Import Request.
  Time since last request: 0.000019 seconds.
  path: Assets/Prefabs/Tree_1.prefab
  artifactKey: Guid(466a29d1c5ed2094fa5e8da7284c1a36) Importer(815301076,1909f56bfc062723c751e8b465ee728b)
Start importing Assets/Prefabs/Tree_1.prefab using Guid(466a29d1c5ed2094fa5e8da7284c1a36) Importer(815301076,1909f56bfc062723c751e8b465ee728b) (PreviewImporter) -> (artifact id: '22900fbf73ac7c1d2cd074fb46aabad2') in 0.0129828 seconds
Number of updated asset objects reloaded before import = 0Number of asset objects unloaded after import = 7

Editor requested this worker to shutdown with reason: Scaling down because of idle timeout
AssetImportWorker is now disconnected from the server
Process exiting
Exiting without the bug reporter. Application will terminate with return code 0