Using pre-set license
Built from '6000.0/respin/6000.0.59f1-063c55f2fd0f' branch; Version is '6000.0.59f2 (ef281c76c3c1) revision 15673372'; Using compiler version '193933523'; Build Type 'Release'
OS: 'Windows 11  (10.0.26200) 64bit Professional' Language: 'uk' Physical Memory: 16307 MB
BatchMode: 1, IsHumanControllingUs: 0, StartBugReporterOnCrash: 0, Is64bit: 1
Date: 2025-11-14T17:51:53Z

COMMAND LINE ARGUMENTS:
C:\Program Files\Unity\Hub\Editor\6000.0.59f2\Editor\Unity.exe
-adb2
-batchMode
-noUpm
-name
AssetImportWorker0
-projectPath
C:/Users/Misha/Downloads/2D-Platformer-Unity-main/2D-Platformer-Unity-main
-logFile
Logs/AssetImportWorker0.log
-srvPort
63009
-job-worker-count
5
-background-job-worker-count
8
-gc-helper-count
1
-name
AssetImport
Successfully changed project path to: C:/Users/Misha/Downloads/2D-Platformer-Unity-main/2D-Platformer-Unity-main
C:/Users/Misha/Downloads/2D-Platformer-Unity-main/2D-Platformer-Unity-main
[UnityMemory] Configuration Parameters - Can be set up in boot.config
    "memorysetup-bucket-allocator-granularity=16"
    "memorysetup-bucket-allocator-bucket-count=8"
    "memorysetup-bucket-allocator-block-size=33554432"
    "memorysetup-bucket-allocator-block-count=8"
    "memorysetup-main-allocator-block-size=16777216"
    "memorysetup-thread-allocator-block-size=16777216"
    "memorysetup-gfx-main-allocator-block-size=16777216"
    "memorysetup-gfx-thread-allocator-block-size=16777216"
    "memorysetup-cache-allocator-block-size=4194304"
    "memorysetup-typetree-allocator-block-size=2097152"
    "memorysetup-profiler-bucket-allocator-granularity=16"
    "memorysetup-profiler-bucket-allocator-bucket-count=8"
    "memorysetup-profiler-bucket-allocator-block-size=33554432"
    "memorysetup-profiler-bucket-allocator-block-count=8"
    "memorysetup-profiler-allocator-block-size=16777216"
    "memorysetup-profiler-editor-allocator-block-size=1048576"
    "memorysetup-temp-allocator-size-main=16777216"
    "memorysetup-job-temp-allocator-block-size=2097152"
    "memorysetup-job-temp-allocator-block-size-background=1048576"
    "memorysetup-job-temp-allocator-reduction-small-platforms=262144"
    "memorysetup-allocator-temp-initial-block-size-main=262144"
    "memorysetup-allocator-temp-initial-block-size-worker=262144"
    "memorysetup-temp-allocator-size-background-worker=32768"
    "memorysetup-temp-allocator-size-job-worker=262144"
    "memorysetup-temp-allocator-size-preload-manager=33554432"
    "memorysetup-temp-allocator-size-nav-mesh-worker=65536"
    "memorysetup-temp-allocator-size-audio-worker=65536"
    "memorysetup-temp-allocator-size-cloud-worker=32768"
    "memorysetup-temp-allocator-size-gi-baking-worker=262144"
    "memorysetup-temp-allocator-size-gi-baking-worker=262144"
    "memorysetup-temp-allocator-size-gi-baking-worker=262144"
    "memorysetup-temp-allocator-size-gi-baking-worker=262144"
    "memorysetup-temp-allocator-size-gi-baking-worker=262144"
    "memorysetup-temp-allocator-size-gfx=262144"
Player connection [11816]  Target information:

Player connection [11816]  * "[IP] 192.168.50.43 [Port] 0 [Flags] 2 [Guid] 1928898056 [EditorId] 1928898056 [Version] 1048832 [Id] WindowsEditor(7,Reiz) [Debug] 1 [PackageName] WindowsEditor [ProjectName] Editor" 

Player connection [11816]  * "[IP] 26.197.113.77 [Port] 0 [Flags] 2 [Guid] 1928898056 [EditorId] 1928898056 [Version] 1048832 [Id] WindowsEditor(7,Reiz) [Debug] 1 [PackageName] WindowsEditor [ProjectName] Editor" 

Player connection [11816] Host joined multi-casting on [225.0.0.222:54997]...
Player connection [11816] Host joined alternative multi-casting on [225.0.0.222:34997]...
JobSystem: Creating JobQueue using job-worker-count value 5
Input System module state changed to: Initialized.
[Physics::Module] Initialized fallback backend.
[Physics::Module] Id: 0xdecafbad
Library Redirect Path: Library/
[Physics::Module] Selected backend.
[Physics::Module] Name: PhysX
[Physics::Module] Id: 0xf2b8ea05
[Physics::Module] SDK Version: 4.1.2
[Physics::Module] Integration Version: 1.0.0
[Physics::Module] Threading Mode: Multi-Threaded
Refreshing native plugins compatible for Editor in 3.22 ms, found 4 plugins.
Preloading 0 native plugins for Editor in 0.00 ms.
Initialize engine version: 6000.0.59f2 (ef281c76c3c1)
[Subsystems] Discovering subsystems at path C:/Program Files/Unity/Hub/Editor/6000.0.59f2/Editor/Data/Resources/UnitySubsystems
[Subsystems] Discovering subsystems at path C:/Users/Misha/Downloads/2D-Platformer-Unity-main/2D-Platformer-Unity-main/Assets
GfxDevice: creating device client; kGfxThreadingModeNonThreaded
Direct3D:
    Version:  Direct3D 11.0 [level 11.1]
    Renderer: NVIDIA GeForce GTX 1060 6GB (ID=0x1c03)
    Vendor:   NVIDIA
    VRAM:     6031 MB
    Driver:   32.0.15.8157
Initialize mono
Mono path[0] = 'C:/Program Files/Unity/Hub/Editor/6000.0.59f2/Editor/Data/Managed'
Mono path[1] = 'C:/Program Files/Unity/Hub/Editor/6000.0.59f2/Editor/Data/MonoBleedingEdge/lib/mono/unityjit-win32'
Mono config path = 'C:/Program Files/Unity/Hub/Editor/6000.0.59f2/Editor/Data/MonoBleedingEdge/etc'
Using monoOptions --debugger-agent=transport=dt_socket,embedding=1,server=y,suspend=n,address=127.0.0.1:56580
Begin MonoManager ReloadAssembly
Registering precompiled unity dll's ...
Register platform support module: C:/Program Files/Unity/Hub/Editor/6000.0.59f2/Editor/Data/PlaybackEngines/WindowsStandaloneSupport/UnityEditor.WindowsStandalone.Extensions.dll
Registered in 0.004033 seconds.
- Loaded All Assemblies, in  0.339 seconds
Native extension for WindowsStandalone target not found
Mono: successfully reloaded assembly
- Finished resetting the current domain, in  0.285 seconds
Domain Reload Profiling: 621ms
	BeginReloadAssembly (116ms)
		ExecutionOrderSort (0ms)
		DisableScriptedObjects (0ms)
		BackupInstance (0ms)
		ReleaseScriptingObjects (0ms)
		CreateAndSetChildDomain (1ms)
	RebuildCommonClasses (32ms)
	RebuildNativeTypeToScriptingClass (10ms)
	initialDomainReloadingComplete (51ms)
	LoadAllAssembliesAndSetupDomain (127ms)
		LoadAssemblies (111ms)
		RebuildTransferFunctionScriptingTraits (0ms)
		AnalyzeDomain (124ms)
			TypeCache.Refresh (123ms)
				TypeCache.ScanAssembly (112ms)
			BuildScriptInfoCaches (0ms)
			ResolveRequiredComponents (0ms)
	FinalizeReload (286ms)
		ReleaseScriptCaches (0ms)
		RebuildScriptCaches (0ms)
		SetupLoadedEditorAssemblies (249ms)
			LogAssemblyErrors (0ms)
			InitializePlatformSupportModulesInManaged (22ms)
			SetLoadedEditorAssemblies (3ms)
			BeforeProcessingInitializeOnLoad (50ms)
			ProcessInitializeOnLoadAttributes (128ms)
			ProcessInitializeOnLoadMethodAttributes (45ms)
			AfterProcessingInitializeOnLoad (0ms)
			EditorAssembliesLoaded (0ms)
		ExecutionOrderSort2 (0ms)
		AwakeInstancesAfterBackupRestoration (0ms)
========================================================================
Worker process is ready to serve import requests
Import Worker Mode flag is 0x00
Begin MonoManager ReloadAssembly
- Loaded All Assemblies, in  0.746 seconds
Refreshing native plugins compatible for Editor in 1.86 ms, found 4 plugins.
Native extension for WindowsStandalone target not found
Package Manager log level set to [2]
[Package Manager] Failed to launch server process. Reason: Unity was launched with the -noUpm command-line argument
[Package Manager] Unable to send message (not connected to server process).
[Package Manager] Cannot connect to Unity Package Manager local server
The project currently uses the compatibility mode where the Render Graph API is disabled. Support for this mode will be removed in future Unity versions. Migrate existing ScriptableRenderPasses to the new RenderGraph API. After the migration, disable the compatibility mode in Edit > Projects Settings > Graphics > Render Graph.
UnityEngine.Debug:ExtractStackTraceNoAlloc (byte*,int,string)
UnityEngine.StackTraceUtility:ExtractStackTrace ()
UnityEngine.DebugLogHandler:Internal_Log (UnityEngine.LogType,UnityEngine.LogOption,string,UnityEngine.Object)
UnityEngine.DebugLogHandler:LogFormat (UnityEngine.LogType,UnityEngine.Object,string,object[])
UnityEngine.Logger:Log (UnityEngine.LogType,object)
UnityEngine.Debug:LogWarning (object)
UnityEngine.Rendering.Universal.WarnUsingNonRenderGraph:EmitConsoleWarning () (at ./Library/PackageCache/com.unity.render-pipelines.universal@2a2241f53fcd/Runtime/Data/UniversalRenderPipelineAsset.cs:427)
System.Reflection.RuntimeMethodInfo:Invoke (object,System.Reflection.BindingFlags,System.Reflection.Binder,object[],System.Globalization.CultureInfo)
System.Reflection.MethodBase:Invoke (object,object[])
UnityEditor.EditorAssemblies:ProcessInitializeOnLoadMethodAttributes ()

(Filename: ./Library/PackageCache/com.unity.render-pipelines.universal@2a2241f53fcd/Runtime/Data/UniversalRenderPipelineAsset.cs Line: 427)

Mono: successfully reloaded assembly
- Finished resetting the current domain, in  0.665 seconds
Domain Reload Profiling: 1403ms
	BeginReloadAssembly (158ms)
		ExecutionOrderSort (0ms)
		DisableScriptedObjects (7ms)
		BackupInstance (0ms)
		ReleaseScriptingObjects (0ms)
		CreateAndSetChildDomain (26ms)
	RebuildCommonClasses (33ms)
	RebuildNativeTypeToScriptingClass (10ms)
	initialDomainReloadingComplete (37ms)
	LoadAllAssembliesAndSetupDomain (498ms)
		LoadAssemblies (350ms)
		RebuildTransferFunctionScriptingTraits (0ms)
		AnalyzeDomain (235ms)
			TypeCache.Refresh (164ms)
				TypeCache.ScanAssembly (152ms)
			BuildScriptInfoCaches (58ms)
			ResolveRequiredComponents (10ms)
	FinalizeReload (666ms)
		ReleaseScriptCaches (0ms)
		RebuildScriptCaches (0ms)
		SetupLoadedEditorAssemblies (530ms)
			LogAssemblyErrors (0ms)
			InitializePlatformSupportModulesInManaged (2ms)
			SetLoadedEditorAssemblies (4ms)
			BeforeProcessingInitializeOnLoad (116ms)
			ProcessInitializeOnLoadAttributes (303ms)
			ProcessInitializeOnLoadMethodAttributes (99ms)
			AfterProcessingInitializeOnLoad (6ms)
			EditorAssembliesLoaded (0ms)
		ExecutionOrderSort2 (0ms)
		AwakeInstancesAfterBackupRestoration (5ms)
Launched and connected shader compiler UnityShaderCompiler.exe after 0.01 seconds
Refreshing native plugins compatible for Editor in 2.62 ms, found 4 plugins.
Preloading 0 native plugins for Editor in 0.00 ms.
Unloading 14 Unused Serialized files (Serialized files now loaded: 0)
Unloading 6448 unused Assets / (5.4 MB). Loaded Objects now: 7148.
Memory consumption went from 142.0 MB to 136.6 MB.
Total: 8.529000 ms (FindLiveObjects: 1.169600 ms CreateObjectMapping: 0.743800 ms MarkObjects: 3.900200 ms  DeleteObjects: 2.714700 ms)

========================================================================
Received Import Request.
  Time since last request: 164266.371941 seconds.
  path: Assets/UniversalRenderPipelineGlobalSettings.asset
  artifactKey: Guid(93b439a37f63240aca3dd4e01d978a9f) Importer(815301076,1909f56bfc062723c751e8b465ee728b)
Start importing Assets/UniversalRenderPipelineGlobalSettings.asset using Guid(93b439a37f63240aca3dd4e01d978a9f) Importer(815301076,1909f56bfc062723c751e8b465ee728b) (PreviewImporter) -> (artifact id: 'b3a1812570eb2556b223b1ae54b6068a') in 0.015944 seconds
Number of updated asset objects reloaded before import = 0Number of asset objects unloaded after import = 0

========================================================================
Received Import Request.
  Time since last request: 0.000013 seconds.
  path: Assets/NoFriction.physicsMaterial2D
  artifactKey: Guid(e57c154f727d3a74db9d4424add7d341) Importer(815301076,1909f56bfc062723c751e8b465ee728b)
Start importing Assets/NoFriction.physicsMaterial2D using Guid(e57c154f727d3a74db9d4424add7d341) Importer(815301076,1909f56bfc062723c751e8b465ee728b) (PreviewImporter) -> (artifact id: '05bd701eb5c75c64fa7fc7ab302681de') in 0.0009746 seconds
Number of updated asset objects reloaded before import = 0Number of asset objects unloaded after import = 1

========================================================================
Received Prepare
Begin MonoManager ReloadAssembly
- Loaded All Assemblies, in  0.727 seconds
Refreshing native plugins compatible for Editor in 1.67 ms, found 4 plugins.
Native extension for WindowsStandalone target not found
[Package Manager] Failed to launch server process. Reason: Unity was launched with the -noUpm command-line argument
[Package Manager] Unable to send message (not connected to server process).
[Package Manager] Cannot connect to Unity Package Manager local server
The project currently uses the compatibility mode where the Render Graph API is disabled. Support for this mode will be removed in future Unity versions. Migrate existing ScriptableRenderPasses to the new RenderGraph API. After the migration, disable the compatibility mode in Edit > Projects Settings > Graphics > Render Graph.
UnityEngine.Debug:ExtractStackTraceNoAlloc (byte*,int,string)
UnityEngine.StackTraceUtility:ExtractStackTrace ()
UnityEngine.DebugLogHandler:Internal_Log (UnityEngine.LogType,UnityEngine.LogOption,string,UnityEngine.Object)
UnityEngine.DebugLogHandler:LogFormat (UnityEngine.LogType,UnityEngine.Object,string,object[])
UnityEngine.Logger:Log (UnityEngine.LogType,object)
UnityEngine.Debug:LogWarning (object)
UnityEngine.Rendering.Universal.WarnUsingNonRenderGraph:EmitConsoleWarning () (at ./Library/PackageCache/com.unity.render-pipelines.universal@2a2241f53fcd/Runtime/Data/UniversalRenderPipelineAsset.cs:427)
System.Reflection.RuntimeMethodInfo:Invoke (object,System.Reflection.BindingFlags,System.Reflection.Binder,object[],System.Globalization.CultureInfo)
System.Reflection.MethodBase:Invoke (object,object[])
UnityEditor.EditorAssemblies:ProcessInitializeOnLoadMethodAttributes ()

(Filename: ./Library/PackageCache/com.unity.render-pipelines.universal@2a2241f53fcd/Runtime/Data/UniversalRenderPipelineAsset.cs Line: 427)

Mono: successfully reloaded assembly
- Finished resetting the current domain, in  0.692 seconds
Domain Reload Profiling: 1415ms
	BeginReloadAssembly (205ms)
		ExecutionOrderSort (0ms)
		DisableScriptedObjects (12ms)
		BackupInstance (0ms)
		ReleaseScriptingObjects (0ms)
		CreateAndSetChildDomain (43ms)
	RebuildCommonClasses (36ms)
	RebuildNativeTypeToScriptingClass (11ms)
	initialDomainReloadingComplete (30ms)
	LoadAllAssembliesAndSetupDomain (440ms)
		LoadAssemblies (357ms)
		RebuildTransferFunctionScriptingTraits (0ms)
		AnalyzeDomain (180ms)
			TypeCache.Refresh (5ms)
				TypeCache.ScanAssembly (0ms)
			BuildScriptInfoCaches (162ms)
			ResolveRequiredComponents (10ms)
	FinalizeReload (693ms)
		ReleaseScriptCaches (0ms)
		RebuildScriptCaches (0ms)
		SetupLoadedEditorAssemblies (554ms)
			LogAssemblyErrors (0ms)
			InitializePlatformSupportModulesInManaged (2ms)
			SetLoadedEditorAssemblies (4ms)
			BeforeProcessingInitializeOnLoad (140ms)
			ProcessInitializeOnLoadAttributes (333ms)
			ProcessInitializeOnLoadMethodAttributes (66ms)
			AfterProcessingInitializeOnLoad (9ms)
			EditorAssembliesLoaded (0ms)
		ExecutionOrderSort2 (0ms)
		AwakeInstancesAfterBackupRestoration (14ms)
Refreshing native plugins compatible for Editor in 2.05 ms, found 4 plugins.
Preloading 0 native plugins for Editor in 0.00 ms.
Unloading 14 Unused Serialized files (Serialized files now loaded: 0)
Unloading 6446 unused Assets / (4.5 MB). Loaded Objects now: 7154.
Memory consumption went from 143.7 MB to 139.2 MB.
Total: 6.929800 ms (FindLiveObjects: 0.619100 ms CreateObjectMapping: 0.337500 ms MarkObjects: 4.026900 ms  DeleteObjects: 1.945300 ms)

Prepare: number of updated asset objects reloaded= 0
========================================================================
Received Import Request.
  Time since last request: 91.814693 seconds.
  path: Assets/Tilemap
  artifactKey: Guid(5ba984f34b9e98c4a96a389db4571295) Importer(815301076,1909f56bfc062723c751e8b465ee728b)
Start importing Assets/Tilemap using Guid(5ba984f34b9e98c4a96a389db4571295) Importer(815301076,1909f56bfc062723c751e8b465ee728b) (PreviewImporter) -> (artifact id: '4ae2058d66e34c1b051ccb746ded7da1') in 0.0048528 seconds
Number of updated asset objects reloaded before import = 0Number of asset objects unloaded after import = 0

========================================================================
Received Import Request.
  Time since last request: 0.653325 seconds.
  path: Assets/Scripts
  artifactKey: Guid(49d7ddc107d52474da69a0f07218e5bc) Importer(815301076,1909f56bfc062723c751e8b465ee728b)
Start importing Assets/Scripts using Guid(49d7ddc107d52474da69a0f07218e5bc) Importer(815301076,1909f56bfc062723c751e8b465ee728b) (PreviewImporter) -> (artifact id: '5d5bfa049cfa0d360b584c2e2cf9ac76') in 0.0005789 seconds
Number of updated asset objects reloaded before import = 0Number of asset objects unloaded after import = 0

========================================================================
Received Import Request.
  Time since last request: 1.247674 seconds.
  path: Assets/Scripts/Events.cs
  artifactKey: Guid(b73caf9bbc3814347a5d6cca4ff98d3f) Importer(815301076,1909f56bfc062723c751e8b465ee728b)
Start importing Assets/Scripts/Events.cs using Guid(b73caf9bbc3814347a5d6cca4ff98d3f) Importer(815301076,1909f56bfc062723c751e8b465ee728b) (PreviewImporter) -> (artifact id: 'adb76af44f8f357586718b2534e04946') in 0.000778 seconds
Number of updated asset objects reloaded before import = 0Number of asset objects unloaded after import = 0

========================================================================
Received Import Request.
  Time since last request: 0.426181 seconds.
  path: Assets/Scripts/ExitTrigger.cs
  artifactKey: Guid(34dde9c30460f9f4fb65f60320725a25) Importer(815301076,1909f56bfc062723c751e8b465ee728b)
Start importing Assets/Scripts/ExitTrigger.cs using Guid(34dde9c30460f9f4fb65f60320725a25) Importer(815301076,1909f56bfc062723c751e8b465ee728b) (PreviewImporter) -> (artifact id: '7277a6e61801c1b2db2bffdbf9144133') in 0.0007503 seconds
Number of updated asset objects reloaded before import = 0Number of asset objects unloaded after import = 0

========================================================================
Received Import Request.
  Time since last request: 0.439090 seconds.
  path: Assets/Scripts/GameManager.cs
  artifactKey: Guid(eccbc272a5f6a894bbdb3971136bbfe7) Importer(815301076,1909f56bfc062723c751e8b465ee728b)
Start importing Assets/Scripts/GameManager.cs using Guid(eccbc272a5f6a894bbdb3971136bbfe7) Importer(815301076,1909f56bfc062723c751e8b465ee728b) (PreviewImporter) -> (artifact id: 'c6c5a9bbf73732de77ec515437da0d7a') in 0.0005531 seconds
Number of updated asset objects reloaded before import = 0Number of asset objects unloaded after import = 0

========================================================================
Received Import Request.
  Time since last request: 0.952401 seconds.
  path: Assets/Scripts/PlayerController.cs
  artifactKey: Guid(7d4a31ff104c69749a6b245ac327ad68) Importer(815301076,1909f56bfc062723c751e8b465ee728b)
Start importing Assets/Scripts/PlayerController.cs using Guid(7d4a31ff104c69749a6b245ac327ad68) Importer(815301076,1909f56bfc062723c751e8b465ee728b) (PreviewImporter) -> (artifact id: '4ccac49a6cda6015f5341e34efaede6f') in 0.0005441 seconds
Number of updated asset objects reloaded before import = 0Number of asset objects unloaded after import = 0

========================================================================
Received Prepare
Refreshing native plugins compatible for Editor in 2.66 ms, found 4 plugins.
Preloading 0 native plugins for Editor in 0.00 ms.
Unloading 14 Unused Serialized files (Serialized files now loaded: 0)
Unloading 6436 unused Assets / (4.3 MB). Loaded Objects now: 7154.
Memory consumption went from 143.9 MB to 139.5 MB.
Total: 9.992100 ms (FindLiveObjects: 1.042300 ms CreateObjectMapping: 1.182500 ms MarkObjects: 5.274100 ms  DeleteObjects: 2.492300 ms)

Prepare: number of updated asset objects reloaded= 0
========================================================================
Received Prepare
Begin MonoManager ReloadAssembly
- Loaded All Assemblies, in  2.416 seconds
Refreshing native plugins compatible for Editor in 1.79 ms, found 4 plugins.
Native extension for WindowsStandalone target not found
[Package Manager] Failed to launch server process. Reason: Unity was launched with the -noUpm command-line argument
[Package Manager] Unable to send message (not connected to server process).
[Package Manager] Cannot connect to Unity Package Manager local server
The project currently uses the compatibility mode where the Render Graph API is disabled. Support for this mode will be removed in future Unity versions. Migrate existing ScriptableRenderPasses to the new RenderGraph API. After the migration, disable the compatibility mode in Edit > Projects Settings > Graphics > Render Graph.
UnityEngine.Debug:ExtractStackTraceNoAlloc (byte*,int,string)
UnityEngine.StackTraceUtility:ExtractStackTrace ()
UnityEngine.DebugLogHandler:Internal_Log (UnityEngine.LogType,UnityEngine.LogOption,string,UnityEngine.Object)
UnityEngine.DebugLogHandler:LogFormat (UnityEngine.LogType,UnityEngine.Object,string,object[])
UnityEngine.Logger:Log (UnityEngine.LogType,object)
UnityEngine.Debug:LogWarning (object)
UnityEngine.Rendering.Universal.WarnUsingNonRenderGraph:EmitConsoleWarning () (at ./Library/PackageCache/com.unity.render-pipelines.universal@2a2241f53fcd/Runtime/Data/UniversalRenderPipelineAsset.cs:427)
System.Reflection.RuntimeMethodInfo:Invoke (object,System.Reflection.BindingFlags,System.Reflection.Binder,object[],System.Globalization.CultureInfo)
System.Reflection.MethodBase:Invoke (object,object[])
UnityEditor.EditorAssemblies:ProcessInitializeOnLoadMethodAttributes ()

(Filename: ./Library/PackageCache/com.unity.render-pipelines.universal@2a2241f53fcd/Runtime/Data/UniversalRenderPipelineAsset.cs Line: 427)

Mono: successfully reloaded assembly
- Finished resetting the current domain, in  0.669 seconds
Domain Reload Profiling: 3079ms
	BeginReloadAssembly (465ms)
		ExecutionOrderSort (0ms)
		DisableScriptedObjects (13ms)
		BackupInstance (0ms)
		ReleaseScriptingObjects (0ms)
		CreateAndSetChildDomain (51ms)
	RebuildCommonClasses (130ms)
	RebuildNativeTypeToScriptingClass (13ms)
	initialDomainReloadingComplete (38ms)
	LoadAllAssembliesAndSetupDomain (1764ms)
		LoadAssemblies (1934ms)
		RebuildTransferFunctionScriptingTraits (0ms)
		AnalyzeDomain (177ms)
			TypeCache.Refresh (9ms)
				TypeCache.ScanAssembly (0ms)
			BuildScriptInfoCaches (154ms)
			ResolveRequiredComponents (10ms)
	FinalizeReload (669ms)
		ReleaseScriptCaches (0ms)
		RebuildScriptCaches (0ms)
		SetupLoadedEditorAssemblies (537ms)
			LogAssemblyErrors (0ms)
			InitializePlatformSupportModulesInManaged (2ms)
			SetLoadedEditorAssemblies (5ms)
			BeforeProcessingInitializeOnLoad (149ms)
			ProcessInitializeOnLoadAttributes (313ms)
			ProcessInitializeOnLoadMethodAttributes (60ms)
			AfterProcessingInitializeOnLoad (8ms)
			EditorAssembliesLoaded (0ms)
		ExecutionOrderSort2 (0ms)
		AwakeInstancesAfterBackupRestoration (13ms)
Refreshing native plugins compatible for Editor in 1.83 ms, found 4 plugins.
Preloading 0 native plugins for Editor in 0.00 ms.
Unloading 14 Unused Serialized files (Serialized files now loaded: 0)
Unloading 6446 unused Assets / (3.9 MB). Loaded Objects now: 7156.
Memory consumption went from 143.7 MB to 139.9 MB.
Total: 6.705100 ms (FindLiveObjects: 0.605800 ms CreateObjectMapping: 0.342500 ms MarkObjects: 3.810200 ms  DeleteObjects: 1.945900 ms)

Prepare: number of updated asset objects reloaded= 0
========================================================================
Received Prepare
Begin MonoManager ReloadAssembly
- Loaded All Assemblies, in  0.690 seconds
Refreshing native plugins compatible for Editor in 1.79 ms, found 4 plugins.
Native extension for WindowsStandalone target not found
[Package Manager] Failed to launch server process. Reason: Unity was launched with the -noUpm command-line argument
[Package Manager] Unable to send message (not connected to server process).
[Package Manager] Cannot connect to Unity Package Manager local server
The project currently uses the compatibility mode where the Render Graph API is disabled. Support for this mode will be removed in future Unity versions. Migrate existing ScriptableRenderPasses to the new RenderGraph API. After the migration, disable the compatibility mode in Edit > Projects Settings > Graphics > Render Graph.
UnityEngine.Debug:ExtractStackTraceNoAlloc (byte*,int,string)
UnityEngine.StackTraceUtility:ExtractStackTrace ()
UnityEngine.DebugLogHandler:Internal_Log (UnityEngine.LogType,UnityEngine.LogOption,string,UnityEngine.Object)
UnityEngine.DebugLogHandler:LogFormat (UnityEngine.LogType,UnityEngine.Object,string,object[])
UnityEngine.Logger:Log (UnityEngine.LogType,object)
UnityEngine.Debug:LogWarning (object)
UnityEngine.Rendering.Universal.WarnUsingNonRenderGraph:EmitConsoleWarning () (at ./Library/PackageCache/com.unity.render-pipelines.universal@2a2241f53fcd/Runtime/Data/UniversalRenderPipelineAsset.cs:427)
System.Reflection.RuntimeMethodInfo:Invoke (object,System.Reflection.BindingFlags,System.Reflection.Binder,object[],System.Globalization.CultureInfo)
System.Reflection.MethodBase:Invoke (object,object[])
UnityEditor.EditorAssemblies:ProcessInitializeOnLoadMethodAttributes ()

(Filename: ./Library/PackageCache/com.unity.render-pipelines.universal@2a2241f53fcd/Runtime/Data/UniversalRenderPipelineAsset.cs Line: 427)

Mono: successfully reloaded assembly
- Finished resetting the current domain, in  0.667 seconds
Domain Reload Profiling: 1353ms
	BeginReloadAssembly (194ms)
		ExecutionOrderSort (0ms)
		DisableScriptedObjects (13ms)
		BackupInstance (0ms)
		ReleaseScriptingObjects (0ms)
		CreateAndSetChildDomain (41ms)
	RebuildCommonClasses (29ms)
	RebuildNativeTypeToScriptingClass (10ms)
	initialDomainReloadingComplete (29ms)
	LoadAllAssembliesAndSetupDomain (423ms)
		LoadAssemblies (326ms)
		RebuildTransferFunctionScriptingTraits (0ms)
		AnalyzeDomain (185ms)
			TypeCache.Refresh (6ms)
				TypeCache.ScanAssembly (0ms)
			BuildScriptInfoCaches (165ms)
			ResolveRequiredComponents (11ms)
	FinalizeReload (667ms)
		ReleaseScriptCaches (0ms)
		RebuildScriptCaches (0ms)
		SetupLoadedEditorAssemblies (531ms)
			LogAssemblyErrors (0ms)
			InitializePlatformSupportModulesInManaged (2ms)
			SetLoadedEditorAssemblies (4ms)
			BeforeProcessingInitializeOnLoad (125ms)
			ProcessInitializeOnLoadAttributes (326ms)
			ProcessInitializeOnLoadMethodAttributes (64ms)
			AfterProcessingInitializeOnLoad (9ms)
			EditorAssembliesLoaded (0ms)
		ExecutionOrderSort2 (0ms)
		AwakeInstancesAfterBackupRestoration (14ms)
Refreshing native plugins compatible for Editor in 2.10 ms, found 4 plugins.
Preloading 0 native plugins for Editor in 0.00 ms.
Unloading 14 Unused Serialized files (Serialized files now loaded: 0)
Unloading 6446 unused Assets / (4.6 MB). Loaded Objects now: 7158.
Memory consumption went from 143.8 MB to 139.2 MB.
Total: 7.864500 ms (FindLiveObjects: 0.667100 ms CreateObjectMapping: 0.504100 ms MarkObjects: 4.325400 ms  DeleteObjects: 2.366800 ms)

Prepare: number of updated asset objects reloaded= 0
========================================================================
Received Prepare
Refreshing native plugins compatible for Editor in 3.06 ms, found 4 plugins.
Preloading 0 native plugins for Editor in 0.00 ms.
Unloading 14 Unused Serialized files (Serialized files now loaded: 0)
Unloading 6436 unused Assets / (4.6 MB). Loaded Objects now: 7158.
Memory consumption went from 143.9 MB to 139.3 MB.
Total: 10.080300 ms (FindLiveObjects: 0.975400 ms CreateObjectMapping: 0.634000 ms MarkObjects: 5.242800 ms  DeleteObjects: 3.227200 ms)

Prepare: number of updated asset objects reloaded= 0
========================================================================
Received Prepare
Begin MonoManager ReloadAssembly
- Loaded All Assemblies, in  0.778 seconds
Refreshing native plugins compatible for Editor in 2.12 ms, found 4 plugins.
Native extension for WindowsStandalone target not found
[Package Manager] Failed to launch server process. Reason: Unity was launched with the -noUpm command-line argument
[Package Manager] Unable to send message (not connected to server process).
[Package Manager] Cannot connect to Unity Package Manager local server
The project currently uses the compatibility mode where the Render Graph API is disabled. Support for this mode will be removed in future Unity versions. Migrate existing ScriptableRenderPasses to the new RenderGraph API. After the migration, disable the compatibility mode in Edit > Projects Settings > Graphics > Render Graph.
UnityEngine.Debug:ExtractStackTraceNoAlloc (byte*,int,string)
UnityEngine.StackTraceUtility:ExtractStackTrace ()
UnityEngine.DebugLogHandler:Internal_Log (UnityEngine.LogType,UnityEngine.LogOption,string,UnityEngine.Object)
UnityEngine.DebugLogHandler:LogFormat (UnityEngine.LogType,UnityEngine.Object,string,object[])
UnityEngine.Logger:Log (UnityEngine.LogType,object)
UnityEngine.Debug:LogWarning (object)
UnityEngine.Rendering.Universal.WarnUsingNonRenderGraph:EmitConsoleWarning () (at ./Library/PackageCache/com.unity.render-pipelines.universal@2a2241f53fcd/Runtime/Data/UniversalRenderPipelineAsset.cs:427)
System.Reflection.RuntimeMethodInfo:Invoke (object,System.Reflection.BindingFlags,System.Reflection.Binder,object[],System.Globalization.CultureInfo)
System.Reflection.MethodBase:Invoke (object,object[])
UnityEditor.EditorAssemblies:ProcessInitializeOnLoadMethodAttributes ()

(Filename: ./Library/PackageCache/com.unity.render-pipelines.universal@2a2241f53fcd/Runtime/Data/UniversalRenderPipelineAsset.cs Line: 427)

Mono: successfully reloaded assembly
- Finished resetting the current domain, in  0.671 seconds
Domain Reload Profiling: 1443ms
	BeginReloadAssembly (193ms)
		ExecutionOrderSort (0ms)
		DisableScriptedObjects (14ms)
		BackupInstance (0ms)
		ReleaseScriptingObjects (0ms)
		CreateAndSetChildDomain (40ms)
	RebuildCommonClasses (40ms)
	RebuildNativeTypeToScriptingClass (17ms)
	initialDomainReloadingComplete (37ms)
	LoadAllAssembliesAndSetupDomain (484ms)
		LoadAssemblies (367ms)
		RebuildTransferFunctionScriptingTraits (0ms)
		AnalyzeDomain (204ms)
			TypeCache.Refresh (7ms)
				TypeCache.ScanAssembly (0ms)
			BuildScriptInfoCaches (181ms)
			ResolveRequiredComponents (10ms)
	FinalizeReload (672ms)
		ReleaseScriptCaches (0ms)
		RebuildScriptCaches (0ms)
		SetupLoadedEditorAssemblies (531ms)
			LogAssemblyErrors (0ms)
			InitializePlatformSupportModulesInManaged (2ms)
			SetLoadedEditorAssemblies (4ms)
			BeforeProcessingInitializeOnLoad (170ms)
			ProcessInitializeOnLoadAttributes (297ms)
			ProcessInitializeOnLoadMethodAttributes (50ms)
			AfterProcessingInitializeOnLoad (7ms)
			EditorAssembliesLoaded (0ms)
		ExecutionOrderSort2 (0ms)
		AwakeInstancesAfterBackupRestoration (11ms)
Refreshing native plugins compatible for Editor in 2.09 ms, found 4 plugins.
Preloading 0 native plugins for Editor in 0.00 ms.
Unloading 14 Unused Serialized files (Serialized files now loaded: 0)
Unloading 6446 unused Assets / (4.5 MB). Loaded Objects now: 7160.
Memory consumption went from 143.8 MB to 139.3 MB.
Total: 6.600400 ms (FindLiveObjects: 0.653900 ms CreateObjectMapping: 0.348400 ms MarkObjects: 3.708600 ms  DeleteObjects: 1.889000 ms)

Prepare: number of updated asset objects reloaded= 0
========================================================================
Received Import Request.
  Time since last request: 235.589586 seconds.
  path: Assets/png/BG
  artifactKey: Guid(f346de12f1574f049aedc0b4130688b1) Importer(815301076,1909f56bfc062723c751e8b465ee728b)
Start importing Assets/png/BG using Guid(f346de12f1574f049aedc0b4130688b1) Importer(815301076,1909f56bfc062723c751e8b465ee728b) (PreviewImporter) -> (artifact id: 'b989eb43a9a66c5ee407b9d0b2a5c90c') in 0.0225056 seconds
Number of updated asset objects reloaded before import = 0Number of asset objects unloaded after import = 0

========================================================================
Received Import Request.
  Time since last request: 0.000012 seconds.
  path: Assets/png/BG/BG.png
  artifactKey: Guid(8e75cd2633e0a3e40b7f1f7beeb7178c) Importer(815301076,1909f56bfc062723c751e8b465ee728b)
Start importing Assets/png/BG/BG.png using Guid(8e75cd2633e0a3e40b7f1f7beeb7178c) Importer(815301076,1909f56bfc062723c751e8b465ee728b) (PreviewImporter) -> (artifact id: '79500a91a394e41407430181ca082ae6') in 0.1085451 seconds
Number of updated asset objects reloaded before import = 0Number of asset objects unloaded after import = 3

========================================================================
Received Import Request.
  Time since last request: 2.699035 seconds.
  path: Assets/png/Object/Crate.png
  artifactKey: Guid(2c6d7d02209c7f94086c4d68d45ab2b3) Importer(815301076,1909f56bfc062723c751e8b465ee728b)
Start importing Assets/png/Object/Crate.png using Guid(2c6d7d02209c7f94086c4d68d45ab2b3) Importer(815301076,1909f56bfc062723c751e8b465ee728b) (PreviewImporter) -> (artifact id: '183005afd1dfed7124f3844689b692fe') in 0.0232627 seconds
Number of updated asset objects reloaded before import = 0Number of asset objects unloaded after import = 3

========================================================================
Received Import Request.
  Time since last request: 0.000018 seconds.
  path: Assets/png/Object/heart (1).png
  artifactKey: Guid(b693eb9329bf3b04b89ff8740c18a857) Importer(815301076,1909f56bfc062723c751e8b465ee728b)
Start importing Assets/png/Object/heart (1).png using Guid(b693eb9329bf3b04b89ff8740c18a857) Importer(815301076,1909f56bfc062723c751e8b465ee728b) (PreviewImporter) -> (artifact id: '93b8f2d08523de88e1e4d5cb7cfca853') in 0.0278088 seconds
Number of updated asset objects reloaded before import = 0Number of asset objects unloaded after import = 3

========================================================================
Received Import Request.
  Time since last request: 0.000015 seconds.
  path: Assets/png/Object/Sign_1.png
  artifactKey: Guid(4991c79370c017c48b0b21e681ecd400) Importer(815301076,1909f56bfc062723c751e8b465ee728b)
Start importing Assets/png/Object/Sign_1.png using Guid(4991c79370c017c48b0b21e681ecd400) Importer(815301076,1909f56bfc062723c751e8b465ee728b) (PreviewImporter) -> (artifact id: '5b6c2c16e6054c8005452558c22c230c') in 0.0166994 seconds
Number of updated asset objects reloaded before import = 0Number of asset objects unloaded after import = 3

========================================================================
Received Import Request.
  Time since last request: 0.000021 seconds.
  path: Assets/png/Object/heart.png
  artifactKey: Guid(45c70376f652317479598a69cb209e70) Importer(815301076,1909f56bfc062723c751e8b465ee728b)
Start importing Assets/png/Object/heart.png using Guid(45c70376f652317479598a69cb209e70) Importer(815301076,1909f56bfc062723c751e8b465ee728b) (PreviewImporter) -> (artifact id: '98c841f4b63108fb48901037a086c290') in 0.0242788 seconds
Number of updated asset objects reloaded before import = 0Number of asset objects unloaded after import = 3

========================================================================
Received Import Request.
  Time since last request: 0.000012 seconds.
  path: Assets/png/Object/Tree_2.png
  artifactKey: Guid(b4c9186ea0aecb04e9c60350e0c7bd73) Importer(815301076,1909f56bfc062723c751e8b465ee728b)
Start importing Assets/png/Object/Tree_2.png using Guid(b4c9186ea0aecb04e9c60350e0c7bd73) Importer(815301076,1909f56bfc062723c751e8b465ee728b) (PreviewImporter) -> (artifact id: '96215868afee81f84d7d4415873025ac') in 0.0250351 seconds
Number of updated asset objects reloaded before import = 0Number of asset objects unloaded after import = 3

========================================================================
Received Import Request.
  Time since last request: 0.000012 seconds.
  path: Assets/png/Object/Igloo.png
  artifactKey: Guid(1147b4a36989e0a4aa9e12fc7609170a) Importer(815301076,1909f56bfc062723c751e8b465ee728b)
Start importing Assets/png/Object/Igloo.png using Guid(1147b4a36989e0a4aa9e12fc7609170a) Importer(815301076,1909f56bfc062723c751e8b465ee728b) (PreviewImporter) -> (artifact id: 'a4300487a4986177109c00a944d3a81f') in 0.0218913 seconds
Number of updated asset objects reloaded before import = 0Number of asset objects unloaded after import = 3

========================================================================
Received Import Request.
  Time since last request: 0.000017 seconds.
  path: Assets/png/Object/dollar.png
  artifactKey: Guid(4f46345b2ad5c904b9c6458aaf0fd9d0) Importer(815301076,1909f56bfc062723c751e8b465ee728b)
Start importing Assets/png/Object/dollar.png using Guid(4f46345b2ad5c904b9c6458aaf0fd9d0) Importer(815301076,1909f56bfc062723c751e8b465ee728b) (PreviewImporter) -> (artifact id: '1e074a64af7e80b763699d3ce733ab04') in 0.0240577 seconds
Number of updated asset objects reloaded before import = 0Number of asset objects unloaded after import = 3

========================================================================
Received Import Request.
  Time since last request: 6.753840 seconds.
  path: Assets/png/Tiles/2.png
  artifactKey: Guid(71b1a722fdb09144f9ea56bf2eb18993) Importer(815301076,1909f56bfc062723c751e8b465ee728b)
Start importing Assets/png/Tiles/2.png using Guid(71b1a722fdb09144f9ea56bf2eb18993) Importer(815301076,1909f56bfc062723c751e8b465ee728b) (PreviewImporter) -> (artifact id: '85520b801225a6a79bda826944becc7a') in 0.0197243 seconds
Number of updated asset objects reloaded before import = 0Number of asset objects unloaded after import = 3

========================================================================
Received Import Request.
  Time since last request: 0.000012 seconds.
  path: Assets/png/Tiles/7.png
  artifactKey: Guid(2791386c482a36d40acbd9edf70cce26) Importer(815301076,1909f56bfc062723c751e8b465ee728b)
Start importing Assets/png/Tiles/7.png using Guid(2791386c482a36d40acbd9edf70cce26) Importer(815301076,1909f56bfc062723c751e8b465ee728b) (PreviewImporter) -> (artifact id: 'e71e647d8e2235ec68ff8d40be7489e0') in 0.0151237 seconds
Number of updated asset objects reloaded before import = 0Number of asset objects unloaded after import = 3

========================================================================
Received Import Request.
  Time since last request: 0.000012 seconds.
  path: Assets/png/Tiles/12.png
  artifactKey: Guid(d3e244fc89479c149b563e6b77f9dcad) Importer(815301076,1909f56bfc062723c751e8b465ee728b)
Start importing Assets/png/Tiles/12.png using Guid(d3e244fc89479c149b563e6b77f9dcad) Importer(815301076,1909f56bfc062723c751e8b465ee728b) (PreviewImporter) -> (artifact id: 'da5f2582aaf8db9e62d3fcf20d412d9d') in 0.012725 seconds
Number of updated asset objects reloaded before import = 0Number of asset objects unloaded after import = 3

========================================================================
Received Import Request.
  Time since last request: 0.000014 seconds.
  path: Assets/png/Tiles/5.png
  artifactKey: Guid(5efdf26f223663941bf9220c898cc088) Importer(815301076,1909f56bfc062723c751e8b465ee728b)
Start importing Assets/png/Tiles/5.png using Guid(5efdf26f223663941bf9220c898cc088) Importer(815301076,1909f56bfc062723c751e8b465ee728b) (PreviewImporter) -> (artifact id: '9313a8b3769e6aefd38ea1a613abdf8b') in 0.0204392 seconds
Number of updated asset objects reloaded before import = 0Number of asset objects unloaded after import = 3

========================================================================
Received Import Request.
  Time since last request: 0.000020 seconds.
  path: Assets/png/Tiles/13.png
  artifactKey: Guid(86040eb67c3edb4469f658ebd3dc0baf) Importer(815301076,1909f56bfc062723c751e8b465ee728b)
Start importing Assets/png/Tiles/13.png using Guid(86040eb67c3edb4469f658ebd3dc0baf) Importer(815301076,1909f56bfc062723c751e8b465ee728b) (PreviewImporter) -> (artifact id: '60bd18671fa192f32ff47f7b400d94f0') in 0.0152431 seconds
Number of updated asset objects reloaded before import = 0Number of asset objects unloaded after import = 3

========================================================================
Received Import Request.
  Time since last request: 0.000012 seconds.
  path: Assets/png/Tiles/11.png
  artifactKey: Guid(e858d7d1d7f74644da31eb88a097e3f9) Importer(815301076,1909f56bfc062723c751e8b465ee728b)
Start importing Assets/png/Tiles/11.png using Guid(e858d7d1d7f74644da31eb88a097e3f9) Importer(815301076,1909f56bfc062723c751e8b465ee728b) (PreviewImporter) -> (artifact id: 'f9a2b9d90f8575a5b25b73c9960ff4ae') in 0.0149243 seconds
Number of updated asset objects reloaded before import = 0Number of asset objects unloaded after import = 3

========================================================================
Received Import Request.
  Time since last request: 0.000013 seconds.
  path: Assets/png/Tiles/15.png
  artifactKey: Guid(48b9837e509dba54089851d693e8dce1) Importer(815301076,1909f56bfc062723c751e8b465ee728b)
Start importing Assets/png/Tiles/15.png using Guid(48b9837e509dba54089851d693e8dce1) Importer(815301076,1909f56bfc062723c751e8b465ee728b) (PreviewImporter) -> (artifact id: 'ec770c9aa85d7a6eb2ade7d617819aba') in 0.0230371 seconds
Number of updated asset objects reloaded before import = 0Number of asset objects unloaded after import = 3

========================================================================
Received Import Request.
  Time since last request: 1.572224 seconds.
  path: Assets/Objects/Sign_1.asset
  artifactKey: Guid(8ebd10de12b07094bbc33d78b2f2ba28) Importer(815301076,1909f56bfc062723c751e8b465ee728b)
Start importing Assets/Objects/Sign_1.asset using Guid(8ebd10de12b07094bbc33d78b2f2ba28) Importer(815301076,1909f56bfc062723c751e8b465ee728b) (PreviewImporter) -> (artifact id: 'c3fa50d52da2e565fedd9fe901b17784') in 0.0377238 seconds
Number of updated asset objects reloaded before import = 0Number of asset objects unloaded after import = 3

========================================================================
Received Import Request.
  Time since last request: 0.000012 seconds.
  path: Assets/Objects/Tree_1.prefab
  artifactKey: Guid(236ed75a06a8601458e9f093f42126e3) Importer(815301076,1909f56bfc062723c751e8b465ee728b)
Start importing Assets/Objects/Tree_1.prefab using Guid(236ed75a06a8601458e9f093f42126e3) Importer(815301076,1909f56bfc062723c751e8b465ee728b) (PreviewImporter) -> (artifact id: '15689d36b05286788a2708137b628c6e') in 0.2095943 seconds
Number of updated asset objects reloaded before import = 0Number of asset objects unloaded after import = 8

========================================================================
Received Import Request.
  Time since last request: 9.120973 seconds.
  path: Assets/cat/Dead (2).png
  artifactKey: Guid(2ac418259dd228a46a787ffd0978b3bd) Importer(815301076,1909f56bfc062723c751e8b465ee728b)
Start importing Assets/cat/Dead (2).png using Guid(2ac418259dd228a46a787ffd0978b3bd) Importer(815301076,1909f56bfc062723c751e8b465ee728b) (PreviewImporter) -> (artifact id: '826e0fbec5af5f0e1e3960d59d24afc1') in 0.0142605 seconds
Number of updated asset objects reloaded before import = 0Number of asset objects unloaded after import = 3

========================================================================
Received Import Request.
  Time since last request: 0.000018 seconds.
  path: Assets/cat/Dead (5).png
  artifactKey: Guid(b5175b777c087a947a8f904d7ec1fbfa) Importer(815301076,1909f56bfc062723c751e8b465ee728b)
Start importing Assets/cat/Dead (5).png using Guid(b5175b777c087a947a8f904d7ec1fbfa) Importer(815301076,1909f56bfc062723c751e8b465ee728b) (PreviewImporter) -> (artifact id: '8a71c30953cd34eff31e366b27fc0c81') in 0.0133719 seconds
Number of updated asset objects reloaded before import = 0Number of asset objects unloaded after import = 3

========================================================================
Received Import Request.
  Time since last request: 0.000027 seconds.
  path: Assets/cat/Dead (7).png
  artifactKey: Guid(897034efb57bcd64081831b0d8a86b04) Importer(815301076,1909f56bfc062723c751e8b465ee728b)
Start importing Assets/cat/Dead (7).png using Guid(897034efb57bcd64081831b0d8a86b04) Importer(815301076,1909f56bfc062723c751e8b465ee728b) (PreviewImporter) -> (artifact id: 'cb1976d29942294a2ffb6e615a9adeae') in 0.0131395 seconds
Number of updated asset objects reloaded before import = 0Number of asset objects unloaded after import = 3

========================================================================
Received Import Request.
  Time since last request: 0.000016 seconds.
  path: Assets/cat/Fall (8).png
  artifactKey: Guid(5f9b1f944c559794681341668285bda5) Importer(815301076,1909f56bfc062723c751e8b465ee728b)
Start importing Assets/cat/Fall (8).png using Guid(5f9b1f944c559794681341668285bda5) Importer(815301076,1909f56bfc062723c751e8b465ee728b) (PreviewImporter) -> (artifact id: 'aecac4d2651b222fc2d7efd2f3bc8e95') in 0.0143819 seconds
Number of updated asset objects reloaded before import = 0Number of asset objects unloaded after import = 3

========================================================================
Received Import Request.
  Time since last request: 0.000017 seconds.
  path: Assets/cat/Idle (2).png
  artifactKey: Guid(09578385c095c164e927aaf10f62b7fd) Importer(815301076,1909f56bfc062723c751e8b465ee728b)
Start importing Assets/cat/Idle (2).png using Guid(09578385c095c164e927aaf10f62b7fd) Importer(815301076,1909f56bfc062723c751e8b465ee728b) (PreviewImporter) -> (artifact id: 'ecb216cfc9edf08cb0ff003ea58a1b41') in 0.0142719 seconds
Number of updated asset objects reloaded before import = 0Number of asset objects unloaded after import = 3

========================================================================
Received Import Request.
  Time since last request: 0.000016 seconds.
  path: Assets/cat/Idle (8).png
  artifactKey: Guid(7ff0d26f085c96c43a1263ee938133ac) Importer(815301076,1909f56bfc062723c751e8b465ee728b)
Start importing Assets/cat/Idle (8).png using Guid(7ff0d26f085c96c43a1263ee938133ac) Importer(815301076,1909f56bfc062723c751e8b465ee728b) (PreviewImporter) -> (artifact id: 'bbff34dca883a1099859e518537afe7d') in 0.0147355 seconds
Number of updated asset objects reloaded before import = 0Number of asset objects unloaded after import = 3

========================================================================
Received Import Request.
  Time since last request: 0.000020 seconds.
  path: Assets/cat/Run (1).png
  artifactKey: Guid(22594910c83ca9d4d94e39cf5d0ff69a) Importer(815301076,1909f56bfc062723c751e8b465ee728b)
Start importing Assets/cat/Run (1).png using Guid(22594910c83ca9d4d94e39cf5d0ff69a) Importer(815301076,1909f56bfc062723c751e8b465ee728b) (PreviewImporter) -> (artifact id: 'f432ec2ee40956a38446317507669577') in 0.0134745 seconds
Number of updated asset objects reloaded before import = 0Number of asset objects unloaded after import = 3

========================================================================
Received Import Request.
  Time since last request: 0.000025 seconds.
  path: Assets/cat/Slide (2).png
  artifactKey: Guid(c4d2a0e6663778f41b3b1fef65ecc504) Importer(815301076,1909f56bfc062723c751e8b465ee728b)
Start importing Assets/cat/Slide (2).png using Guid(c4d2a0e6663778f41b3b1fef65ecc504) Importer(815301076,1909f56bfc062723c751e8b465ee728b) (PreviewImporter) -> (artifact id: '939794f4426a2688b6803befb553b4b0') in 0.0126457 seconds
Number of updated asset objects reloaded before import = 0Number of asset objects unloaded after import = 3

========================================================================
Received Import Request.
  Time since last request: 0.000021 seconds.
  path: Assets/cat/Slide (7).png
  artifactKey: Guid(decf0d806ff022d40883bcadde274192) Importer(815301076,1909f56bfc062723c751e8b465ee728b)
Start importing Assets/cat/Slide (7).png using Guid(decf0d806ff022d40883bcadde274192) Importer(815301076,1909f56bfc062723c751e8b465ee728b) (PreviewImporter) -> (artifact id: '6d825237f272ae4a58bf64ba8f83ea6b') in 0.0150506 seconds
Number of updated asset objects reloaded before import = 0Number of asset objects unloaded after import = 3

========================================================================
Received Import Request.
  Time since last request: 0.000016 seconds.
  path: Assets/cat/Slide (6).png
  artifactKey: Guid(3bab987170cf09c4d9ca947cd869c5b0) Importer(815301076,1909f56bfc062723c751e8b465ee728b)
Start importing Assets/cat/Slide (6).png using Guid(3bab987170cf09c4d9ca947cd869c5b0) Importer(815301076,1909f56bfc062723c751e8b465ee728b) (PreviewImporter) -> (artifact id: '1253848cfd83d266fe7efa0183506631') in 0.0146215 seconds
Number of updated asset objects reloaded before import = 0Number of asset objects unloaded after import = 3

========================================================================
Received Import Request.
  Time since last request: 0.000018 seconds.
  path: Assets/cat/Walk (2).png
  artifactKey: Guid(d01e36f48861a3141bec3254dcba179c) Importer(815301076,1909f56bfc062723c751e8b465ee728b)
Start importing Assets/cat/Walk (2).png using Guid(d01e36f48861a3141bec3254dcba179c) Importer(815301076,1909f56bfc062723c751e8b465ee728b) (PreviewImporter) -> (artifact id: '83d66d143a2243a034e80b3def4e7cc4') in 0.0149674 seconds
Number of updated asset objects reloaded before import = 0Number of asset objects unloaded after import = 3

========================================================================
Received Import Request.
  Time since last request: 0.000019 seconds.
  path: Assets/cat/Hurt (8).png
  artifactKey: Guid(7b0fd98b9a43bc84db14ea52ed601ba7) Importer(815301076,1909f56bfc062723c751e8b465ee728b)
Start importing Assets/cat/Hurt (8).png using Guid(7b0fd98b9a43bc84db14ea52ed601ba7) Importer(815301076,1909f56bfc062723c751e8b465ee728b) (PreviewImporter) -> (artifact id: 'ee96cb40c7131c5e0b5e8e53ef7a9da0') in 0.0150249 seconds
Number of updated asset objects reloaded before import = 0Number of asset objects unloaded after import = 3

========================================================================
Received Import Request.
  Time since last request: 0.000025 seconds.
  path: Assets/cat/Run (8).png
  artifactKey: Guid(612ac2f3b9f3b3045bee95f036bf6974) Importer(815301076,1909f56bfc062723c751e8b465ee728b)
Start importing Assets/cat/Run (8).png using Guid(612ac2f3b9f3b3045bee95f036bf6974) Importer(815301076,1909f56bfc062723c751e8b465ee728b) (PreviewImporter) -> (artifact id: 'fea771e90ec655d545037edbf4d5f42e') in 0.0162376 seconds
Number of updated asset objects reloaded before import = 0Number of asset objects unloaded after import = 3

========================================================================
Received Import Request.
  Time since last request: 0.000016 seconds.
  path: Assets/cat/Hurt (3).png
  artifactKey: Guid(2066539d20752b14da3846fcc4faa195) Importer(815301076,1909f56bfc062723c751e8b465ee728b)
Start importing Assets/cat/Hurt (3).png using Guid(2066539d20752b14da3846fcc4faa195) Importer(815301076,1909f56bfc062723c751e8b465ee728b) (PreviewImporter) -> (artifact id: '67191790fd759b5d1165753a44de94ac') in 0.0151057 seconds
Number of updated asset objects reloaded before import = 0Number of asset objects unloaded after import = 3

========================================================================
Received Import Request.
  Time since last request: 0.000016 seconds.
  path: Assets/cat/Slide (3).png
  artifactKey: Guid(ceb484570d394b44183106e16b3e931a) Importer(815301076,1909f56bfc062723c751e8b465ee728b)
Start importing Assets/cat/Slide (3).png using Guid(ceb484570d394b44183106e16b3e931a) Importer(815301076,1909f56bfc062723c751e8b465ee728b) (PreviewImporter) -> (artifact id: 'f0f0407e97f8fb55cc7f30b5e3e7c7d1') in 0.0149029 seconds
Number of updated asset objects reloaded before import = 0Number of asset objects unloaded after import = 3

========================================================================
Received Import Request.
  Time since last request: 0.000016 seconds.
  path: Assets/cat/Jump (4).png
  artifactKey: Guid(1ee5b4d91946c1f4d9b656bd62e57a94) Importer(815301076,1909f56bfc062723c751e8b465ee728b)
Start importing Assets/cat/Jump (4).png using Guid(1ee5b4d91946c1f4d9b656bd62e57a94) Importer(815301076,1909f56bfc062723c751e8b465ee728b) (PreviewImporter) -> (artifact id: 'c8cb5619c24df54ff2e64be93a6f2739') in 0.0150865 seconds
Number of updated asset objects reloaded before import = 0Number of asset objects unloaded after import = 3

========================================================================
Received Import Request.
  Time since last request: 0.000018 seconds.
  path: Assets/cat/Walk (8).png
  artifactKey: Guid(105e0b368484bf447a4a4a12c4ddf23e) Importer(815301076,1909f56bfc062723c751e8b465ee728b)
Start importing Assets/cat/Walk (8).png using Guid(105e0b368484bf447a4a4a12c4ddf23e) Importer(815301076,1909f56bfc062723c751e8b465ee728b) (PreviewImporter) -> (artifact id: 'ddcd34f8dce71c74bccab44dce3a0698') in 0.0142191 seconds
Number of updated asset objects reloaded before import = 0Number of asset objects unloaded after import = 3

========================================================================
Received Import Request.
  Time since last request: 0.000024 seconds.
  path: Assets/cat/Jump (6).png
  artifactKey: Guid(aa34e274859340a4c94ab74fab40f164) Importer(815301076,1909f56bfc062723c751e8b465ee728b)
Start importing Assets/cat/Jump (6).png using Guid(aa34e274859340a4c94ab74fab40f164) Importer(815301076,1909f56bfc062723c751e8b465ee728b) (PreviewImporter) -> (artifact id: 'd11cd3a23e9ff516cdeeac9c130080c3') in 0.0150903 seconds
Number of updated asset objects reloaded before import = 0Number of asset objects unloaded after import = 3

========================================================================
Received Import Request.
  Time since last request: 0.000016 seconds.
  path: Assets/cat/Slide (10).png
  artifactKey: Guid(103df996b9a87b54d9d345eb8c2089d3) Importer(815301076,1909f56bfc062723c751e8b465ee728b)
Start importing Assets/cat/Slide (10).png using Guid(103df996b9a87b54d9d345eb8c2089d3) Importer(815301076,1909f56bfc062723c751e8b465ee728b) (PreviewImporter) -> (artifact id: 'd221fee248daef83a09e42da3fd3d63b') in 0.0144676 seconds
Number of updated asset objects reloaded before import = 0Number of asset objects unloaded after import = 3

========================================================================
Received Import Request.
  Time since last request: 0.000022 seconds.
  path: Assets/cat/Jump (5).png
  artifactKey: Guid(8518864ef84d0c340a7b7ec756745087) Importer(815301076,1909f56bfc062723c751e8b465ee728b)
Start importing Assets/cat/Jump (5).png using Guid(8518864ef84d0c340a7b7ec756745087) Importer(815301076,1909f56bfc062723c751e8b465ee728b) (PreviewImporter) -> (artifact id: 'e4180c39973ce8cfe15e700bf1716116') in 0.0145307 seconds
Number of updated asset objects reloaded before import = 0Number of asset objects unloaded after import = 3

========================================================================
Received Import Request.
  Time since last request: 0.000017 seconds.
  path: Assets/cat/Jump (3).png
  artifactKey: Guid(944222c0fe1f46d4382f85be8161cc05) Importer(815301076,1909f56bfc062723c751e8b465ee728b)
Start importing Assets/cat/Jump (3).png using Guid(944222c0fe1f46d4382f85be8161cc05) Importer(815301076,1909f56bfc062723c751e8b465ee728b) (PreviewImporter) -> (artifact id: 'cbcb9be0571927f863c3c3c9781278cd') in 0.0251314 seconds
Number of updated asset objects reloaded before import = 0Number of asset objects unloaded after import = 3

========================================================================
Received Import Request.
  Time since last request: 0.000019 seconds.
  path: Assets/cat/Slide (5).png
  artifactKey: Guid(43654c5921ad94a48aef8f9ab47d9b6c) Importer(815301076,1909f56bfc062723c751e8b465ee728b)
Start importing Assets/cat/Slide (5).png using Guid(43654c5921ad94a48aef8f9ab47d9b6c) Importer(815301076,1909f56bfc062723c751e8b465ee728b) (PreviewImporter) -> (artifact id: '1d94dca28c494a68fb4aa6b9fb4c5808') in 0.0142713 seconds
Number of updated asset objects reloaded before import = 0Number of asset objects unloaded after import = 3

========================================================================
Received Import Request.
  Time since last request: 0.000024 seconds.
  path: Assets/cat/Walk (5).png
  artifactKey: Guid(1863d8d5acfeef5439c189ba0bb48c25) Importer(815301076,1909f56bfc062723c751e8b465ee728b)
Start importing Assets/cat/Walk (5).png using Guid(1863d8d5acfeef5439c189ba0bb48c25) Importer(815301076,1909f56bfc062723c751e8b465ee728b) (PreviewImporter) -> (artifact id: 'e81371cc9c5e864174e30fee1cd8795b') in 0.0152177 seconds
Number of updated asset objects reloaded before import = 0Number of asset objects unloaded after import = 3

========================================================================
Received Import Request.
  Time since last request: 0.000016 seconds.
  path: Assets/cat/Hurt (6).png
  artifactKey: Guid(af4a4bfbbfebe5a46bceb3724d09f692) Importer(815301076,1909f56bfc062723c751e8b465ee728b)
Start importing Assets/cat/Hurt (6).png using Guid(af4a4bfbbfebe5a46bceb3724d09f692) Importer(815301076,1909f56bfc062723c751e8b465ee728b) (PreviewImporter) -> (artifact id: '80dda0d330b31293aeb57a4f654f9147') in 0.0149653 seconds
Number of updated asset objects reloaded before import = 0Number of asset objects unloaded after import = 3

========================================================================
Received Import Request.
  Time since last request: 0.000016 seconds.
  path: Assets/cat/Fall (2).png
  artifactKey: Guid(8ada6520451e5da4fa16ce08ad266216) Importer(815301076,1909f56bfc062723c751e8b465ee728b)
Start importing Assets/cat/Fall (2).png using Guid(8ada6520451e5da4fa16ce08ad266216) Importer(815301076,1909f56bfc062723c751e8b465ee728b) (PreviewImporter) -> (artifact id: 'a5e8f73f3f4663909665de388b1be585') in 0.0167037 seconds
Number of updated asset objects reloaded before import = 0Number of asset objects unloaded after import = 3

========================================================================
Received Import Request.
  Time since last request: 0.064379 seconds.
  path: Assets/dog/Dead (2).png
  artifactKey: Guid(7f2a007e0eb67254e998eeca0fa82507) Importer(815301076,1909f56bfc062723c751e8b465ee728b)
Start importing Assets/dog/Dead (2).png using Guid(7f2a007e0eb67254e998eeca0fa82507) Importer(815301076,1909f56bfc062723c751e8b465ee728b) (PreviewImporter) -> (artifact id: 'bdf424fc946ae9dc67c98eece65d347f') in 0.0157086 seconds
Number of updated asset objects reloaded before import = 0Number of asset objects unloaded after import = 3

========================================================================
Received Import Request.
  Time since last request: 0.000018 seconds.
  path: Assets/dog/Dead (5).png
  artifactKey: Guid(deaaffabda1b1364e86eae136632b4e4) Importer(815301076,1909f56bfc062723c751e8b465ee728b)
Start importing Assets/dog/Dead (5).png using Guid(deaaffabda1b1364e86eae136632b4e4) Importer(815301076,1909f56bfc062723c751e8b465ee728b) (PreviewImporter) -> (artifact id: '8c30c4c95cb002d1299c45ec7853dbcc') in 0.0132593 seconds
Number of updated asset objects reloaded before import = 0Number of asset objects unloaded after import = 3

========================================================================
Received Import Request.
  Time since last request: 0.000017 seconds.
  path: Assets/dog/Hurt (3).png
  artifactKey: Guid(e54fee314b0c81046ad7cd4995eb3e08) Importer(815301076,1909f56bfc062723c751e8b465ee728b)
Start importing Assets/dog/Hurt (3).png using Guid(e54fee314b0c81046ad7cd4995eb3e08) Importer(815301076,1909f56bfc062723c751e8b465ee728b) (PreviewImporter) -> (artifact id: '286b68b1d6e788082a31e3b1a8f8899c') in 0.0178818 seconds
Number of updated asset objects reloaded before import = 0Number of asset objects unloaded after import = 3

========================================================================
Received Import Request.
  Time since last request: 0.000016 seconds.
  path: Assets/dog/Jump (6).png
  artifactKey: Guid(22d292ae318d7e849be62976bb7cd8c8) Importer(815301076,1909f56bfc062723c751e8b465ee728b)
Start importing Assets/dog/Jump (6).png using Guid(22d292ae318d7e849be62976bb7cd8c8) Importer(815301076,1909f56bfc062723c751e8b465ee728b) (PreviewImporter) -> (artifact id: 'e04667efabc9591af8aefd72acb29207') in 0.0181034 seconds
Number of updated asset objects reloaded before import = 0Number of asset objects unloaded after import = 3

========================================================================
Received Import Request.
  Time since last request: 0.000018 seconds.
  path: Assets/dog/Idle (10).png
  artifactKey: Guid(8d807d34f980eba468906db993739d07) Importer(815301076,1909f56bfc062723c751e8b465ee728b)
Start importing Assets/dog/Idle (10).png using Guid(8d807d34f980eba468906db993739d07) Importer(815301076,1909f56bfc062723c751e8b465ee728b) (PreviewImporter) -> (artifact id: 'a053cb23ff880a813134b88b5eb34d44') in 0.0182396 seconds
Number of updated asset objects reloaded before import = 0Number of asset objects unloaded after import = 3

========================================================================
Received Import Request.
  Time since last request: 0.000024 seconds.
  path: Assets/dog/Walk (5).png
  artifactKey: Guid(95cca0965e4567a4fba9812343936b64) Importer(815301076,1909f56bfc062723c751e8b465ee728b)
Start importing Assets/dog/Walk (5).png using Guid(95cca0965e4567a4fba9812343936b64) Importer(815301076,1909f56bfc062723c751e8b465ee728b) (PreviewImporter) -> (artifact id: '47b531b7d37d6727ddf2f393b638d80b') in 0.0143285 seconds
Number of updated asset objects reloaded before import = 0Number of asset objects unloaded after import = 3

========================================================================
Received Import Request.
  Time since last request: 0.000018 seconds.
  path: Assets/dog/Walk (1).png
  artifactKey: Guid(aafe32da160e983479101eb9df92ebca) Importer(815301076,1909f56bfc062723c751e8b465ee728b)
Start importing Assets/dog/Walk (1).png using Guid(aafe32da160e983479101eb9df92ebca) Importer(815301076,1909f56bfc062723c751e8b465ee728b) (PreviewImporter) -> (artifact id: '48f71f6b11155da9716c65d580452338') in 0.0145501 seconds
Number of updated asset objects reloaded before import = 0Number of asset objects unloaded after import = 3

========================================================================
Received Import Request.
  Time since last request: 0.000017 seconds.
  path: Assets/dog/Idle (6).png
  artifactKey: Guid(128ed461cef1d024e9625f14a3c3d983) Importer(815301076,1909f56bfc062723c751e8b465ee728b)
Start importing Assets/dog/Idle (6).png using Guid(128ed461cef1d024e9625f14a3c3d983) Importer(815301076,1909f56bfc062723c751e8b465ee728b) (PreviewImporter) -> (artifact id: '71dd1dffa274fd7df200ddf291cace9c') in 0.0198703 seconds
Number of updated asset objects reloaded before import = 0Number of asset objects unloaded after import = 3

========================================================================
Received Import Request.
  Time since last request: 0.000017 seconds.
  path: Assets/dog/Walk (9).png
  artifactKey: Guid(0b335ba2b9c70ca478faccff8590a994) Importer(815301076,1909f56bfc062723c751e8b465ee728b)
Start importing Assets/dog/Walk (9).png using Guid(0b335ba2b9c70ca478faccff8590a994) Importer(815301076,1909f56bfc062723c751e8b465ee728b) (PreviewImporter) -> (artifact id: 'ab7f5d33fbd15516742055dbaea9c28a') in 0.014574 seconds
Number of updated asset objects reloaded before import = 0Number of asset objects unloaded after import = 3

========================================================================
Received Import Request.
  Time since last request: 0.000019 seconds.
  path: Assets/dog/Jump (2).png
  artifactKey: Guid(bff6985359c42ac419cde18b49ca77d9) Importer(815301076,1909f56bfc062723c751e8b465ee728b)
Start importing Assets/dog/Jump (2).png using Guid(bff6985359c42ac419cde18b49ca77d9) Importer(815301076,1909f56bfc062723c751e8b465ee728b) (PreviewImporter) -> (artifact id: 'd871faff6559ef6fa957a2b0e4bc7d1b') in 0.0200075 seconds
Number of updated asset objects reloaded before import = 0Number of asset objects unloaded after import = 3

========================================================================
Received Import Request.
  Time since last request: 0.000025 seconds.
  path: Assets/dog/Run (8).png
  artifactKey: Guid(6443401a64860f4468f6df1dc8fd3d02) Importer(815301076,1909f56bfc062723c751e8b465ee728b)
Start importing Assets/dog/Run (8).png using Guid(6443401a64860f4468f6df1dc8fd3d02) Importer(815301076,1909f56bfc062723c751e8b465ee728b) (PreviewImporter) -> (artifact id: '5b4243fb84fdf422f47b61c1d3c42429') in 0.0244156 seconds
Number of updated asset objects reloaded before import = 0Number of asset objects unloaded after import = 3

========================================================================
Received Import Request.
  Time since last request: 0.000021 seconds.
  path: Assets/dog/Hurt (6).png
  artifactKey: Guid(d31801628ef17fa41a9d2503f643a428) Importer(815301076,1909f56bfc062723c751e8b465ee728b)
Start importing Assets/dog/Hurt (6).png using Guid(d31801628ef17fa41a9d2503f643a428) Importer(815301076,1909f56bfc062723c751e8b465ee728b) (PreviewImporter) -> (artifact id: 'fc0ba78715422879a56f6da4d75323aa') in 0.0187555 seconds
Number of updated asset objects reloaded before import = 0Number of asset objects unloaded after import = 3

========================================================================
Received Import Request.
  Time since last request: 0.000017 seconds.
  path: Assets/dog/Dead (9).png
  artifactKey: Guid(9597028c084c4c84cb9133594d769371) Importer(815301076,1909f56bfc062723c751e8b465ee728b)
Start importing Assets/dog/Dead (9).png using Guid(9597028c084c4c84cb9133594d769371) Importer(815301076,1909f56bfc062723c751e8b465ee728b) (PreviewImporter) -> (artifact id: 'e64ccebd469f2b50a0057719cbafc87b') in 0.0131428 seconds
Number of updated asset objects reloaded before import = 0Number of asset objects unloaded after import = 3

========================================================================
Received Import Request.
  Time since last request: 0.000019 seconds.
  path: Assets/dog/Fall (1).png
  artifactKey: Guid(afafb0b859359f4499517bd35d5ff52b) Importer(815301076,1909f56bfc062723c751e8b465ee728b)
Start importing Assets/dog/Fall (1).png using Guid(afafb0b859359f4499517bd35d5ff52b) Importer(815301076,1909f56bfc062723c751e8b465ee728b) (PreviewImporter) -> (artifact id: 'd0528362462c7a8fc379515f810013f6') in 0.020643 seconds
Number of updated asset objects reloaded before import = 0Number of asset objects unloaded after import = 3

========================================================================
Received Import Request.
  Time since last request: 0.000023 seconds.
  path: Assets/dog/Run (5).png
  artifactKey: Guid(9bb0502f686cb8e48bb943a83b1e71e3) Importer(815301076,1909f56bfc062723c751e8b465ee728b)
Start importing Assets/dog/Run (5).png using Guid(9bb0502f686cb8e48bb943a83b1e71e3) Importer(815301076,1909f56bfc062723c751e8b465ee728b) (PreviewImporter) -> (artifact id: '70d292acab26e3f9cb303495ebff3928') in 0.0191858 seconds
Number of updated asset objects reloaded before import = 0Number of asset objects unloaded after import = 3

========================================================================
Received Import Request.
  Time since last request: 0.000026 seconds.
  path: Assets/dog/Jump (1).png
  artifactKey: Guid(6046972d1a4105f4987c309bf664eb51) Importer(815301076,1909f56bfc062723c751e8b465ee728b)
Start importing Assets/dog/Jump (1).png using Guid(6046972d1a4105f4987c309bf664eb51) Importer(815301076,1909f56bfc062723c751e8b465ee728b) (PreviewImporter) -> (artifact id: '5f226af57e45685978a0f0f5caac8fbf') in 0.0216874 seconds
Number of updated asset objects reloaded before import = 0Number of asset objects unloaded after import = 3

========================================================================
Received Import Request.
  Time since last request: 0.000017 seconds.
  path: Assets/dog/Run (7).png
  artifactKey: Guid(5fe64cff14a7b484a96f541abaec8f49) Importer(815301076,1909f56bfc062723c751e8b465ee728b)
Start importing Assets/dog/Run (7).png using Guid(5fe64cff14a7b484a96f541abaec8f49) Importer(815301076,1909f56bfc062723c751e8b465ee728b) (PreviewImporter) -> (artifact id: '796bde952cf0cc7df71ec39f9a074844') in 0.0217292 seconds
Number of updated asset objects reloaded before import = 0Number of asset objects unloaded after import = 3

========================================================================
Received Import Request.
  Time since last request: 0.000019 seconds.
  path: Assets/dog/Slide (9).png
  artifactKey: Guid(c608a69e4f627d7479785ff390000307) Importer(815301076,1909f56bfc062723c751e8b465ee728b)
Start importing Assets/dog/Slide (9).png using Guid(c608a69e4f627d7479785ff390000307) Importer(815301076,1909f56bfc062723c751e8b465ee728b) (PreviewImporter) -> (artifact id: 'e468d4fcd49bf517323e5d45086136a2') in 0.0137261 seconds
Number of updated asset objects reloaded before import = 0Number of asset objects unloaded after import = 3

========================================================================
Received Import Request.
  Time since last request: 0.000017 seconds.
  path: Assets/dog/Fall (6).png
  artifactKey: Guid(f82698c74b16b9843b1702f947e74ea9) Importer(815301076,1909f56bfc062723c751e8b465ee728b)
Start importing Assets/dog/Fall (6).png using Guid(f82698c74b16b9843b1702f947e74ea9) Importer(815301076,1909f56bfc062723c751e8b465ee728b) (PreviewImporter) -> (artifact id: 'bfa8b65cb0c68d7d302f21097f9fa440') in 0.0206308 seconds
Number of updated asset objects reloaded before import = 0Number of asset objects unloaded after import = 3

========================================================================
Received Import Request.
  Time since last request: 0.000018 seconds.
  path: Assets/dog/Hurt (9).png
  artifactKey: Guid(783365fc26b0af54eae3e29ea312a833) Importer(815301076,1909f56bfc062723c751e8b465ee728b)
Start importing Assets/dog/Hurt (9).png using Guid(783365fc26b0af54eae3e29ea312a833) Importer(815301076,1909f56bfc062723c751e8b465ee728b) (PreviewImporter) -> (artifact id: '085edeaac8cb1d6daa0ee8ce495c0d64') in 0.015202 seconds
Number of updated asset objects reloaded before import = 0Number of asset objects unloaded after import = 3

========================================================================
Received Import Request.
  Time since last request: 0.000025 seconds.
  path: Assets/dog/Jump (8).png
  artifactKey: Guid(38e2fd1a642749748880bae7b21eb29d) Importer(815301076,1909f56bfc062723c751e8b465ee728b)
Start importing Assets/dog/Jump (8).png using Guid(38e2fd1a642749748880bae7b21eb29d) Importer(815301076,1909f56bfc062723c751e8b465ee728b) (PreviewImporter) -> (artifact id: 'd8f23f3454bca2167623eaa4b63b7e79') in 0.0218544 seconds
Number of updated asset objects reloaded before import = 0Number of asset objects unloaded after import = 3

========================================================================
Received Import Request.
  Time since last request: 0.000016 seconds.
  path: Assets/dog/Hurt (5).png
  artifactKey: Guid(e5943e88fdf00644385ac91e21899a25) Importer(815301076,1909f56bfc062723c751e8b465ee728b)
Start importing Assets/dog/Hurt (5).png using Guid(e5943e88fdf00644385ac91e21899a25) Importer(815301076,1909f56bfc062723c751e8b465ee728b) (PreviewImporter) -> (artifact id: '00fa17c4fba0008828ffbee06ae63778') in 0.0155954 seconds
Number of updated asset objects reloaded before import = 0Number of asset objects unloaded after import = 3

========================================================================
Received Import Request.
  Time since last request: 0.000017 seconds.
  path: Assets/dog/Slide (2).png
  artifactKey: Guid(b9dabdb847b22924cb0bdfff71e74db2) Importer(815301076,1909f56bfc062723c751e8b465ee728b)
Start importing Assets/dog/Slide (2).png using Guid(b9dabdb847b22924cb0bdfff71e74db2) Importer(815301076,1909f56bfc062723c751e8b465ee728b) (PreviewImporter) -> (artifact id: '126d5261067f8ed76c62eb8276b5479d') in 0.0159498 seconds
Number of updated asset objects reloaded before import = 0Number of asset objects unloaded after import = 3

========================================================================
Received Import Request.
  Time since last request: 0.000017 seconds.
  path: Assets/dog/Slide (6).png
  artifactKey: Guid(d26b5476bf4c71e4993a5eb57261e159) Importer(815301076,1909f56bfc062723c751e8b465ee728b)
Start importing Assets/dog/Slide (6).png using Guid(d26b5476bf4c71e4993a5eb57261e159) Importer(815301076,1909f56bfc062723c751e8b465ee728b) (PreviewImporter) -> (artifact id: '5a019d9309f5d81dadbc0d24da370557') in 0.017918 seconds
Number of updated asset objects reloaded before import = 0Number of asset objects unloaded after import = 3

Editor requested this worker to shutdown with reason: Scaling down because of idle timeout
AssetImportWorker is now disconnected from the server
Process exiting
Exiting without the bug reporter. Application will terminate with return code 0