Using pre-set license
Built from '6000.0/respin/6000.0.59f1-063c55f2fd0f' branch; Version is '6000.0.59f2 (ef281c76c3c1) revision 15673372'; Using compiler version '193933523'; Build Type 'Release'
OS: 'Windows 11  (10.0.26200) 64bit Professional' Language: 'uk' Physical Memory: 16307 MB
BatchMode: 1, IsHumanControllingUs: 0, StartBugReporterOnCrash: 0, Is64bit: 1
Date: 2025-11-14T17:57:32Z

COMMAND LINE ARGUMENTS:
C:\Program Files\Unity\Hub\Editor\6000.0.59f2\Editor\Unity.exe
-adb2
-batchMode
-noUpm
-name
AssetImportWorker2
-projectPath
C:/Users/Misha/Downloads/2D-Platformer-Unity-main/2D-Platformer-Unity-main
-logFile
Logs/AssetImportWorker2.log
-srvPort
63009
-job-worker-count
5
-background-job-worker-count
8
-gc-helper-count
1
-name
AssetImport
Successfully changed project path to: C:/Users/Misha/Downloads/2D-Platformer-Unity-main/2D-Platformer-Unity-main
C:/Users/Misha/Downloads/2D-Platformer-Unity-main/2D-Platformer-Unity-main
[UnityMemory] Configuration Parameters - Can be set up in boot.config
    "memorysetup-bucket-allocator-granularity=16"
    "memorysetup-bucket-allocator-bucket-count=8"
    "memorysetup-bucket-allocator-block-size=33554432"
    "memorysetup-bucket-allocator-block-count=8"
    "memorysetup-main-allocator-block-size=16777216"
    "memorysetup-thread-allocator-block-size=16777216"
    "memorysetup-gfx-main-allocator-block-size=16777216"
    "memorysetup-gfx-thread-allocator-block-size=16777216"
    "memorysetup-cache-allocator-block-size=4194304"
    "memorysetup-typetree-allocator-block-size=2097152"
    "memorysetup-profiler-bucket-allocator-granularity=16"
    "memorysetup-profiler-bucket-allocator-bucket-count=8"
    "memorysetup-profiler-bucket-allocator-block-size=33554432"
    "memorysetup-profiler-bucket-allocator-block-count=8"
    "memorysetup-profiler-allocator-block-size=16777216"
    "memorysetup-profiler-editor-allocator-block-size=1048576"
    "memorysetup-temp-allocator-size-main=16777216"
    "memorysetup-job-temp-allocator-block-size=2097152"
    "memorysetup-job-temp-allocator-block-size-background=1048576"
    "memorysetup-job-temp-allocator-reduction-small-platforms=262144"
    "memorysetup-allocator-temp-initial-block-size-main=262144"
    "memorysetup-allocator-temp-initial-block-size-worker=262144"
    "memorysetup-temp-allocator-size-background-worker=32768"
    "memorysetup-temp-allocator-size-job-worker=262144"
    "memorysetup-temp-allocator-size-preload-manager=33554432"
    "memorysetup-temp-allocator-size-nav-mesh-worker=65536"
    "memorysetup-temp-allocator-size-audio-worker=65536"
    "memorysetup-temp-allocator-size-cloud-worker=32768"
    "memorysetup-temp-allocator-size-gi-baking-worker=262144"
    "memorysetup-temp-allocator-size-gi-baking-worker=262144"
    "memorysetup-temp-allocator-size-gi-baking-worker=262144"
    "memorysetup-temp-allocator-size-gi-baking-worker=262144"
    "memorysetup-temp-allocator-size-gi-baking-worker=262144"
    "memorysetup-temp-allocator-size-gfx=262144"
Player connection [26940]  Target information:

Player connection [26940]  * "[IP] 192.168.50.43 [Port] 0 [Flags] 2 [Guid] 859778485 [EditorId] 859778485 [Version] 1048832 [Id] WindowsEditor(7,Reiz) [Debug] 1 [PackageName] WindowsEditor [ProjectName] Editor" 

Player connection [26940]  * "[IP] 26.197.113.77 [Port] 0 [Flags] 2 [Guid] 859778485 [EditorId] 859778485 [Version] 1048832 [Id] WindowsEditor(7,Reiz) [Debug] 1 [PackageName] WindowsEditor [ProjectName] Editor" 

Player connection [26940] Host joined multi-casting on [225.0.0.222:54997]...
Player connection [26940] Host joined alternative multi-casting on [225.0.0.222:34997]...
JobSystem: Creating JobQueue using job-worker-count value 5
Input System module state changed to: Initialized.
[Physics::Module] Initialized fallback backend.
[Physics::Module] Id: 0xdecafbad
Library Redirect Path: Library/
[Physics::Module] Selected backend.
[Physics::Module] Name: PhysX
[Physics::Module] Id: 0xf2b8ea05
[Physics::Module] SDK Version: 4.1.2
[Physics::Module] Integration Version: 1.0.0
[Physics::Module] Threading Mode: Multi-Threaded
Refreshing native plugins compatible for Editor in 159.07 ms, found 4 plugins.
Preloading 0 native plugins for Editor in 0.00 ms.
Initialize engine version: 6000.0.59f2 (ef281c76c3c1)
[Subsystems] Discovering subsystems at path C:/Program Files/Unity/Hub/Editor/6000.0.59f2/Editor/Data/Resources/UnitySubsystems
[Subsystems] Discovering subsystems at path C:/Users/Misha/Downloads/2D-Platformer-Unity-main/2D-Platformer-Unity-main/Assets
GfxDevice: creating device client; kGfxThreadingModeNonThreaded
Direct3D:
    Version:  Direct3D 11.0 [level 11.1]
    Renderer: NVIDIA GeForce GTX 1060 6GB (ID=0x1c03)
    Vendor:   NVIDIA
    VRAM:     6031 MB
    Driver:   32.0.15.8157
Initialize mono
Mono path[0] = 'C:/Program Files/Unity/Hub/Editor/6000.0.59f2/Editor/Data/Managed'
Mono path[1] = 'C:/Program Files/Unity/Hub/Editor/6000.0.59f2/Editor/Data/MonoBleedingEdge/lib/mono/unityjit-win32'
Mono config path = 'C:/Program Files/Unity/Hub/Editor/6000.0.59f2/Editor/Data/MonoBleedingEdge/etc'
Using monoOptions --debugger-agent=transport=dt_socket,embedding=1,server=y,suspend=n,address=127.0.0.1:56708
Begin MonoManager ReloadAssembly
Registering precompiled unity dll's ...
Register platform support module: C:/Program Files/Unity/Hub/Editor/6000.0.59f2/Editor/Data/PlaybackEngines/WindowsStandaloneSupport/UnityEditor.WindowsStandalone.Extensions.dll
Registered in 0.003274 seconds.
- Loaded All Assemblies, in  0.817 seconds
Native extension for WindowsStandalone target not found
Mono: successfully reloaded assembly
- Finished resetting the current domain, in  0.270 seconds
Domain Reload Profiling: 1084ms
	BeginReloadAssembly (105ms)
		ExecutionOrderSort (0ms)
		DisableScriptedObjects (0ms)
		BackupInstance (0ms)
		ReleaseScriptingObjects (0ms)
		CreateAndSetChildDomain (1ms)
	RebuildCommonClasses (140ms)
	RebuildNativeTypeToScriptingClass (10ms)
	initialDomainReloadingComplete (44ms)
	LoadAllAssembliesAndSetupDomain (515ms)
		LoadAssemblies (101ms)
		RebuildTransferFunctionScriptingTraits (0ms)
		AnalyzeDomain (513ms)
			TypeCache.Refresh (512ms)
				TypeCache.ScanAssembly (502ms)
			BuildScriptInfoCaches (0ms)
			ResolveRequiredComponents (0ms)
	FinalizeReload (271ms)
		ReleaseScriptCaches (0ms)
		RebuildScriptCaches (0ms)
		SetupLoadedEditorAssemblies (235ms)
			LogAssemblyErrors (0ms)
			InitializePlatformSupportModulesInManaged (20ms)
			SetLoadedEditorAssemblies (3ms)
			BeforeProcessingInitializeOnLoad (43ms)
			ProcessInitializeOnLoadAttributes (110ms)
			ProcessInitializeOnLoadMethodAttributes (58ms)
			AfterProcessingInitializeOnLoad (0ms)
			EditorAssembliesLoaded (0ms)
		ExecutionOrderSort2 (0ms)
		AwakeInstancesAfterBackupRestoration (0ms)
========================================================================
Worker process is ready to serve import requests
Import Worker Mode flag is 0x00
Begin MonoManager ReloadAssembly
- Loaded All Assemblies, in  0.679 seconds
Refreshing native plugins compatible for Editor in 2.22 ms, found 4 plugins.
Native extension for WindowsStandalone target not found
Package Manager log level set to [2]
[Package Manager] Failed to launch server process. Reason: Unity was launched with the -noUpm command-line argument
[Package Manager] Unable to send message (not connected to server process).
[Package Manager] Cannot connect to Unity Package Manager local server
The project currently uses the compatibility mode where the Render Graph API is disabled. Support for this mode will be removed in future Unity versions. Migrate existing ScriptableRenderPasses to the new RenderGraph API. After the migration, disable the compatibility mode in Edit > Projects Settings > Graphics > Render Graph.
UnityEngine.Debug:ExtractStackTraceNoAlloc (byte*,int,string)
UnityEngine.StackTraceUtility:ExtractStackTrace ()
UnityEngine.DebugLogHandler:Internal_Log (UnityEngine.LogType,UnityEngine.LogOption,string,UnityEngine.Object)
UnityEngine.DebugLogHandler:LogFormat (UnityEngine.LogType,UnityEngine.Object,string,object[])
UnityEngine.Logger:Log (UnityEngine.LogType,object)
UnityEngine.Debug:LogWarning (object)
UnityEngine.Rendering.Universal.WarnUsingNonRenderGraph:EmitConsoleWarning () (at ./Library/PackageCache/com.unity.render-pipelines.universal@2a2241f53fcd/Runtime/Data/UniversalRenderPipelineAsset.cs:427)
System.Reflection.RuntimeMethodInfo:Invoke (object,System.Reflection.BindingFlags,System.Reflection.Binder,object[],System.Globalization.CultureInfo)
System.Reflection.MethodBase:Invoke (object,object[])
UnityEditor.EditorAssemblies:ProcessInitializeOnLoadMethodAttributes ()

(Filename: ./Library/PackageCache/com.unity.render-pipelines.universal@2a2241f53fcd/Runtime/Data/UniversalRenderPipelineAsset.cs Line: 427)

Mono: successfully reloaded assembly
- Finished resetting the current domain, in  0.780 seconds
Domain Reload Profiling: 1452ms
	BeginReloadAssembly (144ms)
		ExecutionOrderSort (0ms)
		DisableScriptedObjects (5ms)
		BackupInstance (0ms)
		ReleaseScriptingObjects (0ms)
		CreateAndSetChildDomain (22ms)
	RebuildCommonClasses (29ms)
	RebuildNativeTypeToScriptingClass (10ms)
	initialDomainReloadingComplete (35ms)
	LoadAllAssembliesAndSetupDomain (455ms)
		LoadAssemblies (311ms)
		RebuildTransferFunctionScriptingTraits (0ms)
		AnalyzeDomain (226ms)
			TypeCache.Refresh (158ms)
				TypeCache.ScanAssembly (145ms)
			BuildScriptInfoCaches (55ms)
			ResolveRequiredComponents (11ms)
	FinalizeReload (780ms)
		ReleaseScriptCaches (0ms)
		RebuildScriptCaches (0ms)
		SetupLoadedEditorAssemblies (608ms)
			LogAssemblyErrors (0ms)
			InitializePlatformSupportModulesInManaged (2ms)
			SetLoadedEditorAssemblies (4ms)
			BeforeProcessingInitializeOnLoad (126ms)
			ProcessInitializeOnLoadAttributes (331ms)
			ProcessInitializeOnLoadMethodAttributes (136ms)
			AfterProcessingInitializeOnLoad (9ms)
			EditorAssembliesLoaded (0ms)
		ExecutionOrderSort2 (0ms)
		AwakeInstancesAfterBackupRestoration (6ms)
Launched and connected shader compiler UnityShaderCompiler.exe after 0.04 seconds
Refreshing native plugins compatible for Editor in 2.59 ms, found 4 plugins.
Preloading 0 native plugins for Editor in 0.00 ms.
Unloading 14 Unused Serialized files (Serialized files now loaded: 0)
Unloading 6448 unused Assets / (4.2 MB). Loaded Objects now: 7148.
Memory consumption went from 141.9 MB to 137.7 MB.
Total: 6.402600 ms (FindLiveObjects: 0.573400 ms CreateObjectMapping: 0.292800 ms MarkObjects: 3.948000 ms  DeleteObjects: 1.587700 ms)

========================================================================
Received Import Request.
  Time since last request: 164608.783041 seconds.
  path: Assets/png/Tiles/1.png
  artifactKey: Guid(b54884a9ee1aa1941a0bcc5650ae854a) Importer(815301076,1909f56bfc062723c751e8b465ee728b)
Start importing Assets/png/Tiles/1.png using Guid(b54884a9ee1aa1941a0bcc5650ae854a) Importer(815301076,1909f56bfc062723c751e8b465ee728b) (PreviewImporter) -> (artifact id: 'e9be562986c3fcda2fa57b82590dfa08') in 0.1009773 seconds
Number of updated asset objects reloaded before import = 0Number of asset objects unloaded after import = 3

========================================================================
Received Import Request.
  Time since last request: 0.000016 seconds.
  path: Assets/png/Tiles/9.png
  artifactKey: Guid(a9e9905a11f9f95498932ecf2a0928bb) Importer(815301076,1909f56bfc062723c751e8b465ee728b)
Start importing Assets/png/Tiles/9.png using Guid(a9e9905a11f9f95498932ecf2a0928bb) Importer(815301076,1909f56bfc062723c751e8b465ee728b) (PreviewImporter) -> (artifact id: 'a5e4e4dcae8443b224915a17b284c806') in 0.0141597 seconds
Number of updated asset objects reloaded before import = 0Number of asset objects unloaded after import = 3

========================================================================
Received Import Request.
  Time since last request: 0.000015 seconds.
  path: Assets/png/Tiles/17.png
  artifactKey: Guid(a10897e3f3d6ff8408a2af833f0784d5) Importer(815301076,1909f56bfc062723c751e8b465ee728b)
Start importing Assets/png/Tiles/17.png using Guid(a10897e3f3d6ff8408a2af833f0784d5) Importer(815301076,1909f56bfc062723c751e8b465ee728b) (PreviewImporter) -> (artifact id: 'eb908a5d58d71823a24035b874dfeed5') in 0.0142831 seconds
Number of updated asset objects reloaded before import = 0Number of asset objects unloaded after import = 3

========================================================================
Received Import Request.
  Time since last request: 0.000023 seconds.
  path: Assets/png/Tiles/14.png
  artifactKey: Guid(a4022b6c1488e1a4b9be16779242c589) Importer(815301076,1909f56bfc062723c751e8b465ee728b)
Start importing Assets/png/Tiles/14.png using Guid(a4022b6c1488e1a4b9be16779242c589) Importer(815301076,1909f56bfc062723c751e8b465ee728b) (PreviewImporter) -> (artifact id: 'f4dc92f97c1f4be7d75ecc3dd0cad138') in 0.0232469 seconds
Number of updated asset objects reloaded before import = 0Number of asset objects unloaded after import = 3

========================================================================
Received Import Request.
  Time since last request: 0.000015 seconds.
  path: Assets/png/Tiles/6.png
  artifactKey: Guid(b4c96205473eca64b92d40c8eb9c231b) Importer(815301076,1909f56bfc062723c751e8b465ee728b)
Start importing Assets/png/Tiles/6.png using Guid(b4c96205473eca64b92d40c8eb9c231b) Importer(815301076,1909f56bfc062723c751e8b465ee728b) (PreviewImporter) -> (artifact id: '35f7552d5307a1c2fb311edbdefc6a8d') in 0.0203518 seconds
Number of updated asset objects reloaded before import = 0Number of asset objects unloaded after import = 3

========================================================================
Received Import Request.
  Time since last request: 1.605690 seconds.
  path: Assets/Objects/Objects.prefab
  artifactKey: Guid(43c82b23330e2c04696dfbe34a24a6c6) Importer(815301076,1909f56bfc062723c751e8b465ee728b)
Start importing Assets/Objects/Objects.prefab using Guid(43c82b23330e2c04696dfbe34a24a6c6) Importer(815301076,1909f56bfc062723c751e8b465ee728b) (PreviewImporter) -> (artifact id: 'e7a9dba5694f9b5a15e28fde79fc7e3d') in 0.2346924 seconds
Number of updated asset objects reloaded before import = 0Number of asset objects unloaded after import = 20

========================================================================
Received Import Request.
  Time since last request: 9.176833 seconds.
  path: Assets/cat/Dead (1).png
  artifactKey: Guid(e45521afd8a7ed5469d5b121ded177fb) Importer(815301076,1909f56bfc062723c751e8b465ee728b)
Start importing Assets/cat/Dead (1).png using Guid(e45521afd8a7ed5469d5b121ded177fb) Importer(815301076,1909f56bfc062723c751e8b465ee728b) (PreviewImporter) -> (artifact id: '9ab354cc0aac93b535e0c1ad28da4085') in 0.0135027 seconds
Number of updated asset objects reloaded before import = 0Number of asset objects unloaded after import = 3

========================================================================
Received Import Request.
  Time since last request: 0.000017 seconds.
  path: Assets/cat/Dead (4).png
  artifactKey: Guid(076fdf1b64640e745948ba99a84a5f0c) Importer(815301076,1909f56bfc062723c751e8b465ee728b)
Start importing Assets/cat/Dead (4).png using Guid(076fdf1b64640e745948ba99a84a5f0c) Importer(815301076,1909f56bfc062723c751e8b465ee728b) (PreviewImporter) -> (artifact id: 'f826c48fe4c8b8145453dd13550e3d76') in 0.0137476 seconds
Number of updated asset objects reloaded before import = 0Number of asset objects unloaded after import = 3

========================================================================
Received Import Request.
  Time since last request: 0.000017 seconds.
  path: Assets/cat/Dead (10).png
  artifactKey: Guid(ef5233ab1f8cb1147a58cebb696d3cd9) Importer(815301076,1909f56bfc062723c751e8b465ee728b)
Start importing Assets/cat/Dead (10).png using Guid(ef5233ab1f8cb1147a58cebb696d3cd9) Importer(815301076,1909f56bfc062723c751e8b465ee728b) (PreviewImporter) -> (artifact id: 'fa0c8c7b83e550ec6da8e25e29c39e33') in 0.0141864 seconds
Number of updated asset objects reloaded before import = 0Number of asset objects unloaded after import = 3

========================================================================
Received Import Request.
  Time since last request: 0.000018 seconds.
  path: Assets/cat/Fall (6).png
  artifactKey: Guid(dae5c6843a07aea4a9ce457ed25fdc54) Importer(815301076,1909f56bfc062723c751e8b465ee728b)
Start importing Assets/cat/Fall (6).png using Guid(dae5c6843a07aea4a9ce457ed25fdc54) Importer(815301076,1909f56bfc062723c751e8b465ee728b) (PreviewImporter) -> (artifact id: 'b152c9c8baf20d8c328bd0beac4ee0c8') in 0.0170697 seconds
Number of updated asset objects reloaded before import = 0Number of asset objects unloaded after import = 3

========================================================================
Received Import Request.
  Time since last request: 0.000019 seconds.
  path: Assets/cat/Hurt (9).png
  artifactKey: Guid(db01132241674ef4e9fc66e27053d3d1) Importer(815301076,1909f56bfc062723c751e8b465ee728b)
Start importing Assets/cat/Hurt (9).png using Guid(db01132241674ef4e9fc66e27053d3d1) Importer(815301076,1909f56bfc062723c751e8b465ee728b) (PreviewImporter) -> (artifact id: '36aafb3f60fd8a63fe3229705fb2d4fb') in 0.013753 seconds
Number of updated asset objects reloaded before import = 0Number of asset objects unloaded after import = 3

========================================================================
Received Import Request.
  Time since last request: 0.000025 seconds.
  path: Assets/cat/Idle (9).png
  artifactKey: Guid(e079a14eaba187341bc4b6494042b0d1) Importer(815301076,1909f56bfc062723c751e8b465ee728b)
Start importing Assets/cat/Idle (9).png using Guid(e079a14eaba187341bc4b6494042b0d1) Importer(815301076,1909f56bfc062723c751e8b465ee728b) (PreviewImporter) -> (artifact id: 'a64e2a59b3f70d9150543ba2959ae455') in 0.0140911 seconds
Number of updated asset objects reloaded before import = 0Number of asset objects unloaded after import = 3

========================================================================
Received Import Request.
  Time since last request: 0.000017 seconds.
  path: Assets/cat/Jump (7).png
  artifactKey: Guid(122d0e19f07f37b4ea773cd413d3ac07) Importer(815301076,1909f56bfc062723c751e8b465ee728b)
Start importing Assets/cat/Jump (7).png using Guid(122d0e19f07f37b4ea773cd413d3ac07) Importer(815301076,1909f56bfc062723c751e8b465ee728b) (PreviewImporter) -> (artifact id: 'bd7652e461298fcb2f44a29f9a30075c') in 0.0142458 seconds
Number of updated asset objects reloaded before import = 0Number of asset objects unloaded after import = 3

========================================================================
Received Import Request.
  Time since last request: 0.000019 seconds.
  path: Assets/cat/Run (3).png
  artifactKey: Guid(ed74744336defd349b0c2964e59644f6) Importer(815301076,1909f56bfc062723c751e8b465ee728b)
Start importing Assets/cat/Run (3).png using Guid(ed74744336defd349b0c2964e59644f6) Importer(815301076,1909f56bfc062723c751e8b465ee728b) (PreviewImporter) -> (artifact id: 'afa0b869fe898a69c1d88677d67bbfef') in 0.0141345 seconds
Number of updated asset objects reloaded before import = 0Number of asset objects unloaded after import = 3

========================================================================
Received Import Request.
  Time since last request: 0.000017 seconds.
  path: Assets/cat/Walk (3).png
  artifactKey: Guid(3a2d7744ec102484a9dd8b74b3efd65a) Importer(815301076,1909f56bfc062723c751e8b465ee728b)
Start importing Assets/cat/Walk (3).png using Guid(3a2d7744ec102484a9dd8b74b3efd65a) Importer(815301076,1909f56bfc062723c751e8b465ee728b) (PreviewImporter) -> (artifact id: '86b47ef374f4deb59c9103552531c330') in 0.0171976 seconds
Number of updated asset objects reloaded before import = 0Number of asset objects unloaded after import = 3

========================================================================
Received Import Request.
  Time since last request: 0.000017 seconds.
  path: Assets/cat/Run (7).png
  artifactKey: Guid(c07d240d0aacf4b42a70cd817eae5311) Importer(815301076,1909f56bfc062723c751e8b465ee728b)
Start importing Assets/cat/Run (7).png using Guid(c07d240d0aacf4b42a70cd817eae5311) Importer(815301076,1909f56bfc062723c751e8b465ee728b) (PreviewImporter) -> (artifact id: 'a6825aae92182a7884180f6e4a1142a4') in 0.0140239 seconds
Number of updated asset objects reloaded before import = 0Number of asset objects unloaded after import = 3

========================================================================
Received Import Request.
  Time since last request: 0.000024 seconds.
  path: Assets/cat/Idle (1).png
  artifactKey: Guid(348127b06a448d646933fb166cf95191) Importer(815301076,1909f56bfc062723c751e8b465ee728b)
Start importing Assets/cat/Idle (1).png using Guid(348127b06a448d646933fb166cf95191) Importer(815301076,1909f56bfc062723c751e8b465ee728b) (PreviewImporter) -> (artifact id: 'a9000a2afca9e47031f5dddb14428053') in 0.0143905 seconds
Number of updated asset objects reloaded before import = 0Number of asset objects unloaded after import = 3

========================================================================
Received Import Request.
  Time since last request: 0.000017 seconds.
  path: Assets/cat/Jump (8).png
  artifactKey: Guid(4a8a350523235a3428b8c51dd366b7b0) Importer(815301076,1909f56bfc062723c751e8b465ee728b)
Start importing Assets/cat/Jump (8).png using Guid(4a8a350523235a3428b8c51dd366b7b0) Importer(815301076,1909f56bfc062723c751e8b465ee728b) (PreviewImporter) -> (artifact id: 'aeadf67b4b9e1e71a0610e2165606516') in 0.0135376 seconds
Number of updated asset objects reloaded before import = 0Number of asset objects unloaded after import = 3

========================================================================
Received Import Request.
  Time since last request: 0.000017 seconds.
  path: Assets/cat/Walk (6).png
  artifactKey: Guid(28725a98980ef3340a2477f6af16a77b) Importer(815301076,1909f56bfc062723c751e8b465ee728b)
Start importing Assets/cat/Walk (6).png using Guid(28725a98980ef3340a2477f6af16a77b) Importer(815301076,1909f56bfc062723c751e8b465ee728b) (PreviewImporter) -> (artifact id: 'bd5d1dc4375ba8a81a8c02113a5e9ce5') in 0.0162944 seconds
Number of updated asset objects reloaded before import = 0Number of asset objects unloaded after import = 3

========================================================================
Received Import Request.
  Time since last request: 0.000016 seconds.
  path: Assets/cat/Walk (9).png
  artifactKey: Guid(883e5bfc12246744c8d383409de69f4b) Importer(815301076,1909f56bfc062723c751e8b465ee728b)
Start importing Assets/cat/Walk (9).png using Guid(883e5bfc12246744c8d383409de69f4b) Importer(815301076,1909f56bfc062723c751e8b465ee728b) (PreviewImporter) -> (artifact id: 'c4cc5f4e25e15e1cce8e7a6d39469745') in 0.0148589 seconds
Number of updated asset objects reloaded before import = 0Number of asset objects unloaded after import = 3

========================================================================
Received Import Request.
  Time since last request: 0.000024 seconds.
  path: Assets/cat/Slide (1).png
  artifactKey: Guid(db61bc7228e98514e89c2d34e1c991b3) Importer(815301076,1909f56bfc062723c751e8b465ee728b)
Start importing Assets/cat/Slide (1).png using Guid(db61bc7228e98514e89c2d34e1c991b3) Importer(815301076,1909f56bfc062723c751e8b465ee728b) (PreviewImporter) -> (artifact id: 'e3aef891038d1874e4798f49bd927e7b') in 0.0143377 seconds
Number of updated asset objects reloaded before import = 0Number of asset objects unloaded after import = 3

========================================================================
Received Import Request.
  Time since last request: 0.000024 seconds.
  path: Assets/cat/Fall (7).png
  artifactKey: Guid(01fd37fd3c7cdde4cbc3ef72efc0a884) Importer(815301076,1909f56bfc062723c751e8b465ee728b)
Start importing Assets/cat/Fall (7).png using Guid(01fd37fd3c7cdde4cbc3ef72efc0a884) Importer(815301076,1909f56bfc062723c751e8b465ee728b) (PreviewImporter) -> (artifact id: 'f112d9452db605b338c054fbd07eb631') in 0.0155344 seconds
Number of updated asset objects reloaded before import = 0Number of asset objects unloaded after import = 3

========================================================================
Received Import Request.
  Time since last request: 0.000017 seconds.
  path: Assets/cat/Walk (1).png
  artifactKey: Guid(41c64a4d65614ed4f99622106e8fb7a8) Importer(815301076,1909f56bfc062723c751e8b465ee728b)
Start importing Assets/cat/Walk (1).png using Guid(41c64a4d65614ed4f99622106e8fb7a8) Importer(815301076,1909f56bfc062723c751e8b465ee728b) (PreviewImporter) -> (artifact id: '5a969a689f8ba76a22d9c5e2bd7fae5f') in 0.0160996 seconds
Number of updated asset objects reloaded before import = 0Number of asset objects unloaded after import = 3

========================================================================
Received Import Request.
  Time since last request: 0.000017 seconds.
  path: Assets/cat/Fall (1).png
  artifactKey: Guid(5e6c1a4436726f241a451599e2ab30c7) Importer(815301076,1909f56bfc062723c751e8b465ee728b)
Start importing Assets/cat/Fall (1).png using Guid(5e6c1a4436726f241a451599e2ab30c7) Importer(815301076,1909f56bfc062723c751e8b465ee728b) (PreviewImporter) -> (artifact id: '71a4e6f529c4d10571823ecc8fd89122') in 0.0150487 seconds
Number of updated asset objects reloaded before import = 0Number of asset objects unloaded after import = 3

========================================================================
Received Import Request.
  Time since last request: 0.000015 seconds.
  path: Assets/cat/Idle (6).png
  artifactKey: Guid(c661f85f139508a448f53f9b4b493618) Importer(815301076,1909f56bfc062723c751e8b465ee728b)
Start importing Assets/cat/Idle (6).png using Guid(c661f85f139508a448f53f9b4b493618) Importer(815301076,1909f56bfc062723c751e8b465ee728b) (PreviewImporter) -> (artifact id: '588c7f69fe144ed9437e067e4678a7de') in 0.0138291 seconds
Number of updated asset objects reloaded before import = 0Number of asset objects unloaded after import = 3

========================================================================
Received Import Request.
  Time since last request: 0.000023 seconds.
  path: Assets/cat/Run (4).png
  artifactKey: Guid(f250029778691df43b74b29725dc56d2) Importer(815301076,1909f56bfc062723c751e8b465ee728b)
Start importing Assets/cat/Run (4).png using Guid(f250029778691df43b74b29725dc56d2) Importer(815301076,1909f56bfc062723c751e8b465ee728b) (PreviewImporter) -> (artifact id: 'eeebebed10c6be79502377e5770f3106') in 0.0138028 seconds
Number of updated asset objects reloaded before import = 0Number of asset objects unloaded after import = 3

========================================================================
Received Import Request.
  Time since last request: 0.000024 seconds.
  path: Assets/cat/Dead (9).png
  artifactKey: Guid(6e5486ec532b4cd488371e13e48032ab) Importer(815301076,1909f56bfc062723c751e8b465ee728b)
Start importing Assets/cat/Dead (9).png using Guid(6e5486ec532b4cd488371e13e48032ab) Importer(815301076,1909f56bfc062723c751e8b465ee728b) (PreviewImporter) -> (artifact id: 'fb0e583144f340171de8041fdef060b0') in 0.0227893 seconds
Number of updated asset objects reloaded before import = 0Number of asset objects unloaded after import = 3

========================================================================
Received Import Request.
  Time since last request: 0.000017 seconds.
  path: Assets/cat/Hurt (2).png
  artifactKey: Guid(d19522c0c0764774b8b72ad847c2137e) Importer(815301076,1909f56bfc062723c751e8b465ee728b)
Start importing Assets/cat/Hurt (2).png using Guid(d19522c0c0764774b8b72ad847c2137e) Importer(815301076,1909f56bfc062723c751e8b465ee728b) (PreviewImporter) -> (artifact id: '3821994b8c0c9a5899f69f5b80c6f357') in 0.0163832 seconds
Number of updated asset objects reloaded before import = 0Number of asset objects unloaded after import = 3

========================================================================
Received Import Request.
  Time since last request: 0.000022 seconds.
  path: Assets/cat/Hurt (5).png
  artifactKey: Guid(b9a45177d41095e418e3860ed5b61ce6) Importer(815301076,1909f56bfc062723c751e8b465ee728b)
Start importing Assets/cat/Hurt (5).png using Guid(b9a45177d41095e418e3860ed5b61ce6) Importer(815301076,1909f56bfc062723c751e8b465ee728b) (PreviewImporter) -> (artifact id: 'cd8c199b73cb393ef8d3422e0ffb8c6a') in 0.0133224 seconds
Number of updated asset objects reloaded before import = 0Number of asset objects unloaded after import = 3

========================================================================
Received Import Request.
  Time since last request: 0.000017 seconds.
  path: Assets/cat/Walk (7).png
  artifactKey: Guid(0c07fa4a5f27c544d8911ee42cf65def) Importer(815301076,1909f56bfc062723c751e8b465ee728b)
Start importing Assets/cat/Walk (7).png using Guid(0c07fa4a5f27c544d8911ee42cf65def) Importer(815301076,1909f56bfc062723c751e8b465ee728b) (PreviewImporter) -> (artifact id: 'a77dc431a27782163a9cfb77e3642c5c') in 0.0148713 seconds
Number of updated asset objects reloaded before import = 0Number of asset objects unloaded after import = 3

========================================================================
Received Import Request.
  Time since last request: 0.000020 seconds.
  path: Assets/cat/Walk (4).png
  artifactKey: Guid(8f565ea9f1dc7074d884abc6d4565105) Importer(815301076,1909f56bfc062723c751e8b465ee728b)
Start importing Assets/cat/Walk (4).png using Guid(8f565ea9f1dc7074d884abc6d4565105) Importer(815301076,1909f56bfc062723c751e8b465ee728b) (PreviewImporter) -> (artifact id: '507cf0b23069b859a0958a4f5c93e920') in 0.0159767 seconds
Number of updated asset objects reloaded before import = 0Number of asset objects unloaded after import = 3

========================================================================
Received Import Request.
  Time since last request: 0.058670 seconds.
  path: Assets/dog/Dead (1).png
  artifactKey: Guid(9d3ea474daf52f24488eaadff0b529da) Importer(815301076,1909f56bfc062723c751e8b465ee728b)
Start importing Assets/dog/Dead (1).png using Guid(9d3ea474daf52f24488eaadff0b529da) Importer(815301076,1909f56bfc062723c751e8b465ee728b) (PreviewImporter) -> (artifact id: 'd283f7481cda3c45dfa893f9b71384dc') in 0.0157478 seconds
Number of updated asset objects reloaded before import = 0Number of asset objects unloaded after import = 3

========================================================================
Received Import Request.
  Time since last request: 0.000018 seconds.
  path: Assets/dog/Dead (4).png
  artifactKey: Guid(3aaa315808a8b3d4b99fdad6453af59a) Importer(815301076,1909f56bfc062723c751e8b465ee728b)
Start importing Assets/dog/Dead (4).png using Guid(3aaa315808a8b3d4b99fdad6453af59a) Importer(815301076,1909f56bfc062723c751e8b465ee728b) (PreviewImporter) -> (artifact id: 'f76a17e3ed84c720576f34724c1ce25a') in 0.0133299 seconds
Number of updated asset objects reloaded before import = 0Number of asset objects unloaded after import = 3

========================================================================
Received Import Request.
  Time since last request: 0.000017 seconds.
  path: Assets/dog/Fall (8).png
  artifactKey: Guid(e53edc3404d91ed43b8943227d7e807e) Importer(815301076,1909f56bfc062723c751e8b465ee728b)
Start importing Assets/dog/Fall (8).png using Guid(e53edc3404d91ed43b8943227d7e807e) Importer(815301076,1909f56bfc062723c751e8b465ee728b) (PreviewImporter) -> (artifact id: 'a0099c0452613a7c9fb5af9281d5738f') in 0.0197556 seconds
Number of updated asset objects reloaded before import = 0Number of asset objects unloaded after import = 3

========================================================================
Received Import Request.
  Time since last request: 0.000019 seconds.
  path: Assets/dog/Run (1).png
  artifactKey: Guid(ea36c9e2951540242a8e1e2599c57343) Importer(815301076,1909f56bfc062723c751e8b465ee728b)
Start importing Assets/dog/Run (1).png using Guid(ea36c9e2951540242a8e1e2599c57343) Importer(815301076,1909f56bfc062723c751e8b465ee728b) (PreviewImporter) -> (artifact id: '4728e33578fc50c4a81598c4e406492a') in 0.0180676 seconds
Number of updated asset objects reloaded before import = 0Number of asset objects unloaded after import = 3

========================================================================
Received Import Request.
  Time since last request: 0.000024 seconds.
  path: Assets/dog/Run (4).png
  artifactKey: Guid(9933dc31be9278140b0f7ef28301f3ea) Importer(815301076,1909f56bfc062723c751e8b465ee728b)
Start importing Assets/dog/Run (4).png using Guid(9933dc31be9278140b0f7ef28301f3ea) Importer(815301076,1909f56bfc062723c751e8b465ee728b) (PreviewImporter) -> (artifact id: '4811703f68fc1ef72b57a07387695d15') in 0.018504 seconds
Number of updated asset objects reloaded before import = 0Number of asset objects unloaded after import = 3

========================================================================
Received Import Request.
  Time since last request: 0.000016 seconds.
  path: Assets/dog/Fall (3).png
  artifactKey: Guid(900d98d3f39a4fd4e894c2a1c5c61a2e) Importer(815301076,1909f56bfc062723c751e8b465ee728b)
Start importing Assets/dog/Fall (3).png using Guid(900d98d3f39a4fd4e894c2a1c5c61a2e) Importer(815301076,1909f56bfc062723c751e8b465ee728b) (PreviewImporter) -> (artifact id: 'aebed9d5281576f69a585f754d14de73') in 0.0208142 seconds
Number of updated asset objects reloaded before import = 0Number of asset objects unloaded after import = 3

========================================================================
Received Import Request.
  Time since last request: 0.000016 seconds.
  path: Assets/dog/Run (3).png
  artifactKey: Guid(e7522e17cf369f1498460efc24be025d) Importer(815301076,1909f56bfc062723c751e8b465ee728b)
Start importing Assets/dog/Run (3).png using Guid(e7522e17cf369f1498460efc24be025d) Importer(815301076,1909f56bfc062723c751e8b465ee728b) (PreviewImporter) -> (artifact id: '8c33d9457d3cdbcbfdee33ca70044cc1') in 0.0218585 seconds
Number of updated asset objects reloaded before import = 0Number of asset objects unloaded after import = 3

========================================================================
Received Import Request.
  Time since last request: 0.000019 seconds.
  path: Assets/dog/Fall (4).png
  artifactKey: Guid(9a1f3450c126e3941a0219041e0ac14a) Importer(815301076,1909f56bfc062723c751e8b465ee728b)
Start importing Assets/dog/Fall (4).png using Guid(9a1f3450c126e3941a0219041e0ac14a) Importer(815301076,1909f56bfc062723c751e8b465ee728b) (PreviewImporter) -> (artifact id: 'ae159b3b1f53cd1dd8c17fb11bb0da57') in 0.0218129 seconds
Number of updated asset objects reloaded before import = 0Number of asset objects unloaded after import = 3

========================================================================
Received Import Request.
  Time since last request: 0.000018 seconds.
  path: Assets/dog/Slide (5).png
  artifactKey: Guid(a4d63274a7113f74ea9cac64d4ba36a9) Importer(815301076,1909f56bfc062723c751e8b465ee728b)
Start importing Assets/dog/Slide (5).png using Guid(a4d63274a7113f74ea9cac64d4ba36a9) Importer(815301076,1909f56bfc062723c751e8b465ee728b) (PreviewImporter) -> (artifact id: '58ae245db6d21a2684b5cc623ec27a0c') in 0.0137551 seconds
Number of updated asset objects reloaded before import = 0Number of asset objects unloaded after import = 3

========================================================================
Received Import Request.
  Time since last request: 0.000025 seconds.
  path: Assets/dog/Walk (7).png
  artifactKey: Guid(9118b60cab76ed447bbb536d04d9387b) Importer(815301076,1909f56bfc062723c751e8b465ee728b)
Start importing Assets/dog/Walk (7).png using Guid(9118b60cab76ed447bbb536d04d9387b) Importer(815301076,1909f56bfc062723c751e8b465ee728b) (PreviewImporter) -> (artifact id: 'a2d7a1172aecbdcbf38691c8df0bca6e') in 0.0151558 seconds
Number of updated asset objects reloaded before import = 0Number of asset objects unloaded after import = 3

========================================================================
Received Import Request.
  Time since last request: 0.000017 seconds.
  path: Assets/dog/Hurt (2).png
  artifactKey: Guid(90f68e4863553a04c97f741248e7f9ab) Importer(815301076,1909f56bfc062723c751e8b465ee728b)
Start importing Assets/dog/Hurt (2).png using Guid(90f68e4863553a04c97f741248e7f9ab) Importer(815301076,1909f56bfc062723c751e8b465ee728b) (PreviewImporter) -> (artifact id: '5bb784b72c15854f7cc950ee62eebcbc') in 0.0152137 seconds
Number of updated asset objects reloaded before import = 0Number of asset objects unloaded after import = 3

========================================================================
Received Import Request.
  Time since last request: 0.000017 seconds.
  path: Assets/dog/Slide (10).png
  artifactKey: Guid(b8c412495983e8e4e9f661195cc6a0b5) Importer(815301076,1909f56bfc062723c751e8b465ee728b)
Start importing Assets/dog/Slide (10).png using Guid(b8c412495983e8e4e9f661195cc6a0b5) Importer(815301076,1909f56bfc062723c751e8b465ee728b) (PreviewImporter) -> (artifact id: '92ba1ba42d1bfb5e0d5700642f611b70') in 0.0160243 seconds
Number of updated asset objects reloaded before import = 0Number of asset objects unloaded after import = 3

========================================================================
Received Import Request.
  Time since last request: 0.000016 seconds.
  path: Assets/dog/Run (6).png
  artifactKey: Guid(60eae765e7f00fc4f99cce3faddbc9b9) Importer(815301076,1909f56bfc062723c751e8b465ee728b)
Start importing Assets/dog/Run (6).png using Guid(60eae765e7f00fc4f99cce3faddbc9b9) Importer(815301076,1909f56bfc062723c751e8b465ee728b) (PreviewImporter) -> (artifact id: '8bec4827a1780280afcaf3f5362981b4') in 0.0220699 seconds
Number of updated asset objects reloaded before import = 0Number of asset objects unloaded after import = 3

========================================================================
Received Import Request.
  Time since last request: 0.000021 seconds.
  path: Assets/dog/Hurt (1).png
  artifactKey: Guid(37f0bd695fe759c41ab9535149c08e6d) Importer(815301076,1909f56bfc062723c751e8b465ee728b)
Start importing Assets/dog/Hurt (1).png using Guid(37f0bd695fe759c41ab9535149c08e6d) Importer(815301076,1909f56bfc062723c751e8b465ee728b) (PreviewImporter) -> (artifact id: 'fba6a0391c38ed8aec16a31fae4942a1') in 0.0166761 seconds
Number of updated asset objects reloaded before import = 0Number of asset objects unloaded after import = 3

========================================================================
Received Import Request.
  Time since last request: 0.000031 seconds.
  path: Assets/dog/Idle (1).png
  artifactKey: Guid(8d0d5bdcf7762064cb534e87e7f3c559) Importer(815301076,1909f56bfc062723c751e8b465ee728b)
Start importing Assets/dog/Idle (1).png using Guid(8d0d5bdcf7762064cb534e87e7f3c559) Importer(815301076,1909f56bfc062723c751e8b465ee728b) (PreviewImporter) -> (artifact id: '4e21beebe6b3672211d7892b97f6f1ab') in 0.0220422 seconds
Number of updated asset objects reloaded before import = 0Number of asset objects unloaded after import = 3

========================================================================
Received Import Request.
  Time since last request: 0.000017 seconds.
  path: Assets/dog/Slide (7).png
  artifactKey: Guid(5d45e7d2e7252bb49b52f7e6f9738e8f) Importer(815301076,1909f56bfc062723c751e8b465ee728b)
Start importing Assets/dog/Slide (7).png using Guid(5d45e7d2e7252bb49b52f7e6f9738e8f) Importer(815301076,1909f56bfc062723c751e8b465ee728b) (PreviewImporter) -> (artifact id: 'b279f43a83b71e8db9328d4df50aeb68') in 0.0137238 seconds
Number of updated asset objects reloaded before import = 0Number of asset objects unloaded after import = 3

========================================================================
Received Import Request.
  Time since last request: 0.000017 seconds.
  path: Assets/dog/Idle (3).png
  artifactKey: Guid(32b001b7cf78bf64d847574fed340832) Importer(815301076,1909f56bfc062723c751e8b465ee728b)
Start importing Assets/dog/Idle (3).png using Guid(32b001b7cf78bf64d847574fed340832) Importer(815301076,1909f56bfc062723c751e8b465ee728b) (PreviewImporter) -> (artifact id: '3f43c319963bc556122c2f2dc46418c7') in 0.0206157 seconds
Number of updated asset objects reloaded before import = 0Number of asset objects unloaded after import = 3

========================================================================
Received Import Request.
  Time since last request: 0.000017 seconds.
  path: Assets/dog/Idle (7).png
  artifactKey: Guid(ef8ddc1421e73a14ebce2639d1a7eed8) Importer(815301076,1909f56bfc062723c751e8b465ee728b)
Start importing Assets/dog/Idle (7).png using Guid(ef8ddc1421e73a14ebce2639d1a7eed8) Importer(815301076,1909f56bfc062723c751e8b465ee728b) (PreviewImporter) -> (artifact id: 'c306919cedea6438119a40f6b12a660d') in 0.0211254 seconds
Number of updated asset objects reloaded before import = 0Number of asset objects unloaded after import = 3

========================================================================
Received Import Request.
  Time since last request: 0.000019 seconds.
  path: Assets/dog/Hurt (10).png
  artifactKey: Guid(8d9c592b646b46e45abd972d4a6d1906) Importer(815301076,1909f56bfc062723c751e8b465ee728b)
Start importing Assets/dog/Hurt (10).png using Guid(8d9c592b646b46e45abd972d4a6d1906) Importer(815301076,1909f56bfc062723c751e8b465ee728b) (PreviewImporter) -> (artifact id: '7dd2746978b2761af7453e4763c4e3f2') in 0.0144364 seconds
Number of updated asset objects reloaded before import = 0Number of asset objects unloaded after import = 3

========================================================================
Received Import Request.
  Time since last request: 0.000025 seconds.
  path: Assets/dog/Idle (5).png
  artifactKey: Guid(fbf74b9dbd1792f4c94bf84f86ac8945) Importer(815301076,1909f56bfc062723c751e8b465ee728b)
Start importing Assets/dog/Idle (5).png using Guid(fbf74b9dbd1792f4c94bf84f86ac8945) Importer(815301076,1909f56bfc062723c751e8b465ee728b) (PreviewImporter) -> (artifact id: 'b454df3683bfd17891889ff92f9bc534') in 0.0223297 seconds
Number of updated asset objects reloaded before import = 0Number of asset objects unloaded after import = 3

========================================================================
Received Import Request.
  Time since last request: 0.000017 seconds.
  path: Assets/dog/Idle (2).png
  artifactKey: Guid(10f7529e3eec1f542998fb930650c0f6) Importer(815301076,1909f56bfc062723c751e8b465ee728b)
Start importing Assets/dog/Idle (2).png using Guid(10f7529e3eec1f542998fb930650c0f6) Importer(815301076,1909f56bfc062723c751e8b465ee728b) (PreviewImporter) -> (artifact id: 'e73f222e5298dfdef3fc95e069c4d595') in 0.0222425 seconds
Number of updated asset objects reloaded before import = 0Number of asset objects unloaded after import = 3

========================================================================
Received Import Request.
  Time since last request: 0.000016 seconds.
  path: Assets/dog/Hurt (4).png
  artifactKey: Guid(56bfeb7f2fd4b54428fdef43fff86d16) Importer(815301076,1909f56bfc062723c751e8b465ee728b)
Start importing Assets/dog/Hurt (4).png using Guid(56bfeb7f2fd4b54428fdef43fff86d16) Importer(815301076,1909f56bfc062723c751e8b465ee728b) (PreviewImporter) -> (artifact id: 'cd632d4bd491b44eaa5dd6e2bf831515') in 0.0143293 seconds
Number of updated asset objects reloaded before import = 0Number of asset objects unloaded after import = 3

========================================================================
Received Import Request.
  Time since last request: 0.000018 seconds.
  path: Assets/dog/Walk (8).png
  artifactKey: Guid(7ba0dc81ce3a7ee4aa97c463c484b97e) Importer(815301076,1909f56bfc062723c751e8b465ee728b)
Start importing Assets/dog/Walk (8).png using Guid(7ba0dc81ce3a7ee4aa97c463c484b97e) Importer(815301076,1909f56bfc062723c751e8b465ee728b) (PreviewImporter) -> (artifact id: 'c3df6aa4b801055cbe9f2bb134d6614c') in 0.015356 seconds
Number of updated asset objects reloaded before import = 0Number of asset objects unloaded after import = 3

========================================================================
Received Import Request.
  Time since last request: 0.000019 seconds.
  path: Assets/dog/Hurt (7).png
  artifactKey: Guid(ca027ee7b6e95d04f8e64cc6c4141d8a) Importer(815301076,1909f56bfc062723c751e8b465ee728b)
Start importing Assets/dog/Hurt (7).png using Guid(ca027ee7b6e95d04f8e64cc6c4141d8a) Importer(815301076,1909f56bfc062723c751e8b465ee728b) (PreviewImporter) -> (artifact id: '8910b7e7b52caee8d43636e2e7607812') in 0.0150046 seconds
Number of updated asset objects reloaded before import = 0Number of asset objects unloaded after import = 3

========================================================================
Received Import Request.
  Time since last request: 0.000025 seconds.
  path: Assets/dog/Idle (9).png
  artifactKey: Guid(af3d151ca2d146e4f8657b7ab5054133) Importer(815301076,1909f56bfc062723c751e8b465ee728b)
Start importing Assets/dog/Idle (9).png using Guid(af3d151ca2d146e4f8657b7ab5054133) Importer(815301076,1909f56bfc062723c751e8b465ee728b) (PreviewImporter) -> (artifact id: '0fa24a85177dcb5684641ec56c27aa5c') in 0.0237789 seconds
Number of updated asset objects reloaded before import = 0Number of asset objects unloaded after import = 3

========================================================================
Received Import Request.
  Time since last request: 6.917114 seconds.
  path: Assets/dog/Animations
  artifactKey: Guid(ba34b2cde15b9d14b926d04dd62fdf7b) Importer(815301076,1909f56bfc062723c751e8b465ee728b)
Start importing Assets/dog/Animations using Guid(ba34b2cde15b9d14b926d04dd62fdf7b) Importer(815301076,1909f56bfc062723c751e8b465ee728b) (PreviewImporter) -> (artifact id: '95dda39b181425688aa3ef9ff3e8085b') in 0.0005321 seconds
Number of updated asset objects reloaded before import = 0Number of asset objects unloaded after import = 0

========================================================================
Received Import Request.
  Time since last request: 2.121427 seconds.
  path: Assets/dog/Animations/idle.anim
  artifactKey: Guid(90a80272dea01714495180fb1e310d7b) Importer(815301076,1909f56bfc062723c751e8b465ee728b)
Start importing Assets/dog/Animations/idle.anim using Guid(90a80272dea01714495180fb1e310d7b) Importer(815301076,1909f56bfc062723c751e8b465ee728b) (PreviewImporter) -> (artifact id: 'd8755ea898ae236bd1941a379b779f7a') in 0.0087153 seconds
Number of updated asset objects reloaded before import = 0Number of asset objects unloaded after import = 1

========================================================================
Received Import Request.
  Time since last request: 0.269142 seconds.
  path: Assets/dog/Animations/fall.anim
  artifactKey: Guid(f9d0b5f16b50165428736716657b4d97) Importer(815301076,1909f56bfc062723c751e8b465ee728b)
Start importing Assets/dog/Animations/fall.anim using Guid(f9d0b5f16b50165428736716657b4d97) Importer(815301076,1909f56bfc062723c751e8b465ee728b) (PreviewImporter) -> (artifact id: '57e372fb0bbf29bacf60fe3bd883638a') in 0.0167972 seconds
Number of updated asset objects reloaded before import = 0Number of asset objects unloaded after import = 1

========================================================================
Received Prepare
Begin MonoManager ReloadAssembly
- Loaded All Assemblies, in  0.649 seconds
Refreshing native plugins compatible for Editor in 1.78 ms, found 4 plugins.
Native extension for WindowsStandalone target not found
[Package Manager] Failed to launch server process. Reason: Unity was launched with the -noUpm command-line argument
[Package Manager] Unable to send message (not connected to server process).
[Package Manager] Cannot connect to Unity Package Manager local server
The project currently uses the compatibility mode where the Render Graph API is disabled. Support for this mode will be removed in future Unity versions. Migrate existing ScriptableRenderPasses to the new RenderGraph API. After the migration, disable the compatibility mode in Edit > Projects Settings > Graphics > Render Graph.
UnityEngine.Debug:ExtractStackTraceNoAlloc (byte*,int,string)
UnityEngine.StackTraceUtility:ExtractStackTrace ()
UnityEngine.DebugLogHandler:Internal_Log (UnityEngine.LogType,UnityEngine.LogOption,string,UnityEngine.Object)
UnityEngine.DebugLogHandler:LogFormat (UnityEngine.LogType,UnityEngine.Object,string,object[])
UnityEngine.Logger:Log (UnityEngine.LogType,object)
UnityEngine.Debug:LogWarning (object)
UnityEngine.Rendering.Universal.WarnUsingNonRenderGraph:EmitConsoleWarning () (at ./Library/PackageCache/com.unity.render-pipelines.universal@2a2241f53fcd/Runtime/Data/UniversalRenderPipelineAsset.cs:427)
System.Reflection.RuntimeMethodInfo:Invoke (object,System.Reflection.BindingFlags,System.Reflection.Binder,object[],System.Globalization.CultureInfo)
System.Reflection.MethodBase:Invoke (object,object[])
UnityEditor.EditorAssemblies:ProcessInitializeOnLoadMethodAttributes ()

(Filename: ./Library/PackageCache/com.unity.render-pipelines.universal@2a2241f53fcd/Runtime/Data/UniversalRenderPipelineAsset.cs Line: 427)

Mono: successfully reloaded assembly
- Finished resetting the current domain, in  0.620 seconds
Domain Reload Profiling: 1266ms
	BeginReloadAssembly (196ms)
		ExecutionOrderSort (0ms)
		DisableScriptedObjects (18ms)
		BackupInstance (0ms)
		ReleaseScriptingObjects (0ms)
		CreateAndSetChildDomain (50ms)
	RebuildCommonClasses (29ms)
	RebuildNativeTypeToScriptingClass (11ms)
	initialDomainReloadingComplete (28ms)
	LoadAllAssembliesAndSetupDomain (382ms)
		LoadAssemblies (301ms)
		RebuildTransferFunctionScriptingTraits (0ms)
		AnalyzeDomain (160ms)
			TypeCache.Refresh (5ms)
				TypeCache.ScanAssembly (0ms)
			BuildScriptInfoCaches (141ms)
			ResolveRequiredComponents (9ms)
	FinalizeReload (620ms)
		ReleaseScriptCaches (0ms)
		RebuildScriptCaches (0ms)
		SetupLoadedEditorAssemblies (493ms)
			LogAssemblyErrors (0ms)
			InitializePlatformSupportModulesInManaged (2ms)
			SetLoadedEditorAssemblies (4ms)
			BeforeProcessingInitializeOnLoad (118ms)
			ProcessInitializeOnLoadAttributes (301ms)
			ProcessInitializeOnLoadMethodAttributes (59ms)
			AfterProcessingInitializeOnLoad (8ms)
			EditorAssembliesLoaded (0ms)
		ExecutionOrderSort2 (0ms)
		AwakeInstancesAfterBackupRestoration (13ms)
Refreshing native plugins compatible for Editor in 2.15 ms, found 4 plugins.
Preloading 0 native plugins for Editor in 0.00 ms.
Unloading 14 Unused Serialized files (Serialized files now loaded: 0)
Unloading 6447 unused Assets / (4.3 MB). Loaded Objects now: 7194.
Memory consumption went from 148.9 MB to 144.6 MB.
Total: 7.412400 ms (FindLiveObjects: 0.605100 ms CreateObjectMapping: 0.368300 ms MarkObjects: 4.510400 ms  DeleteObjects: 1.927800 ms)

Prepare: number of updated asset objects reloaded= 0
========================================================================
Received Prepare
Begin MonoManager ReloadAssembly
- Loaded All Assemblies, in  0.649 seconds
Refreshing native plugins compatible for Editor in 1.86 ms, found 4 plugins.
Native extension for WindowsStandalone target not found
[Package Manager] Failed to launch server process. Reason: Unity was launched with the -noUpm command-line argument
[Package Manager] Unable to send message (not connected to server process).
[Package Manager] Cannot connect to Unity Package Manager local server
The project currently uses the compatibility mode where the Render Graph API is disabled. Support for this mode will be removed in future Unity versions. Migrate existing ScriptableRenderPasses to the new RenderGraph API. After the migration, disable the compatibility mode in Edit > Projects Settings > Graphics > Render Graph.
UnityEngine.Debug:ExtractStackTraceNoAlloc (byte*,int,string)
UnityEngine.StackTraceUtility:ExtractStackTrace ()
UnityEngine.DebugLogHandler:Internal_Log (UnityEngine.LogType,UnityEngine.LogOption,string,UnityEngine.Object)
UnityEngine.DebugLogHandler:LogFormat (UnityEngine.LogType,UnityEngine.Object,string,object[])
UnityEngine.Logger:Log (UnityEngine.LogType,object)
UnityEngine.Debug:LogWarning (object)
UnityEngine.Rendering.Universal.WarnUsingNonRenderGraph:EmitConsoleWarning () (at ./Library/PackageCache/com.unity.render-pipelines.universal@2a2241f53fcd/Runtime/Data/UniversalRenderPipelineAsset.cs:427)
System.Reflection.RuntimeMethodInfo:Invoke (object,System.Reflection.BindingFlags,System.Reflection.Binder,object[],System.Globalization.CultureInfo)
System.Reflection.MethodBase:Invoke (object,object[])
UnityEditor.EditorAssemblies:ProcessInitializeOnLoadMethodAttributes ()

(Filename: ./Library/PackageCache/com.unity.render-pipelines.universal@2a2241f53fcd/Runtime/Data/UniversalRenderPipelineAsset.cs Line: 427)

Mono: successfully reloaded assembly
- Finished resetting the current domain, in  0.625 seconds
Domain Reload Profiling: 1270ms
	BeginReloadAssembly (183ms)
		ExecutionOrderSort (0ms)
		DisableScriptedObjects (13ms)
		BackupInstance (0ms)
		ReleaseScriptingObjects (0ms)
		CreateAndSetChildDomain (40ms)
	RebuildCommonClasses (30ms)
	RebuildNativeTypeToScriptingClass (11ms)
	initialDomainReloadingComplete (29ms)
	LoadAllAssembliesAndSetupDomain (392ms)
		LoadAssemblies (311ms)
		RebuildTransferFunctionScriptingTraits (0ms)
		AnalyzeDomain (163ms)
			TypeCache.Refresh (7ms)
				TypeCache.ScanAssembly (0ms)
			BuildScriptInfoCaches (143ms)
			ResolveRequiredComponents (10ms)
	FinalizeReload (626ms)
		ReleaseScriptCaches (0ms)
		RebuildScriptCaches (0ms)
		SetupLoadedEditorAssemblies (497ms)
			LogAssemblyErrors (0ms)
			InitializePlatformSupportModulesInManaged (2ms)
			SetLoadedEditorAssemblies (5ms)
			BeforeProcessingInitializeOnLoad (116ms)
			ProcessInitializeOnLoadAttributes (305ms)
			ProcessInitializeOnLoadMethodAttributes (61ms)
			AfterProcessingInitializeOnLoad (8ms)
			EditorAssembliesLoaded (0ms)
		ExecutionOrderSort2 (0ms)
		AwakeInstancesAfterBackupRestoration (13ms)
Refreshing native plugins compatible for Editor in 2.66 ms, found 4 plugins.
Preloading 0 native plugins for Editor in 0.00 ms.
Unloading 14 Unused Serialized files (Serialized files now loaded: 0)
Unloading 6446 unused Assets / (4.4 MB). Loaded Objects now: 7196.
Memory consumption went from 148.8 MB to 144.4 MB.
Total: 7.874500 ms (FindLiveObjects: 0.567000 ms CreateObjectMapping: 0.346000 ms MarkObjects: 5.092500 ms  DeleteObjects: 1.868100 ms)

Prepare: number of updated asset objects reloaded= 0
========================================================================
Received Import Request.
  Time since last request: 263.400283 seconds.
  path: Assets/Prefabs/Circle.png
  artifactKey: Guid(74d2001c9272ed34eb529451b4388f6a) Importer(815301076,1909f56bfc062723c751e8b465ee728b)
Start importing Assets/Prefabs/Circle.png using Guid(74d2001c9272ed34eb529451b4388f6a) Importer(815301076,1909f56bfc062723c751e8b465ee728b) (PreviewImporter) -> (artifact id: 'db3575fb4fce6afcc5242e9996fcb089') in 0.0893503 seconds
Number of updated asset objects reloaded before import = 0Number of asset objects unloaded after import = 3

========================================================================
Received Import Request.
  Time since last request: 0.000015 seconds.
  path: Assets/Prefabs/PickupEffect1.prefab
  artifactKey: Guid(8a5e17789af4ccc47beecb3f47fb2476) Importer(815301076,1909f56bfc062723c751e8b465ee728b)
Start importing Assets/Prefabs/PickupEffect1.prefab using Guid(8a5e17789af4ccc47beecb3f47fb2476) Importer(815301076,1909f56bfc062723c751e8b465ee728b) (PreviewImporter) -> (artifact id: 'e9ee3b012c7dd3ec83e1a37ec016c6c7') in 0.2168717 seconds
Number of updated asset objects reloaded before import = 0Number of asset objects unloaded after import = 9

========================================================================
Received Import Request.
  Time since last request: 0.000029 seconds.
  path: Assets/Prefabs/Sign_2.prefab
  artifactKey: Guid(74d231073b03435419ae7d180354b023) Importer(815301076,1909f56bfc062723c751e8b465ee728b)
Start importing Assets/Prefabs/Sign_2.prefab using Guid(74d231073b03435419ae7d180354b023) Importer(815301076,1909f56bfc062723c751e8b465ee728b) (PreviewImporter) -> (artifact id: '14c9dc54a5d24600c53ad0e778d90815') in 0.0116785 seconds
Number of updated asset objects reloaded before import = 0Number of asset objects unloaded after import = 7

========================================================================
Received Import Request.
  Time since last request: 0.000018 seconds.
  path: Assets/Prefabs/SnowMan.prefab
  artifactKey: Guid(0bde1c1e466ae6540b17f28e061d0dec) Importer(815301076,1909f56bfc062723c751e8b465ee728b)
Start importing Assets/Prefabs/SnowMan.prefab using Guid(0bde1c1e466ae6540b17f28e061d0dec) Importer(815301076,1909f56bfc062723c751e8b465ee728b) (PreviewImporter) -> (artifact id: 'eaf7204aaf5f8c74f3999bf25677ca0c') in 0.0134489 seconds
Number of updated asset objects reloaded before import = 0Number of asset objects unloaded after import = 7

========================================================================
Received Import Request.
  Time since last request: 20.926427 seconds.
  path: Assets/Prefabs/  2025-04-25 144811.png
  artifactKey: Guid(432a75e4a67df764babb78a6b8f8faf2) Importer(815301076,1909f56bfc062723c751e8b465ee728b)
Start importing Assets/Prefabs/  2025-04-25 144811.png using Guid(432a75e4a67df764babb78a6b8f8faf2) Importer(815301076,1909f56bfc062723c751e8b465ee728b) (PreviewImporter) -> (artifact id: '01c5bdd5092402e20f50bb85f60b6dac') in 0.0176189 seconds
Number of updated asset objects reloaded before import = 0Number of asset objects unloaded after import = 3

========================================================================
Received Import Request.
  Time since last request: 93.035582 seconds.
  path: Assets/Prefabs/Pickup/dollar.prefab
  artifactKey: Guid(35f409698c2eb804292697d65adef0d0) Importer(815301076,1909f56bfc062723c751e8b465ee728b)
Start importing Assets/Prefabs/Pickup/dollar.prefab using Guid(35f409698c2eb804292697d65adef0d0) Importer(815301076,1909f56bfc062723c751e8b465ee728b) (PreviewImporter) -> (artifact id: '078133794645fedf7962901a27184c0a') in 0.0128693 seconds
Number of updated asset objects reloaded before import = 0Number of asset objects unloaded after import = 16

========================================================================
Received Import Request.
  Time since last request: 4.614444 seconds.
  path: Packages/com.unity.render-pipelines.universal/Runtime/Materials/Sprite-Lit-Default.mat
  artifactKey: Guid(a97c105638bdf8b4a8650670310a4cd3) Importer(815301076,1909f56bfc062723c751e8b465ee728b)
Start importing Packages/com.unity.render-pipelines.universal/Runtime/Materials/Sprite-Lit-Default.mat using Guid(a97c105638bdf8b4a8650670310a4cd3) Importer(815301076,1909f56bfc062723c751e8b465ee728b) (PreviewImporter) -> (artifact id: 'f394681479b7a3a10a25464656556e73') in 0.0454452 seconds
Number of updated asset objects reloaded before import = 0Number of asset objects unloaded after import = 0

========================================================================
Received Import Request.
  Time since last request: 74.283797 seconds.
  path: Assets/Prefabs/Pickup
  artifactKey: Guid(f94eca15f44badd4aac4c86de816195c) Importer(815301076,1909f56bfc062723c751e8b465ee728b)
Start importing Assets/Prefabs/Pickup using Guid(f94eca15f44badd4aac4c86de816195c) Importer(815301076,1909f56bfc062723c751e8b465ee728b) (PreviewImporter) -> (artifact id: 'f99ea1016b213db35c6e3a6422f8ed00') in 0.0005165 seconds
Number of updated asset objects reloaded before import = 0Number of asset objects unloaded after import = 0

========================================================================
Received Import Request.
  Time since last request: 8.229824 seconds.
  path: Assets/Prefabs
  artifactKey: Guid(8982503b1b7928141be717e7ecb0d338) Importer(815301076,1909f56bfc062723c751e8b465ee728b)
Start importing Assets/Prefabs using Guid(8982503b1b7928141be717e7ecb0d338) Importer(815301076,1909f56bfc062723c751e8b465ee728b) (PreviewImporter) -> (artifact id: 'c77ccf70421298ba0347f8730bafc7d2') in 0.0004809 seconds
Number of updated asset objects reloaded before import = 0Number of asset objects unloaded after import = 0

========================================================================
Received Prepare
Begin MonoManager ReloadAssembly
- Loaded All Assemblies, in  0.661 seconds
Refreshing native plugins compatible for Editor in 1.67 ms, found 4 plugins.
Native extension for WindowsStandalone target not found
[Package Manager] Failed to launch server process. Reason: Unity was launched with the -noUpm command-line argument
[Package Manager] Unable to send message (not connected to server process).
[Package Manager] Cannot connect to Unity Package Manager local server
The project currently uses the compatibility mode where the Render Graph API is disabled. Support for this mode will be removed in future Unity versions. Migrate existing ScriptableRenderPasses to the new RenderGraph API. After the migration, disable the compatibility mode in Edit > Projects Settings > Graphics > Render Graph.
UnityEngine.Debug:ExtractStackTraceNoAlloc (byte*,int,string)
UnityEngine.StackTraceUtility:ExtractStackTrace ()
UnityEngine.DebugLogHandler:Internal_Log (UnityEngine.LogType,UnityEngine.LogOption,string,UnityEngine.Object)
UnityEngine.DebugLogHandler:LogFormat (UnityEngine.LogType,UnityEngine.Object,string,object[])
UnityEngine.Logger:Log (UnityEngine.LogType,object)
UnityEngine.Debug:LogWarning (object)
UnityEngine.Rendering.Universal.WarnUsingNonRenderGraph:EmitConsoleWarning () (at ./Library/PackageCache/com.unity.render-pipelines.universal@2a2241f53fcd/Runtime/Data/UniversalRenderPipelineAsset.cs:427)
System.Reflection.RuntimeMethodInfo:Invoke (object,System.Reflection.BindingFlags,System.Reflection.Binder,object[],System.Globalization.CultureInfo)
System.Reflection.MethodBase:Invoke (object,object[])
UnityEditor.EditorAssemblies:ProcessInitializeOnLoadMethodAttributes ()

(Filename: ./Library/PackageCache/com.unity.render-pipelines.universal@2a2241f53fcd/Runtime/Data/UniversalRenderPipelineAsset.cs Line: 427)

Mono: successfully reloaded assembly
- Finished resetting the current domain, in  0.658 seconds
Domain Reload Profiling: 1316ms
	BeginReloadAssembly (195ms)
		ExecutionOrderSort (0ms)
		DisableScriptedObjects (21ms)
		BackupInstance (0ms)
		ReleaseScriptingObjects (0ms)
		CreateAndSetChildDomain (47ms)
	RebuildCommonClasses (40ms)
	RebuildNativeTypeToScriptingClass (10ms)
	initialDomainReloadingComplete (27ms)
	LoadAllAssembliesAndSetupDomain (383ms)
		LoadAssemblies (304ms)
		RebuildTransferFunctionScriptingTraits (0ms)
		AnalyzeDomain (159ms)
			TypeCache.Refresh (5ms)
				TypeCache.ScanAssembly (0ms)
			BuildScriptInfoCaches (141ms)
			ResolveRequiredComponents (10ms)
	FinalizeReload (659ms)
		ReleaseScriptCaches (0ms)
		RebuildScriptCaches (0ms)
		SetupLoadedEditorAssemblies (528ms)
			LogAssemblyErrors (0ms)
			InitializePlatformSupportModulesInManaged (2ms)
			SetLoadedEditorAssemblies (4ms)
			BeforeProcessingInitializeOnLoad (138ms)
			ProcessInitializeOnLoadAttributes (313ms)
			ProcessInitializeOnLoadMethodAttributes (61ms)
			AfterProcessingInitializeOnLoad (10ms)
			EditorAssembliesLoaded (0ms)
		ExecutionOrderSort2 (0ms)
		AwakeInstancesAfterBackupRestoration (15ms)
Refreshing native plugins compatible for Editor in 2.18 ms, found 4 plugins.
Preloading 0 native plugins for Editor in 0.00 ms.
Unloading 14 Unused Serialized files (Serialized files now loaded: 0)
Unloading 6447 unused Assets / (4.6 MB). Loaded Objects now: 7254.
Memory consumption went from 149.3 MB to 144.7 MB.
Total: 6.844900 ms (FindLiveObjects: 0.568800 ms CreateObjectMapping: 0.366000 ms MarkObjects: 3.911600 ms  DeleteObjects: 1.997800 ms)

Prepare: number of updated asset objects reloaded= 0
